[ 2018-01-28T07:47:19+08:00 ] 123.125.67.144 /
INFO: [ app_init ] --START--
INFO: Run Behavior\BuildLiteBehavior [ RunTime:0.000000s ]
INFO: [ app_init ] --END-- [ RunTime:0.000000s ]
INFO: [ app_begin ] --START--
INFO: Run Behavior\ReadHtmlCacheBehavior [ RunTime:0.000000s ]
INFO: [ app_begin ] --END-- [ RunTime:0.000000s ]
NOTIC: [8] Undefined index: usercode C:\article_wap\Application\Mobile\Controller\MobileBaseController.class.php 第 91 行.
NOTIC: [2] Invalid argument supplied for foreach() C:\article_wap\ThinkPHP\Library\Think\Db\Driver.class.php 第 546 行.
NOTIC: [8] Undefined variable: bannerBookList C:\article_wap\Application\Mobile\Controller\IndexController.class.php 第 46 行.
INFO: [ view_parse ] --START--
INFO: [ template_filter ] --START--
INFO: Run Behavior\ContentReplaceBehavior [ RunTime:0.000000s ]
INFO: [ template_filter ] --END-- [ RunTime:0.000000s ]
INFO: Run Behavior\ParseTemplateBehavior [ RunTime:0.015625s ]
INFO: [ view_parse ] --END-- [ RunTime:0.015625s ]
INFO: [ view_filter ] --START--
INFO: Run Behavior\WriteHtmlCacheBehavior [ RunTime:0.000000s ]
INFO: [ view_filter ] --END-- [ RunTime:0.000000s ]
INFO: [ app_end ] --START--
INFO: Run Behavior\ShowPageTraceBehavior [ RunTime:0.000000s ]
INFO: [ app_end ] --END-- [ RunTime:0.000000s ]

[ 2018-01-28T09:00:10+08:00 ] 220.181.51.102 /
INFO: [ app_init ] --START--
INFO: Run Behavior\BuildLiteBehavior [ RunTime:0.000000s ]
INFO: [ app_init ] --END-- [ RunTime:0.000000s ]
INFO: [ app_begin ] --START--
INFO: Run Behavior\ReadHtmlCacheBehavior [ RunTime:0.000000s ]
INFO: [ app_begin ] --END-- [ RunTime:0.000000s ]
NOTIC: [8] Undefined index: usercode C:\article_wap\Application\Mobile\Controller\MobileBaseController.class.php 第 91 行.
NOTIC: [2] Invalid argument supplied for foreach() C:\article_wap\ThinkPHP\Library\Think\Db\Driver.class.php 第 546 行.
NOTIC: [8] Undefined variable: bannerBookList C:\article_wap\Application\Mobile\Controller\IndexController.class.php 第 46 行.
INFO: [ view_parse ] --START--
INFO: [ template_filter ] --START--
INFO: Run Behavior\ContentReplaceBehavior [ RunTime:0.000000s ]
INFO: [ template_filter ] --END-- [ RunTime:0.000000s ]
INFO: Run Behavior\ParseTemplateBehavior [ RunTime:0.031250s ]
INFO: [ view_parse ] --END-- [ RunTime:0.031250s ]
INFO: [ view_filter ] --START--
INFO: Run Behavior\WriteHtmlCacheBehavior [ RunTime:0.000000s ]
INFO: [ view_filter ] --END-- [ RunTime:0.000000s ]
INFO: [ app_end ] --START--
INFO: Run Behavior\ShowPageTraceBehavior [ RunTime:0.000000s ]
INFO: [ app_end ] --END-- [ RunTime:0.000000s ]

[ 2018-01-28T14:14:42+08:00 ] 123.14.68.85 /
INFO: [ app_init ] --START--
INFO: Run Behavior\BuildLiteBehavior [ RunTime:0.000000s ]
INFO: [ app_init ] --END-- [ RunTime:0.000000s ]
INFO: [ app_begin ] --START--
INFO: Run Behavior\ReadHtmlCacheBehavior [ RunTime:0.000000s ]
INFO: [ app_begin ] --END-- [ RunTime:0.000000s ]
NOTIC: [8] Undefined index: usercode C:\article_wap\Application\Mobile\Controller\MobileBaseController.class.php 第 91 行.
NOTIC: [2] Invalid argument supplied for foreach() C:\article_wap\ThinkPHP\Library\Think\Db\Driver.class.php 第 546 行.
NOTIC: [8] Undefined variable: bannerBookList C:\article_wap\Application\Mobile\Controller\IndexController.class.php 第 46 行.
INFO: [ view_parse ] --START--
INFO: [ template_filter ] --START--
INFO: Run Behavior\ContentReplaceBehavior [ RunTime:0.000000s ]
INFO: [ template_filter ] --END-- [ RunTime:0.000000s ]
INFO: Run Behavior\ParseTemplateBehavior [ RunTime:0.031250s ]
INFO: [ view_parse ] --END-- [ RunTime:0.031250s ]
INFO: [ view_filter ] --START--
INFO: Run Behavior\WriteHtmlCacheBehavior [ RunTime:0.000000s ]
INFO: [ view_filter ] --END-- [ RunTime:0.000000s ]
INFO: [ app_end ] --START--
INFO: Run Behavior\ShowPageTraceBehavior [ RunTime:0.000000s ]
INFO: [ app_end ] --END-- [ RunTime:0.000000s ]

[ 2018-01-28T14:15:19+08:00 ] 123.14.68.85 /Index/getSortList.html
INFO: [ app_init ] --START--
INFO: Run Behavior\BuildLiteBehavior [ RunTime:0.000000s ]
INFO: [ app_init ] --END-- [ RunTime:0.000000s ]
INFO: [ app_begin ] --START--
INFO: Run Behavior\ReadHtmlCacheBehavior [ RunTime:0.000000s ]
INFO: [ app_begin ] --END-- [ RunTime:0.000000s ]
NOTIC: [8] Undefined index: channel C:\article_wap\Application\Mobile\Controller\MobileBaseController.class.php 第 175 行.
NOTIC: [8] Undefined index: usercode C:\article_wap\Application\Mobile\Controller\MobileBaseController.class.php 第 91 行.
NOTIC: [8] Undefined offset: 0 C:\article_wap\Application\Mobile\Controller\IndexController.class.php 第 103 行.
NOTIC: [2] Invalid argument supplied for foreach() C:\article_wap\Application\Common\Common\function.php 第 721 行.
NOTIC: [8] Undefined variable: resultBookList C:\article_wap\Application\Common\Common\function.php 第 741 行.
NOTIC: [8] Undefined offset: 0 C:\article_wap\Application\Mobile\Controller\IndexController.class.php 第 103 行.
NOTIC: [2] Invalid argument supplied for foreach() C:\article_wap\Application\Common\Common\function.php 第 721 行.
NOTIC: [8] Undefined variable: resultBookList C:\article_wap\Application\Common\Common\function.php 第 741 行.
NOTIC: [8] Undefined offset: 0 C:\article_wap\Application\Mobile\Controller\IndexController.class.php 第 103 行.
NOTIC: [2] Invalid argument supplied for foreach() C:\article_wap\Application\Common\Common\function.php 第 721 行.
NOTIC: [8] Undefined variable: resultBookList C:\article_wap\Application\Common\Common\function.php 第 741 行.
NOTIC: [8] Undefined offset: 0 C:\article_wap\Application\Mobile\Controller\IndexController.class.php 第 103 行.
NOTIC: [2] Invalid argument supplied for foreach() C:\article_wap\Application\Common\Common\function.php 第 721 行.
NOTIC: [8] Undefined variable: resultBookList C:\article_wap\Application\Common\Common\function.php 第 741 行.
NOTIC: [8] Undefined offset: 0 C:\article_wap\Application\Mobile\Controller\IndexController.class.php 第 103 行.
NOTIC: [2] Invalid argument supplied for foreach() C:\article_wap\Application\Common\Common\function.php 第 721 行.
NOTIC: [8] Undefined variable: resultBookList C:\article_wap\Application\Common\Common\function.php 第 741 行.
NOTIC: [8] Undefined offset: 0 C:\article_wap\Application\Mobile\Controller\IndexController.class.php 第 103 行.
NOTIC: [2] Invalid argument supplied for foreach() C:\article_wap\Application\Common\Common\function.php 第 721 行.
NOTIC: [8] Undefined variable: resultBookList C:\article_wap\Application\Common\Common\function.php 第 741 行.
NOTIC: [8] Undefined offset: 0 C:\article_wap\Application\Mobile\Controller\IndexController.class.php 第 103 行.
NOTIC: [2] Invalid argument supplied for foreach() C:\article_wap\Application\Common\Common\function.php 第 721 行.
NOTIC: [8] Undefined variable: resultBookList C:\article_wap\Application\Common\Common\function.php 第 741 行.
NOTIC: [8] Undefined offset: 0 C:\article_wap\Application\Mobile\Controller\IndexController.class.php 第 103 行.
NOTIC: [2] Invalid argument supplied for foreach() C:\article_wap\Application\Common\Common\function.php 第 721 行.
NOTIC: [8] Undefined variable: resultBookList C:\article_wap\Application\Common\Common\function.php 第 741 行.
NOTIC: [8] Undefined offset: 0 C:\article_wap\Application\Mobile\Controller\IndexController.class.php 第 103 行.
NOTIC: [2] Invalid argument supplied for foreach() C:\article_wap\Application\Common\Common\function.php 第 721 行.
NOTIC: [8] Undefined variable: resultBookList C:\article_wap\Application\Common\Common\function.php 第 741 行.
INFO: [ view_parse ] --START--
INFO: [ template_filter ] --START--
INFO: Run Behavior\ContentReplaceBehavior [ RunTime:0.000000s ]
INFO: [ template_filter ] --END-- [ RunTime:0.000000s ]
INFO: Run Behavior\ParseTemplateBehavior [ RunTime:0.015625s ]
INFO: [ view_parse ] --END-- [ RunTime:0.015625s ]
INFO: [ view_filter ] --START--
INFO: Run Behavior\WriteHtmlCacheBehavior [ RunTime:0.000000s ]
INFO: [ view_filter ] --END-- [ RunTime:0.000000s ]
INFO: [ app_end ] --START--
INFO: Run Behavior\ShowPageTraceBehavior [ RunTime:0.000000s ]
INFO: [ app_end ] --END-- [ RunTime:0.000000s ]

[ 2018-01-28T14:15:32+08:00 ] 123.14.68.85 /Index/index.html
INFO: [ app_init ] --START--
INFO: Run Behavior\BuildLiteBehavior [ RunTime:0.000000s ]
INFO: [ app_init ] --END-- [ RunTime:0.000000s ]
INFO: [ app_begin ] --START--
INFO: Run Behavior\ReadHtmlCacheBehavior [ RunTime:0.000000s ]
INFO: [ app_begin ] --END-- [ RunTime:0.000000s ]
NOTIC: [8] Undefined index: channel C:\article_wap\Application\Mobile\Controller\MobileBaseController.class.php 第 175 行.
NOTIC: [8] Undefined index: usercode C:\article_wap\Application\Mobile\Controller\MobileBaseController.class.php 第 91 行.
NOTIC: [2] Invalid argument supplied for foreach() C:\article_wap\ThinkPHP\Library\Think\Db\Driver.class.php 第 546 行.
NOTIC: [8] Undefined variable: bannerBookList C:\article_wap\Application\Mobile\Controller\IndexController.class.php 第 46 行.
INFO: [ view_parse ] --START--
INFO: [ template_filter ] --START--
INFO: Run Behavior\ContentReplaceBehavior [ RunTime:0.000000s ]
INFO: [ template_filter ] --END-- [ RunTime:0.000000s ]
INFO: Run Behavior\ParseTemplateBehavior [ RunTime:0.015625s ]
INFO: [ view_parse ] --END-- [ RunTime:0.015625s ]
INFO: [ view_filter ] --START--
INFO: Run Behavior\WriteHtmlCacheBehavior [ RunTime:0.000000s ]
INFO: [ view_filter ] --END-- [ RunTime:0.000000s ]
INFO: [ app_end ] --START--
INFO: Run Behavior\ShowPageTraceBehavior [ RunTime:0.000000s ]
INFO: [ app_end ] --END-- [ RunTime:0.000000s ]

[ 2018-01-28T14:21:54+08:00 ] 123.14.68.85 /
INFO: [ app_init ] --START--
INFO: Run Behavior\BuildLiteBehavior [ RunTime:0.000000s ]
INFO: [ app_init ] --END-- [ RunTime:0.000000s ]
INFO: [ app_begin ] --START--
INFO: Run Behavior\ReadHtmlCacheBehavior [ RunTime:0.000000s ]
INFO: [ app_begin ] --END-- [ RunTime:0.000000s ]
NOTIC: [8] Undefined index: usercode C:\article_wap\Application\Mobile\Controller\MobileBaseController.class.php 第 91 行.
NOTIC: [2] Invalid argument supplied for foreach() C:\article_wap\ThinkPHP\Library\Think\Db\Driver.class.php 第 546 行.
NOTIC: [8] Undefined variable: bannerBookList C:\article_wap\Application\Mobile\Controller\IndexController.class.php 第 46 行.
INFO: [ view_parse ] --START--
INFO: [ template_filter ] --START--
INFO: Run Behavior\ContentReplaceBehavior [ RunTime:0.000000s ]
INFO: [ template_filter ] --END-- [ RunTime:0.000000s ]
INFO: Run Behavior\ParseTemplateBehavior [ RunTime:0.015625s ]
INFO: [ view_parse ] --END-- [ RunTime:0.015625s ]
INFO: [ view_filter ] --START--
INFO: Run Behavior\WriteHtmlCacheBehavior [ RunTime:0.000000s ]
INFO: [ view_filter ] --END-- [ RunTime:0.000000s ]
INFO: [ app_end ] --START--
INFO: Run Behavior\ShowPageTraceBehavior [ RunTime:0.000000s ]
INFO: [ app_end ] --END-- [ RunTime:0.000000s ]

[ 2018-01-28T14:23:12+08:00 ] 106.39.190.103 /
INFO: [ app_init ] --START--
INFO: Run Behavior\BuildLiteBehavior [ RunTime:0.000000s ]
INFO: [ app_init ] --END-- [ RunTime:0.000000s ]
INFO: [ app_begin ] --START--
INFO: Run Behavior\ReadHtmlCacheBehavior [ RunTime:0.000000s ]
INFO: [ app_begin ] --END-- [ RunTime:0.000000s ]
NOTIC: [8] Undefined index: usercode C:\article_wap\Application\Mobile\Controller\MobileBaseController.class.php 第 91 行.
NOTIC: [2] Invalid argument supplied for foreach() C:\article_wap\ThinkPHP\Library\Think\Db\Driver.class.php 第 546 行.
NOTIC: [8] Undefined variable: bannerBookList C:\article_wap\Application\Mobile\Controller\IndexController.class.php 第 46 行.
INFO: [ view_parse ] --START--
INFO: [ template_filter ] --START--
INFO: Run Behavior\ContentReplaceBehavior [ RunTime:0.000000s ]
INFO: [ template_filter ] --END-- [ RunTime:0.000000s ]
INFO: Run Behavior\ParseTemplateBehavior [ RunTime:0.015625s ]
INFO: [ view_parse ] --END-- [ RunTime:0.015625s ]
INFO: [ view_filter ] --START--
INFO: Run Behavior\WriteHtmlCacheBehavior [ RunTime:0.000000s ]
INFO: [ view_filter ] --END-- [ RunTime:0.000000s ]
INFO: [ app_end ] --START--
INFO: Run Behavior\ShowPageTraceBehavior [ RunTime:0.000000s ]
INFO: [ app_end ] --END-- [ RunTime:0.000000s ]

[ 2018-01-28T14:23:26+08:00 ] 123.14.68.85 /Index/getHotCommendBookList/show_id/6.html
INFO: [ app_init ] --START--
INFO: Run Behavior\BuildLiteBehavior [ RunTime:0.000000s ]
INFO: [ app_init ] --END-- [ RunTime:0.000000s ]
INFO: [ app_begin ] --START--
INFO: Run Behavior\ReadHtmlCacheBehavior [ RunTime:0.000000s ]
INFO: [ app_begin ] --END-- [ RunTime:0.000000s ]
NOTIC: [8] Undefined index: channel C:\article_wap\Application\Mobile\Controller\MobileBaseController.class.php 第 175 行.
NOTIC: [8] Undefined index: usercode C:\article_wap\Application\Mobile\Controller\MobileBaseController.class.php 第 91 行.
INFO: [ view_parse ] --START--
INFO: [ template_filter ] --START--
INFO: Run Behavior\ContentReplaceBehavior [ RunTime:0.000000s ]
INFO: [ template_filter ] --END-- [ RunTime:0.000000s ]
INFO: Run Behavior\ParseTemplateBehavior [ RunTime:0.000000s ]
INFO: [ view_parse ] --END-- [ RunTime:0.000000s ]
INFO: [ view_filter ] --START--
INFO: Run Behavior\WriteHtmlCacheBehavior [ RunTime:0.000000s ]
INFO: [ view_filter ] --END-- [ RunTime:0.000000s ]
INFO: [ app_end ] --START--
INFO: Run Behavior\ShowPageTraceBehavior [ RunTime:0.000000s ]
INFO: [ app_end ] --END-- [ RunTime:0.000000s ]

[ 2018-01-28T14:23:30+08:00 ] 123.14.68.85 /Index/getSortList.html
INFO: [ app_init ] --START--
INFO: Run Behavior\BuildLiteBehavior [ RunTime:0.000000s ]
INFO: [ app_init ] --END-- [ RunTime:0.000000s ]
INFO: [ app_begin ] --START--
INFO: Run Behavior\ReadHtmlCacheBehavior [ RunTime:0.000000s ]
INFO: [ app_begin ] --END-- [ RunTime:0.000000s ]
NOTIC: [8] Undefined index: channel C:\article_wap\Application\Mobile\Controller\MobileBaseController.class.php 第 175 行.
NOTIC: [8] Undefined index: usercode C:\article_wap\Application\Mobile\Controller\MobileBaseController.class.php 第 91 行.
NOTIC: [8] Undefined offset: 0 C:\article_wap\Application\Mobile\Controller\IndexController.class.php 第 103 行.
NOTIC: [2] Invalid argument supplied for foreach() C:\article_wap\Application\Common\Common\function.php 第 721 行.
NOTIC: [8] Undefined variable: resultBookList C:\article_wap\Application\Common\Common\function.php 第 741 行.
NOTIC: [8] Undefined offset: 0 C:\article_wap\Application\Mobile\Controller\IndexController.class.php 第 103 行.
NOTIC: [2] Invalid argument supplied for foreach() C:\article_wap\Application\Common\Common\function.php 第 721 行.
NOTIC: [8] Undefined variable: resultBookList C:\article_wap\Application\Common\Common\function.php 第 741 行.
NOTIC: [8] Undefined offset: 0 C:\article_wap\Application\Mobile\Controller\IndexController.class.php 第 103 行.
NOTIC: [2] Invalid argument supplied for foreach() C:\article_wap\Application\Common\Common\function.php 第 721 行.
NOTIC: [8] Undefined variable: resultBookList C:\article_wap\Application\Common\Common\function.php 第 741 行.
NOTIC: [8] Undefined offset: 0 C:\article_wap\Application\Mobile\Controller\IndexController.class.php 第 103 行.
NOTIC: [2] Invalid argument supplied for foreach() C:\article_wap\Application\Common\Common\function.php 第 721 行.
NOTIC: [8] Undefined variable: resultBookList C:\article_wap\Application\Common\Common\function.php 第 741 行.
NOTIC: [8] Undefined offset: 0 C:\article_wap\Application\Mobile\Controller\IndexController.class.php 第 103 行.
NOTIC: [2] Invalid argument supplied for foreach() C:\article_wap\Application\Common\Common\function.php 第 721 行.
NOTIC: [8] Undefined variable: resultBookList C:\article_wap\Application\Common\Common\function.php 第 741 行.
NOTIC: [8] Undefined offset: 0 C:\article_wap\Application\Mobile\Controller\IndexController.class.php 第 103 行.
NOTIC: [2] Invalid argument supplied for foreach() C:\article_wap\Application\Common\Common\function.php 第 721 行.
NOTIC: [8] Undefined variable: resultBookList C:\article_wap\Application\Common\Common\function.php 第 741 行.
NOTIC: [8] Undefined offset: 0 C:\article_wap\Application\Mobile\Controller\IndexController.class.php 第 103 行.
NOTIC: [2] Invalid argument supplied for foreach() C:\article_wap\Application\Common\Common\function.php 第 721 行.
NOTIC: [8] Undefined variable: resultBookList C:\article_wap\Application\Common\Common\function.php 第 741 行.
NOTIC: [8] Undefined offset: 0 C:\article_wap\Application\Mobile\Controller\IndexController.class.php 第 103 行.
NOTIC: [2] Invalid argument supplied for foreach() C:\article_wap\Application\Common\Common\function.php 第 721 行.
NOTIC: [8] Undefined variable: resultBookList C:\article_wap\Application\Common\Common\function.php 第 741 行.
NOTIC: [8] Undefined offset: 0 C:\article_wap\Application\Mobile\Controller\IndexController.class.php 第 103 行.
NOTIC: [2] Invalid argument supplied for foreach() C:\article_wap\Application\Common\Common\function.php 第 721 行.
NOTIC: [8] Undefined variable: resultBookList C:\article_wap\Application\Common\Common\function.php 第 741 行.
INFO: [ view_parse ] --START--
INFO: [ template_filter ] --START--
INFO: Run Behavior\ContentReplaceBehavior [ RunTime:0.000000s ]
INFO: [ template_filter ] --END-- [ RunTime:0.000000s ]
INFO: Run Behavior\ParseTemplateBehavior [ RunTime:0.015625s ]
INFO: [ view_parse ] --END-- [ RunTime:0.015625s ]
INFO: [ view_filter ] --START--
INFO: Run Behavior\WriteHtmlCacheBehavior [ RunTime:0.000000s ]
INFO: [ view_filter ] --END-- [ RunTime:0.000000s ]
INFO: [ app_end ] --START--
INFO: Run Behavior\ShowPageTraceBehavior [ RunTime:0.000000s ]
INFO: [ app_end ] --END-- [ RunTime:0.000000s ]

[ 2018-01-28T14:24:56+08:00 ] 123.14.68.85 /Index/index.html
INFO: [ app_init ] --START--
INFO: Run Behavior\BuildLiteBehavior [ RunTime:0.000000s ]
INFO: [ app_init ] --END-- [ RunTime:0.000000s ]
INFO: [ app_begin ] --START--
INFO: Run Behavior\ReadHtmlCacheBehavior [ RunTime:0.000000s ]
INFO: [ app_begin ] --END-- [ RunTime:0.000000s ]
NOTIC: [8] Undefined index: channel C:\article_wap\Application\Mobile\Controller\MobileBaseController.class.php 第 175 行.
NOTIC: [8] Undefined index: usercode C:\article_wap\Application\Mobile\Controller\MobileBaseController.class.php 第 91 行.
NOTIC: [2] Invalid argument supplied for foreach() C:\article_wap\ThinkPHP\Library\Think\Db\Driver.class.php 第 546 行.
NOTIC: [8] Undefined variable: bannerBookList C:\article_wap\Application\Mobile\Controller\IndexController.class.php 第 46 行.
INFO: [ view_parse ] --START--
INFO: [ template_filter ] --START--
INFO: Run Behavior\ContentReplaceBehavior [ RunTime:0.000000s ]
INFO: [ template_filter ] --END-- [ RunTime:0.000000s ]
INFO: Run Behavior\ParseTemplateBehavior [ RunTime:0.015625s ]
INFO: [ view_parse ] --END-- [ RunTime:0.015625s ]
INFO: [ view_filter ] --START--
INFO: Run Behavior\WriteHtmlCacheBehavior [ RunTime:0.000000s ]
INFO: [ view_filter ] --END-- [ RunTime:0.000000s ]
INFO: [ app_end ] --START--
INFO: Run Behavior\ShowPageTraceBehavior [ RunTime:0.000000s ]
INFO: [ app_end ] --END-- [ RunTime:0.000000s ]

[ 2018-01-28T14:29:23+08:00 ] 123.14.68.85 /
INFO: [ app_init ] --START--
INFO: Run Behavior\BuildLiteBehavior [ RunTime:0.000000s ]
INFO: [ app_init ] --END-- [ RunTime:0.000000s ]
INFO: [ app_begin ] --START--
INFO: Run Behavior\ReadHtmlCacheBehavior [ RunTime:0.000000s ]
INFO: [ app_begin ] --END-- [ RunTime:0.000000s ]
NOTIC: [8] Undefined index: usercode C:\article_wap\Application\Mobile\Controller\MobileBaseController.class.php 第 91 行.
NOTIC: [2] Invalid argument supplied for foreach() C:\article_wap\ThinkPHP\Library\Think\Db\Driver.class.php 第 546 行.
NOTIC: [8] Undefined variable: bannerBookList C:\article_wap\Application\Mobile\Controller\IndexController.class.php 第 46 行.
INFO: [ view_parse ] --START--
INFO: [ template_filter ] --START--
INFO: Run Behavior\ContentReplaceBehavior [ RunTime:0.000000s ]
INFO: [ template_filter ] --END-- [ RunTime:0.000000s ]
INFO: Run Behavior\ParseTemplateBehavior [ RunTime:0.015625s ]
INFO: [ view_parse ] --END-- [ RunTime:0.015625s ]
INFO: [ view_filter ] --START--
INFO: Run Behavior\WriteHtmlCacheBehavior [ RunTime:0.000000s ]
INFO: [ view_filter ] --END-- [ RunTime:0.000000s ]
INFO: [ app_end ] --START--
INFO: Run Behavior\ShowPageTraceBehavior [ RunTime:0.000000s ]
INFO: [ app_end ] --END-- [ RunTime:0.000000s ]

[ 2018-01-28T14:29:25+08:00 ] 123.14.68.85 /Index/index.html
INFO: [ app_init ] --START--
INFO: Run Behavior\BuildLiteBehavior [ RunTime:0.000000s ]
INFO: [ app_init ] --END-- [ RunTime:0.000000s ]
INFO: [ app_begin ] --START--
INFO: Run Behavior\ReadHtmlCacheBehavior [ RunTime:0.000000s ]
INFO: [ app_begin ] --END-- [ RunTime:0.000000s ]
NOTIC: [8] Undefined index: channel C:\article_wap\Application\Mobile\Controller\MobileBaseController.class.php 第 175 行.
NOTIC: [8] Undefined index: usercode C:\article_wap\Application\Mobile\Controller\MobileBaseController.class.php 第 91 行.
NOTIC: [2] Invalid argument supplied for foreach() C:\article_wap\ThinkPHP\Library\Think\Db\Driver.class.php 第 546 行.
NOTIC: [8] Undefined variable: bannerBookList C:\article_wap\Application\Mobile\Controller\IndexController.class.php 第 46 行.
INFO: [ view_parse ] --START--
INFO: [ template_filter ] --START--
INFO: Run Behavior\ContentReplaceBehavior [ RunTime:0.000000s ]
INFO: [ template_filter ] --END-- [ RunTime:0.000000s ]
INFO: Run Behavior\ParseTemplateBehavior [ RunTime:0.015625s ]
INFO: [ view_parse ] --END-- [ RunTime:0.015625s ]
INFO: [ view_filter ] --START--
INFO: Run Behavior\WriteHtmlCacheBehavior [ RunTime:0.000000s ]
INFO: [ view_filter ] --END-- [ RunTime:0.000000s ]
INFO: [ app_end ] --START--
INFO: Run Behavior\ShowPageTraceBehavior [ RunTime:0.000000s ]
INFO: [ app_end ] --END-- [ RunTime:0.000000s ]

[ 2018-01-28T14:29:33+08:00 ] 123.14.68.85 /Index/index.html
INFO: [ app_init ] --START--
INFO: Run Behavior\BuildLiteBehavior [ RunTime:0.000000s ]
INFO: [ app_init ] --END-- [ RunTime:0.000000s ]
INFO: [ app_begin ] --START--
INFO: Run Behavior\ReadHtmlCacheBehavior [ RunTime:0.000000s ]
INFO: [ app_begin ] --END-- [ RunTime:0.000000s ]
NOTIC: [8] Undefined index: channel C:\article_wap\Application\Mobile\Controller\MobileBaseController.class.php 第 175 行.
NOTIC: [8] Undefined index: usercode C:\article_wap\Application\Mobile\Controller\MobileBaseController.class.php 第 91 行.
NOTIC: [2] Invalid argument supplied for foreach() C:\article_wap\ThinkPHP\Library\Think\Db\Driver.class.php 第 546 行.
NOTIC: [8] Undefined variable: bannerBookList C:\article_wap\Application\Mobile\Controller\IndexController.class.php 第 46 行.
INFO: [ view_parse ] --START--
INFO: [ template_filter ] --START--
INFO: Run Behavior\ContentReplaceBehavior [ RunTime:0.000000s ]
INFO: [ template_filter ] --END-- [ RunTime:0.000000s ]
INFO: Run Behavior\ParseTemplateBehavior [ RunTime:0.015625s ]
INFO: [ view_parse ] --END-- [ RunTime:0.015625s ]
INFO: [ view_filter ] --START--
INFO: Run Behavior\WriteHtmlCacheBehavior [ RunTime:0.000000s ]
INFO: [ view_filter ] --END-- [ RunTime:0.000000s ]
INFO: [ app_end ] --START--
INFO: Run Behavior\ShowPageTraceBehavior [ RunTime:0.000000s ]
INFO: [ app_end ] --END-- [ RunTime:0.000000s ]

[ 2018-01-28T14:29:45+08:00 ] 123.14.68.85 /
INFO: [ app_init ] --START--
INFO: Run Behavior\BuildLiteBehavior [ RunTime:0.000000s ]
INFO: [ app_init ] --END-- [ RunTime:0.000000s ]
INFO: [ app_begin ] --START--
INFO: Run Behavior\ReadHtmlCacheBehavior [ RunTime:0.000000s ]
INFO: [ app_begin ] --END-- [ RunTime:0.000000s ]
NOTIC: [8] Undefined index: usercode C:\article_wap\Application\Mobile\Controller\MobileBaseController.class.php 第 91 行.
NOTIC: [2] Invalid argument supplied for foreach() C:\article_wap\ThinkPHP\Library\Think\Db\Driver.class.php 第 546 行.
NOTIC: [8] Undefined variable: bannerBookList C:\article_wap\Application\Mobile\Controller\IndexController.class.php 第 46 行.
INFO: [ view_parse ] --START--
INFO: [ template_filter ] --START--
INFO: Run Behavior\ContentReplaceBehavior [ RunTime:0.000000s ]
INFO: [ template_filter ] --END-- [ RunTime:0.000000s ]
INFO: Run Behavior\ParseTemplateBehavior [ RunTime:0.015625s ]
INFO: [ view_parse ] --END-- [ RunTime:0.015625s ]
INFO: [ view_filter ] --START--
INFO: Run Behavior\WriteHtmlCacheBehavior [ RunTime:0.000000s ]
INFO: [ view_filter ] --END-- [ RunTime:0.000000s ]
INFO: [ app_end ] --START--
INFO: Run Behavior\ShowPageTraceBehavior [ RunTime:0.000000s ]
INFO: [ app_end ] --END-- [ RunTime:0.000000s ]

[ 2018-01-28T14:29:52+08:00 ] 123.14.68.85 /
INFO: [ app_init ] --START--
INFO: Run Behavior\BuildLiteBehavior [ RunTime:0.000000s ]
INFO: [ app_init ] --END-- [ RunTime:0.000000s ]
INFO: [ app_begin ] --START--
INFO: Run Behavior\ReadHtmlCacheBehavior [ RunTime:0.000000s ]
INFO: [ app_begin ] --END-- [ RunTime:0.000000s ]
NOTIC: [8] Undefined index: usercode C:\article_wap\Application\Mobile\Controller\MobileBaseController.class.php 第 91 行.
NOTIC: [2] Invalid argument supplied for foreach() C:\article_wap\ThinkPHP\Library\Think\Db\Driver.class.php 第 546 行.
NOTIC: [8] Undefined variable: bannerBookList C:\article_wap\Application\Mobile\Controller\IndexController.class.php 第 46 行.
INFO: [ view_parse ] --START--
INFO: [ template_filter ] --START--
INFO: Run Behavior\ContentReplaceBehavior [ RunTime:0.000000s ]
INFO: [ template_filter ] --END-- [ RunTime:0.000000s ]
INFO: Run Behavior\ParseTemplateBehavior [ RunTime:0.015625s ]
INFO: [ view_parse ] --END-- [ RunTime:0.015625s ]
INFO: [ view_filter ] --START--
INFO: Run Behavior\WriteHtmlCacheBehavior [ RunTime:0.000000s ]
INFO: [ view_filter ] --END-- [ RunTime:0.000000s ]
INFO: [ app_end ] --START--
INFO: Run Behavior\ShowPageTraceBehavior [ RunTime:0.000000s ]
INFO: [ app_end ] --END-- [ RunTime:0.000000s ]

[ 2018-01-28T14:29:53+08:00 ] 123.14.68.85 /
INFO: [ app_init ] --START--
INFO: Run Behavior\BuildLiteBehavior [ RunTime:0.000000s ]
INFO: [ app_init ] --END-- [ RunTime:0.000000s ]
INFO: [ app_begin ] --START--
INFO: Run Behavior\ReadHtmlCacheBehavior [ RunTime:0.015625s ]
INFO: [ app_begin ] --END-- [ RunTime:0.015625s ]
NOTIC: [8] Undefined index: usercode C:\article_wap\Application\Mobile\Controller\MobileBaseController.class.php 第 91 行.
NOTIC: [2] Invalid argument supplied for foreach() C:\article_wap\ThinkPHP\Library\Think\Db\Driver.class.php 第 546 行.
NOTIC: [8] Undefined variable: bannerBookList C:\article_wap\Application\Mobile\Controller\IndexController.class.php 第 46 行.
INFO: [ view_parse ] --START--
INFO: [ template_filter ] --START--
INFO: Run Behavior\ContentReplaceBehavior [ RunTime:0.000000s ]
INFO: [ template_filter ] --END-- [ RunTime:0.000000s ]
INFO: Run Behavior\ParseTemplateBehavior [ RunTime:0.015625s ]
INFO: [ view_parse ] --END-- [ RunTime:0.015625s ]
INFO: [ view_filter ] --START--
INFO: Run Behavior\WriteHtmlCacheBehavior [ RunTime:0.000000s ]
INFO: [ view_filter ] --END-- [ RunTime:0.000000s ]
INFO: [ app_end ] --START--
INFO: Run Behavior\ShowPageTraceBehavior [ RunTime:0.000000s ]
INFO: [ app_end ] --END-- [ RunTime:0.000000s ]

[ 2018-01-28T14:30:12+08:00 ] 123.14.68.85 /
INFO: [ app_init ] --START--
INFO: Run Behavior\BuildLiteBehavior [ RunTime:0.000000s ]
INFO: [ app_init ] --END-- [ RunTime:0.000000s ]
INFO: [ app_begin ] --START--
INFO: Run Behavior\ReadHtmlCacheBehavior [ RunTime:0.000000s ]
INFO: [ app_begin ] --END-- [ RunTime:0.000000s ]
NOTIC: [8] Undefined index: usercode C:\article_wap\Application\Mobile\Controller\MobileBaseController.class.php 第 91 行.
NOTIC: [2] Invalid argument supplied for foreach() C:\article_wap\ThinkPHP\Library\Think\Db\Driver.class.php 第 546 行.
NOTIC: [8] Undefined variable: bannerBookList C:\article_wap\Application\Mobile\Controller\IndexController.class.php 第 46 行.
INFO: [ view_parse ] --START--
INFO: [ template_filter ] --START--
INFO: Run Behavior\ContentReplaceBehavior [ RunTime:0.000000s ]
INFO: [ template_filter ] --END-- [ RunTime:0.000000s ]
INFO: Run Behavior\ParseTemplateBehavior [ RunTime:0.015625s ]
INFO: [ view_parse ] --END-- [ RunTime:0.015625s ]
INFO: [ view_filter ] --START--
INFO: Run Behavior\WriteHtmlCacheBehavior [ RunTime:0.000000s ]
INFO: [ view_filter ] --END-- [ RunTime:0.000000s ]
INFO: [ app_end ] --START--
INFO: Run Behavior\ShowPageTraceBehavior [ RunTime:0.000000s ]
INFO: [ app_end ] --END-- [ RunTime:0.000000s ]

[ 2018-01-28T14:30:18+08:00 ] 123.14.68.85 /
INFO: [ app_init ] --START--
INFO: Run Behavior\BuildLiteBehavior [ RunTime:0.000000s ]
INFO: [ app_init ] --END-- [ RunTime:0.000000s ]
INFO: [ app_begin ] --START--
INFO: Run Behavior\ReadHtmlCacheBehavior [ RunTime:0.000000s ]
INFO: [ app_begin ] --END-- [ RunTime:0.000000s ]
NOTIC: [8] Undefined index: usercode C:\article_wap\Application\Mobile\Controller\MobileBaseController.class.php 第 91 行.
NOTIC: [2] Invalid argument supplied for foreach() C:\article_wap\ThinkPHP\Library\Think\Db\Driver.class.php 第 546 行.
NOTIC: [8] Undefined variable: bannerBookList C:\article_wap\Application\Mobile\Controller\IndexController.class.php 第 46 行.
INFO: [ view_parse ] --START--
INFO: [ template_filter ] --START--
INFO: Run Behavior\ContentReplaceBehavior [ RunTime:0.000000s ]
INFO: [ template_filter ] --END-- [ RunTime:0.000000s ]
INFO: Run Behavior\ParseTemplateBehavior [ RunTime:0.015625s ]
INFO: [ view_parse ] --END-- [ RunTime:0.015625s ]
INFO: [ view_filter ] --START--
INFO: Run Behavior\WriteHtmlCacheBehavior [ RunTime:0.000000s ]
INFO: [ view_filter ] --END-- [ RunTime:0.000000s ]
INFO: [ app_end ] --START--
INFO: Run Behavior\ShowPageTraceBehavior [ RunTime:0.000000s ]
INFO: [ app_end ] --END-- [ RunTime:0.000000s ]

[ 2018-01-28T14:30:19+08:00 ] 123.14.68.85 /
INFO: [ app_init ] --START--
INFO: Run Behavior\BuildLiteBehavior [ RunTime:0.000000s ]
INFO: [ app_init ] --END-- [ RunTime:0.000000s ]
INFO: [ app_begin ] --START--
INFO: Run Behavior\ReadHtmlCacheBehavior [ RunTime:0.000000s ]
INFO: [ app_begin ] --END-- [ RunTime:0.000000s ]
NOTIC: [8] Undefined index: usercode C:\article_wap\Application\Mobile\Controller\MobileBaseController.class.php 第 91 行.
NOTIC: [2] Invalid argument supplied for foreach() C:\article_wap\ThinkPHP\Library\Think\Db\Driver.class.php 第 546 行.
NOTIC: [8] Undefined variable: bannerBookList C:\article_wap\Application\Mobile\Controller\IndexController.class.php 第 46 行.
INFO: [ view_parse ] --START--
INFO: [ template_filter ] --START--
INFO: Run Behavior\ContentReplaceBehavior [ RunTime:0.000000s ]
INFO: [ template_filter ] --END-- [ RunTime:0.000000s ]
INFO: Run Behavior\ParseTemplateBehavior [ RunTime:0.015625s ]
INFO: [ view_parse ] --END-- [ RunTime:0.015625s ]
INFO: [ view_filter ] --START--
INFO: Run Behavior\WriteHtmlCacheBehavior [ RunTime:0.000000s ]
INFO: [ view_filter ] --END-- [ RunTime:0.000000s ]
INFO: [ app_end ] --START--
INFO: Run Behavior\ShowPageTraceBehavior [ RunTime:0.000000s ]
INFO: [ app_end ] --END-- [ RunTime:0.000000s ]

[ 2018-01-28T14:30:43+08:00 ] 123.14.68.85 /
INFO: [ app_init ] --START--
INFO: Run Behavior\BuildLiteBehavior [ RunTime:0.000000s ]
INFO: [ app_init ] --END-- [ RunTime:0.000000s ]
INFO: [ app_begin ] --START--
INFO: Run Behavior\ReadHtmlCacheBehavior [ RunTime:0.000000s ]
INFO: [ app_begin ] --END-- [ RunTime:0.000000s ]
NOTIC: [8] Undefined index: usercode C:\article_wap\Application\Mobile\Controller\MobileBaseController.class.php 第 91 行.
NOTIC: [2] Invalid argument supplied for foreach() C:\article_wap\ThinkPHP\Library\Think\Db\Driver.class.php 第 546 行.
NOTIC: [8] Undefined variable: bannerBookList C:\article_wap\Application\Mobile\Controller\IndexController.class.php 第 46 行.
INFO: [ view_parse ] --START--
INFO: [ template_filter ] --START--
INFO: Run Behavior\ContentReplaceBehavior [ RunTime:0.000000s ]
INFO: [ template_filter ] --END-- [ RunTime:0.000000s ]
INFO: Run Behavior\ParseTemplateBehavior [ RunTime:0.015625s ]
INFO: [ view_parse ] --END-- [ RunTime:0.015625s ]
INFO: [ view_filter ] --START--
INFO: Run Behavior\WriteHtmlCacheBehavior [ RunTime:0.000000s ]
INFO: [ view_filter ] --END-- [ RunTime:0.000000s ]
INFO: [ app_end ] --START--
INFO: Run Behavior\ShowPageTraceBehavior [ RunTime:0.000000s ]
INFO: [ app_end ] --END-- [ RunTime:0.000000s ]

[ 2018-01-28T14:30:44+08:00 ] 123.14.68.85 /
INFO: [ app_init ] --START--
INFO: Run Behavior\BuildLiteBehavior [ RunTime:0.000000s ]
INFO: [ app_init ] --END-- [ RunTime:0.000000s ]
INFO: [ app_begin ] --START--
INFO: Run Behavior\ReadHtmlCacheBehavior [ RunTime:0.000000s ]
INFO: [ app_begin ] --END-- [ RunTime:0.000000s ]
NOTIC: [8] Undefined index: usercode C:\article_wap\Application\Mobile\Controller\MobileBaseController.class.php 第 91 行.
NOTIC: [2] Invalid argument supplied for foreach() C:\article_wap\ThinkPHP\Library\Think\Db\Driver.class.php 第 546 行.
NOTIC: [8] Undefined variable: bannerBookList C:\article_wap\Application\Mobile\Controller\IndexController.class.php 第 46 行.
INFO: [ view_parse ] --START--
INFO: [ template_filter ] --START--
INFO: Run Behavior\ContentReplaceBehavior [ RunTime:0.000000s ]
INFO: [ template_filter ] --END-- [ RunTime:0.000000s ]
INFO: Run Behavior\ParseTemplateBehavior [ RunTime:0.015625s ]
INFO: [ view_parse ] --END-- [ RunTime:0.015625s ]
INFO: [ view_filter ] --START--
INFO: Run Behavior\WriteHtmlCacheBehavior [ RunTime:0.000000s ]
INFO: [ view_filter ] --END-- [ RunTime:0.000000s ]
INFO: [ app_end ] --START--
INFO: Run Behavior\ShowPageTraceBehavior [ RunTime:0.000000s ]
INFO: [ app_end ] --END-- [ RunTime:0.000000s ]

[ 2018-01-28T14:30:44+08:00 ] 123.14.68.85 /
INFO: [ app_init ] --START--
INFO: Run Behavior\BuildLiteBehavior [ RunTime:0.000000s ]
INFO: [ app_init ] --END-- [ RunTime:0.000000s ]
INFO: [ app_begin ] --START--
INFO: Run Behavior\ReadHtmlCacheBehavior [ RunTime:0.000000s ]
INFO: [ app_begin ] --END-- [ RunTime:0.000000s ]
NOTIC: [8] Undefined index: usercode C:\article_wap\Application\Mobile\Controller\MobileBaseController.class.php 第 91 行.
NOTIC: [2] Invalid argument supplied for foreach() C:\article_wap\ThinkPHP\Library\Think\Db\Driver.class.php 第 546 行.
NOTIC: [8] Undefined variable: bannerBookList C:\article_wap\Application\Mobile\Controller\IndexController.class.php 第 46 行.
INFO: [ view_parse ] --START--
INFO: [ template_filter ] --START--
INFO: Run Behavior\ContentReplaceBehavior [ RunTime:0.000000s ]
INFO: [ template_filter ] --END-- [ RunTime:0.000000s ]
INFO: Run Behavior\ParseTemplateBehavior [ RunTime:0.015625s ]
INFO: [ view_parse ] --END-- [ RunTime:0.015625s ]
INFO: [ view_filter ] --START--
INFO: Run Behavior\WriteHtmlCacheBehavior [ RunTime:0.000000s ]
INFO: [ view_filter ] --END-- [ RunTime:0.000000s ]
INFO: [ app_end ] --START--
INFO: Run Behavior\ShowPageTraceBehavior [ RunTime:0.000000s ]
INFO: [ app_end ] --END-- [ RunTime:0.000000s ]

[ 2018-01-28T14:30:45+08:00 ] 123.14.68.85 /
INFO: [ app_init ] --START--
INFO: Run Behavior\BuildLiteBehavior [ RunTime:0.000000s ]
INFO: [ app_init ] --END-- [ RunTime:0.000000s ]
INFO: [ app_begin ] --START--
INFO: Run Behavior\ReadHtmlCacheBehavior [ RunTime:0.000000s ]
INFO: [ app_begin ] --END-- [ RunTime:0.000000s ]
NOTIC: [8] Undefined index: usercode C:\article_wap\Application\Mobile\Controller\MobileBaseController.class.php 第 91 行.
NOTIC: [2] Invalid argument supplied for foreach() C:\article_wap\ThinkPHP\Library\Think\Db\Driver.class.php 第 546 行.
NOTIC: [8] Undefined variable: bannerBookList C:\article_wap\Application\Mobile\Controller\IndexController.class.php 第 46 行.
INFO: [ view_parse ] --START--
INFO: [ template_filter ] --START--
INFO: Run Behavior\ContentReplaceBehavior [ RunTime:0.000000s ]
INFO: [ template_filter ] --END-- [ RunTime:0.000000s ]
INFO: Run Behavior\ParseTemplateBehavior [ RunTime:0.000000s ]
INFO: [ view_parse ] --END-- [ RunTime:0.000000s ]
INFO: [ view_filter ] --START--
INFO: Run Behavior\WriteHtmlCacheBehavior [ RunTime:0.015625s ]
INFO: [ view_filter ] --END-- [ RunTime:0.015625s ]
INFO: [ app_end ] --START--
INFO: Run Behavior\ShowPageTraceBehavior [ RunTime:0.000000s ]
INFO: [ app_end ] --END-- [ RunTime:0.000000s ]

[ 2018-01-28T14:30:45+08:00 ] 123.14.68.85 /
INFO: [ app_init ] --START--
INFO: Run Behavior\BuildLiteBehavior [ RunTime:0.000000s ]
INFO: [ app_init ] --END-- [ RunTime:0.000000s ]
INFO: [ app_begin ] --START--
INFO: Run Behavior\ReadHtmlCacheBehavior [ RunTime:0.000000s ]
INFO: [ app_begin ] --END-- [ RunTime:0.000000s ]
NOTIC: [8] Undefined index: usercode C:\article_wap\Application\Mobile\Controller\MobileBaseController.class.php 第 91 行.
NOTIC: [2] Invalid argument supplied for foreach() C:\article_wap\ThinkPHP\Library\Think\Db\Driver.class.php 第 546 行.
NOTIC: [8] Undefined variable: bannerBookList C:\article_wap\Application\Mobile\Controller\IndexController.class.php 第 46 行.
INFO: [ view_parse ] --START--
INFO: [ template_filter ] --START--
INFO: Run Behavior\ContentReplaceBehavior [ RunTime:0.000000s ]
INFO: [ template_filter ] --END-- [ RunTime:0.000000s ]
INFO: Run Behavior\ParseTemplateBehavior [ RunTime:0.000000s ]
INFO: [ view_parse ] --END-- [ RunTime:0.000000s ]
INFO: [ view_filter ] --START--
INFO: Run Behavior\WriteHtmlCacheBehavior [ RunTime:0.000000s ]
INFO: [ view_filter ] --END-- [ RunTime:0.000000s ]
INFO: [ app_end ] --START--
INFO: Run Behavior\ShowPageTraceBehavior [ RunTime:0.000000s ]
INFO: [ app_end ] --END-- [ RunTime:0.000000s ]

[ 2018-01-28T14:30:46+08:00 ] 123.14.68.85 /
INFO: [ app_init ] --START--
INFO: Run Behavior\BuildLiteBehavior [ RunTime:0.000000s ]
INFO: [ app_init ] --END-- [ RunTime:0.000000s ]
INFO: [ app_begin ] --START--
INFO: Run Behavior\ReadHtmlCacheBehavior [ RunTime:0.000000s ]
INFO: [ app_begin ] --END-- [ RunTime:0.000000s ]
NOTIC: [8] Undefined index: usercode C:\article_wap\Application\Mobile\Controller\MobileBaseController.class.php 第 91 行.
NOTIC: [2] Invalid argument supplied for foreach() C:\article_wap\ThinkPHP\Library\Think\Db\Driver.class.php 第 546 行.
NOTIC: [8] Undefined variable: bannerBookList C:\article_wap\Application\Mobile\Controller\IndexController.class.php 第 46 行.
INFO: [ view_parse ] --START--
INFO: [ template_filter ] --START--
INFO: Run Behavior\ContentReplaceBehavior [ RunTime:0.000000s ]
INFO: [ template_filter ] --END-- [ RunTime:0.000000s ]
INFO: Run Behavior\ParseTemplateBehavior [ RunTime:0.015625s ]
INFO: [ view_parse ] --END-- [ RunTime:0.015625s ]
INFO: [ view_filter ] --START--
INFO: Run Behavior\WriteHtmlCacheBehavior [ RunTime:0.000000s ]
INFO: [ view_filter ] --END-- [ RunTime:0.000000s ]
INFO: [ app_end ] --START--
INFO: Run Behavior\ShowPageTraceBehavior [ RunTime:0.000000s ]
INFO: [ app_end ] --END-- [ RunTime:0.000000s ]

[ 2018-01-28T14:30:46+08:00 ] 123.14.68.85 /
INFO: [ app_init ] --START--
INFO: Run Behavior\BuildLiteBehavior [ RunTime:0.000000s ]
INFO: [ app_init ] --END-- [ RunTime:0.000000s ]
INFO: [ app_begin ] --START--
INFO: Run Behavior\ReadHtmlCacheBehavior [ RunTime:0.000000s ]
INFO: [ app_begin ] --END-- [ RunTime:0.000000s ]
NOTIC: [8] Undefined index: usercode C:\article_wap\Application\Mobile\Controller\MobileBaseController.class.php 第 91 行.
NOTIC: [2] Invalid argument supplied for foreach() C:\article_wap\ThinkPHP\Library\Think\Db\Driver.class.php 第 546 行.
NOTIC: [8] Undefined variable: bannerBookList C:\article_wap\Application\Mobile\Controller\IndexController.class.php 第 46 行.
INFO: [ view_parse ] --START--
INFO: [ template_filter ] --START--
INFO: Run Behavior\ContentReplaceBehavior [ RunTime:0.000000s ]
INFO: [ template_filter ] --END-- [ RunTime:0.000000s ]
INFO: Run Behavior\ParseTemplateBehavior [ RunTime:0.015625s ]
INFO: [ view_parse ] --END-- [ RunTime:0.015625s ]
INFO: [ view_filter ] --START--
INFO: Run Behavior\WriteHtmlCacheBehavior [ RunTime:0.000000s ]
INFO: [ view_filter ] --END-- [ RunTime:0.000000s ]
INFO: [ app_end ] --START--
INFO: Run Behavior\ShowPageTraceBehavior [ RunTime:0.000000s ]
INFO: [ app_end ] --END-- [ RunTime:0.000000s ]

[ 2018-01-28T14:30:47+08:00 ] 123.14.68.85 /
INFO: [ app_init ] --START--
INFO: Run Behavior\BuildLiteBehavior [ RunTime:0.000000s ]
INFO: [ app_init ] --END-- [ RunTime:0.015625s ]
INFO: [ app_begin ] --START--
INFO: Run Behavior\ReadHtmlCacheBehavior [ RunTime:0.000000s ]
INFO: [ app_begin ] --END-- [ RunTime:0.000000s ]
NOTIC: [8] Undefined index: usercode C:\article_wap\Application\Mobile\Controller\MobileBaseController.class.php 第 91 行.
NOTIC: [2] Invalid argument supplied for foreach() C:\article_wap\ThinkPHP\Library\Think\Db\Driver.class.php 第 546 行.
NOTIC: [8] Undefined variable: bannerBookList C:\article_wap\Application\Mobile\Controller\IndexController.class.php 第 46 行.
INFO: [ view_parse ] --START--
INFO: [ template_filter ] --START--
INFO: Run Behavior\ContentReplaceBehavior [ RunTime:0.000000s ]
INFO: [ template_filter ] --END-- [ RunTime:0.000000s ]
INFO: Run Behavior\ParseTemplateBehavior [ RunTime:0.015625s ]
INFO: [ view_parse ] --END-- [ RunTime:0.015625s ]
INFO: [ view_filter ] --START--
INFO: Run Behavior\WriteHtmlCacheBehavior [ RunTime:0.000000s ]
INFO: [ view_filter ] --END-- [ RunTime:0.000000s ]
INFO: [ app_end ] --START--
INFO: Run Behavior\ShowPageTraceBehavior [ RunTime:0.000000s ]
INFO: [ app_end ] --END-- [ RunTime:0.000000s ]

[ 2018-01-28T14:30:48+08:00 ] 123.14.68.85 /
INFO: [ app_init ] --START--
INFO: Run Behavior\BuildLiteBehavior [ RunTime:0.000000s ]
INFO: [ app_init ] --END-- [ RunTime:0.000000s ]
INFO: [ app_begin ] --START--
INFO: Run Behavior\ReadHtmlCacheBehavior [ RunTime:0.000000s ]
INFO: [ app_begin ] --END-- [ RunTime:0.000000s ]
NOTIC: [8] Undefined index: usercode C:\article_wap\Application\Mobile\Controller\MobileBaseController.class.php 第 91 行.
NOTIC: [2] Invalid argument supplied for foreach() C:\article_wap\ThinkPHP\Library\Think\Db\Driver.class.php 第 546 行.
NOTIC: [8] Undefined variable: bannerBookList C:\article_wap\Application\Mobile\Controller\IndexController.class.php 第 46 行.
INFO: [ view_parse ] --START--
INFO: [ template_filter ] --START--
INFO: Run Behavior\ContentReplaceBehavior [ RunTime:0.015625s ]
INFO: [ template_filter ] --END-- [ RunTime:0.015625s ]
INFO: Run Behavior\ParseTemplateBehavior [ RunTime:0.015625s ]
INFO: [ view_parse ] --END-- [ RunTime:0.015625s ]
INFO: [ view_filter ] --START--
INFO: Run Behavior\WriteHtmlCacheBehavior [ RunTime:0.000000s ]
INFO: [ view_filter ] --END-- [ RunTime:0.000000s ]
INFO: [ app_end ] --START--
INFO: Run Behavior\ShowPageTraceBehavior [ RunTime:0.000000s ]
INFO: [ app_end ] --END-- [ RunTime:0.000000s ]

[ 2018-01-28T14:30:49+08:00 ] 123.14.68.85 /
INFO: [ app_init ] --START--
INFO: Run Behavior\BuildLiteBehavior [ RunTime:0.000000s ]
INFO: [ app_init ] --END-- [ RunTime:0.000000s ]
INFO: [ app_begin ] --START--
INFO: Run Behavior\ReadHtmlCacheBehavior [ RunTime:0.000000s ]
INFO: [ app_begin ] --END-- [ RunTime:0.000000s ]
NOTIC: [8] Undefined index: usercode C:\article_wap\Application\Mobile\Controller\MobileBaseController.class.php 第 91 行.
NOTIC: [2] Invalid argument supplied for foreach() C:\article_wap\ThinkPHP\Library\Think\Db\Driver.class.php 第 546 行.
NOTIC: [8] Undefined variable: bannerBookList C:\article_wap\Application\Mobile\Controller\IndexController.class.php 第 46 行.
INFO: [ view_parse ] --START--
INFO: [ template_filter ] --START--
INFO: Run Behavior\ContentReplaceBehavior [ RunTime:0.000000s ]
INFO: [ template_filter ] --END-- [ RunTime:0.000000s ]
INFO: Run Behavior\ParseTemplateBehavior [ RunTime:0.000000s ]
INFO: [ view_parse ] --END-- [ RunTime:0.000000s ]
INFO: [ view_filter ] --START--
INFO: Run Behavior\WriteHtmlCacheBehavior [ RunTime:0.000000s ]
INFO: [ view_filter ] --END-- [ RunTime:0.000000s ]
INFO: [ app_end ] --START--
INFO: Run Behavior\ShowPageTraceBehavior [ RunTime:0.015625s ]
INFO: [ app_end ] --END-- [ RunTime:0.015625s ]

[ 2018-01-28T14:30:52+08:00 ] 123.14.68.85 /
INFO: [ app_init ] --START--
INFO: Run Behavior\BuildLiteBehavior [ RunTime:0.000000s ]
INFO: [ app_init ] --END-- [ RunTime:0.000000s ]
INFO: [ app_begin ] --START--
INFO: Run Behavior\ReadHtmlCacheBehavior [ RunTime:0.000000s ]
INFO: [ app_begin ] --END-- [ RunTime:0.000000s ]
NOTIC: [8] Undefined index: usercode C:\article_wap\Application\Mobile\Controller\MobileBaseController.class.php 第 91 行.
NOTIC: [2] Invalid argument supplied for foreach() C:\article_wap\ThinkPHP\Library\Think\Db\Driver.class.php 第 546 行.
NOTIC: [8] Undefined variable: bannerBookList C:\article_wap\Application\Mobile\Controller\IndexController.class.php 第 46 行.
INFO: [ view_parse ] --START--
INFO: [ template_filter ] --START--
INFO: Run Behavior\ContentReplaceBehavior [ RunTime:0.000000s ]
INFO: [ template_filter ] --END-- [ RunTime:0.000000s ]
INFO: Run Behavior\ParseTemplateBehavior [ RunTime:0.015625s ]
INFO: [ view_parse ] --END-- [ RunTime:0.015625s ]
INFO: [ view_filter ] --START--
INFO: Run Behavior\WriteHtmlCacheBehavior [ RunTime:0.000000s ]
INFO: [ view_filter ] --END-- [ RunTime:0.000000s ]
INFO: [ app_end ] --START--
INFO: Run Behavior\ShowPageTraceBehavior [ RunTime:0.000000s ]
INFO: [ app_end ] --END-- [ RunTime:0.000000s ]

[ 2018-01-28T14:30:53+08:00 ] 123.14.68.85 /
INFO: [ app_init ] --START--
INFO: Run Behavior\BuildLiteBehavior [ RunTime:0.000000s ]
INFO: [ app_init ] --END-- [ RunTime:0.000000s ]
INFO: [ app_begin ] --START--
INFO: Run Behavior\ReadHtmlCacheBehavior [ RunTime:0.000000s ]
INFO: [ app_begin ] --END-- [ RunTime:0.000000s ]
NOTIC: [8] Undefined index: usercode C:\article_wap\Application\Mobile\Controller\MobileBaseController.class.php 第 91 行.
NOTIC: [2] Invalid argument supplied for foreach() C:\article_wap\ThinkPHP\Library\Think\Db\Driver.class.php 第 546 行.
NOTIC: [8] Undefined variable: bannerBookList C:\article_wap\Application\Mobile\Controller\IndexController.class.php 第 46 行.
INFO: [ view_parse ] --START--
INFO: [ template_filter ] --START--
INFO: Run Behavior\ContentReplaceBehavior [ RunTime:0.000000s ]
INFO: [ template_filter ] --END-- [ RunTime:0.000000s ]
INFO: Run Behavior\ParseTemplateBehavior [ RunTime:0.015625s ]
INFO: [ view_parse ] --END-- [ RunTime:0.015625s ]
INFO: [ view_filter ] --START--
INFO: Run Behavior\WriteHtmlCacheBehavior [ RunTime:0.000000s ]
INFO: [ view_filter ] --END-- [ RunTime:0.000000s ]
INFO: [ app_end ] --START--
INFO: Run Behavior\ShowPageTraceBehavior [ RunTime:0.000000s ]
INFO: [ app_end ] --END-- [ RunTime:0.000000s ]

[ 2018-01-28T14:30:54+08:00 ] 123.14.68.85 /
INFO: [ app_init ] --START--
INFO: Run Behavior\BuildLiteBehavior [ RunTime:0.000000s ]
INFO: [ app_init ] --END-- [ RunTime:0.000000s ]
INFO: [ app_begin ] --START--
INFO: Run Behavior\ReadHtmlCacheBehavior [ RunTime:0.000000s ]
INFO: [ app_begin ] --END-- [ RunTime:0.000000s ]
NOTIC: [8] Undefined index: usercode C:\article_wap\Application\Mobile\Controller\MobileBaseController.class.php 第 91 行.
NOTIC: [2] Invalid argument supplied for foreach() C:\article_wap\ThinkPHP\Library\Think\Db\Driver.class.php 第 546 行.
NOTIC: [8] Undefined variable: bannerBookList C:\article_wap\Application\Mobile\Controller\IndexController.class.php 第 46 行.
INFO: [ view_parse ] --START--
INFO: [ template_filter ] --START--
INFO: Run Behavior\ContentReplaceBehavior [ RunTime:0.000000s ]
INFO: [ template_filter ] --END-- [ RunTime:0.000000s ]
INFO: Run Behavior\ParseTemplateBehavior [ RunTime:0.015625s ]
INFO: [ view_parse ] --END-- [ RunTime:0.015625s ]
INFO: [ view_filter ] --START--
INFO: Run Behavior\WriteHtmlCacheBehavior [ RunTime:0.000000s ]
INFO: [ view_filter ] --END-- [ RunTime:0.000000s ]
INFO: [ app_end ] --START--
INFO: Run Behavior\ShowPageTraceBehavior [ RunTime:0.000000s ]
INFO: [ app_end ] --END-- [ RunTime:0.000000s ]

[ 2018-01-28T14:30:58+08:00 ] 123.14.68.85 /Index/index.html
INFO: [ app_init ] --START--
INFO: Run Behavior\BuildLiteBehavior [ RunTime:0.000000s ]
INFO: [ app_init ] --END-- [ RunTime:0.000000s ]
INFO: [ app_begin ] --START--
INFO: Run Behavior\ReadHtmlCacheBehavior [ RunTime:0.000000s ]
INFO: [ app_begin ] --END-- [ RunTime:0.000000s ]
NOTIC: [8] Undefined index: channel C:\article_wap\Application\Mobile\Controller\MobileBaseController.class.php 第 175 行.
NOTIC: [8] Undefined index: usercode C:\article_wap\Application\Mobile\Controller\MobileBaseController.class.php 第 91 行.
NOTIC: [2] Invalid argument supplied for foreach() C:\article_wap\ThinkPHP\Library\Think\Db\Driver.class.php 第 546 行.
NOTIC: [8] Undefined variable: bannerBookList C:\article_wap\Application\Mobile\Controller\IndexController.class.php 第 46 行.
INFO: [ view_parse ] --START--
INFO: [ template_filter ] --START--
INFO: Run Behavior\ContentReplaceBehavior [ RunTime:0.000000s ]
INFO: [ template_filter ] --END-- [ RunTime:0.000000s ]
INFO: Run Behavior\ParseTemplateBehavior [ RunTime:0.015625s ]
INFO: [ view_parse ] --END-- [ RunTime:0.015625s ]
INFO: [ view_filter ] --START--
INFO: Run Behavior\WriteHtmlCacheBehavior [ RunTime:0.000000s ]
INFO: [ view_filter ] --END-- [ RunTime:0.000000s ]
INFO: [ app_end ] --START--
INFO: Run Behavior\ShowPageTraceBehavior [ RunTime:0.000000s ]
INFO: [ app_end ] --END-- [ RunTime:0.000000s ]

[ 2018-01-28T14:31:03+08:00 ] 123.14.68.85 /
INFO: [ app_init ] --START--
INFO: Run Behavior\BuildLiteBehavior [ RunTime:0.000000s ]
INFO: [ app_init ] --END-- [ RunTime:0.000000s ]
INFO: [ app_begin ] --START--
INFO: Run Behavior\ReadHtmlCacheBehavior [ RunTime:0.000000s ]
INFO: [ app_begin ] --END-- [ RunTime:0.000000s ]
NOTIC: [8] Undefined index: usercode C:\article_wap\Application\Mobile\Controller\MobileBaseController.class.php 第 91 行.
NOTIC: [2] Invalid argument supplied for foreach() C:\article_wap\ThinkPHP\Library\Think\Db\Driver.class.php 第 546 行.
NOTIC: [8] Undefined variable: bannerBookList C:\article_wap\Application\Mobile\Controller\IndexController.class.php 第 46 行.
INFO: [ view_parse ] --START--
INFO: [ template_filter ] --START--
INFO: Run Behavior\ContentReplaceBehavior [ RunTime:0.000000s ]
INFO: [ template_filter ] --END-- [ RunTime:0.000000s ]
INFO: Run Behavior\ParseTemplateBehavior [ RunTime:0.000000s ]
INFO: [ view_parse ] --END-- [ RunTime:0.000000s ]
INFO: [ view_filter ] --START--
INFO: Run Behavior\WriteHtmlCacheBehavior [ RunTime:0.000000s ]
INFO: [ view_filter ] --END-- [ RunTime:0.000000s ]
INFO: [ app_end ] --START--
INFO: Run Behavior\ShowPageTraceBehavior [ RunTime:0.000000s ]
INFO: [ app_end ] --END-- [ RunTime:0.000000s ]

[ 2018-01-28T14:31:04+08:00 ] 123.14.68.85 /
INFO: [ app_init ] --START--
INFO: Run Behavior\BuildLiteBehavior [ RunTime:0.000000s ]
INFO: [ app_init ] --END-- [ RunTime:0.000000s ]
INFO: [ app_begin ] --START--
INFO: Run Behavior\ReadHtmlCacheBehavior [ RunTime:0.000000s ]
INFO: [ app_begin ] --END-- [ RunTime:0.000000s ]
NOTIC: [8] Undefined index: usercode C:\article_wap\Application\Mobile\Controller\MobileBaseController.class.php 第 91 行.
NOTIC: [2] Invalid argument supplied for foreach() C:\article_wap\ThinkPHP\Library\Think\Db\Driver.class.php 第 546 行.
NOTIC: [8] Undefined variable: bannerBookList C:\article_wap\Application\Mobile\Controller\IndexController.class.php 第 46 行.
INFO: [ view_parse ] --START--
INFO: [ template_filter ] --START--
INFO: Run Behavior\ContentReplaceBehavior [ RunTime:0.000000s ]
INFO: [ template_filter ] --END-- [ RunTime:0.000000s ]
INFO: Run Behavior\ParseTemplateBehavior [ RunTime:0.015625s ]
INFO: [ view_parse ] --END-- [ RunTime:0.015625s ]
INFO: [ view_filter ] --START--
INFO: Run Behavior\WriteHtmlCacheBehavior [ RunTime:0.000000s ]
INFO: [ view_filter ] --END-- [ RunTime:0.000000s ]
INFO: [ app_end ] --START--
INFO: Run Behavior\ShowPageTraceBehavior [ RunTime:0.000000s ]
INFO: [ app_end ] --END-- [ RunTime:0.000000s ]

[ 2018-01-28T14:31:05+08:00 ] 123.14.68.85 /
INFO: [ app_init ] --START--
INFO: Run Behavior\BuildLiteBehavior [ RunTime:0.000000s ]
INFO: [ app_init ] --END-- [ RunTime:0.000000s ]
INFO: [ app_begin ] --START--
INFO: Run Behavior\ReadHtmlCacheBehavior [ RunTime:0.000000s ]
INFO: [ app_begin ] --END-- [ RunTime:0.000000s ]
NOTIC: [8] Undefined index: usercode C:\article_wap\Application\Mobile\Controller\MobileBaseController.class.php 第 91 行.
NOTIC: [2] Invalid argument supplied for foreach() C:\article_wap\ThinkPHP\Library\Think\Db\Driver.class.php 第 546 行.
NOTIC: [8] Undefined variable: bannerBookList C:\article_wap\Application\Mobile\Controller\IndexController.class.php 第 46 行.
INFO: [ view_parse ] --START--
INFO: [ template_filter ] --START--
INFO: Run Behavior\ContentReplaceBehavior [ RunTime:0.000000s ]
INFO: [ template_filter ] --END-- [ RunTime:0.000000s ]
INFO: Run Behavior\ParseTemplateBehavior [ RunTime:0.000000s ]
INFO: [ view_parse ] --END-- [ RunTime:0.015625s ]
INFO: [ view_filter ] --START--
INFO: Run Behavior\WriteHtmlCacheBehavior [ RunTime:0.000000s ]
INFO: [ view_filter ] --END-- [ RunTime:0.000000s ]
INFO: [ app_end ] --START--
INFO: Run Behavior\ShowPageTraceBehavior [ RunTime:0.000000s ]
INFO: [ app_end ] --END-- [ RunTime:0.000000s ]

[ 2018-01-28T14:31:45+08:00 ] 223.167.152.124 /
INFO: [ app_init ] --START--
INFO: Run Behavior\BuildLiteBehavior [ RunTime:0.000000s ]
INFO: [ app_init ] --END-- [ RunTime:0.000000s ]
INFO: [ app_begin ] --START--
INFO: Run Behavior\ReadHtmlCacheBehavior [ RunTime:0.000000s ]
INFO: [ app_begin ] --END-- [ RunTime:0.000000s ]
NOTIC: [8] Undefined index: usercode C:\article_wap\Application\Mobile\Controller\MobileBaseController.class.php 第 91 行.
NOTIC: [2] Invalid argument supplied for foreach() C:\article_wap\ThinkPHP\Library\Think\Db\Driver.class.php 第 546 行.
NOTIC: [8] Undefined variable: bannerBookList C:\article_wap\Application\Mobile\Controller\IndexController.class.php 第 46 行.
INFO: [ view_parse ] --START--
INFO: [ template_filter ] --START--
INFO: Run Behavior\ContentReplaceBehavior [ RunTime:0.000000s ]
INFO: [ template_filter ] --END-- [ RunTime:0.000000s ]
INFO: Run Behavior\ParseTemplateBehavior [ RunTime:0.015625s ]
INFO: [ view_parse ] --END-- [ RunTime:0.015625s ]
INFO: [ view_filter ] --START--
INFO: Run Behavior\WriteHtmlCacheBehavior [ RunTime:0.000000s ]
INFO: [ view_filter ] --END-- [ RunTime:0.000000s ]
INFO: [ app_end ] --START--
INFO: Run Behavior\ShowPageTraceBehavior [ RunTime:0.000000s ]
INFO: [ app_end ] --END-- [ RunTime:0.000000s ]

[ 2018-01-28T14:31:46+08:00 ] 58.247.212.55 /
INFO: [ app_init ] --START--
INFO: Run Behavior\BuildLiteBehavior [ RunTime:0.000000s ]
INFO: [ app_init ] --END-- [ RunTime:0.000000s ]
INFO: [ app_begin ] --START--
INFO: Run Behavior\ReadHtmlCacheBehavior [ RunTime:0.015625s ]
INFO: [ app_begin ] --END-- [ RunTime:0.015625s ]
NOTIC: [8] Undefined index: usercode C:\article_wap\Application\Mobile\Controller\MobileBaseController.class.php 第 91 行.
NOTIC: [2] Invalid argument supplied for foreach() C:\article_wap\ThinkPHP\Library\Think\Db\Driver.class.php 第 546 行.
NOTIC: [8] Undefined variable: bannerBookList C:\article_wap\Application\Mobile\Controller\IndexController.class.php 第 46 行.
INFO: [ view_parse ] --START--
INFO: [ template_filter ] --START--
INFO: Run Behavior\ContentReplaceBehavior [ RunTime:0.000000s ]
INFO: [ template_filter ] --END-- [ RunTime:0.000000s ]
INFO: Run Behavior\ParseTemplateBehavior [ RunTime:0.015625s ]
INFO: [ view_parse ] --END-- [ RunTime:0.015625s ]
INFO: [ view_filter ] --START--
INFO: Run Behavior\WriteHtmlCacheBehavior [ RunTime:0.000000s ]
INFO: [ view_filter ] --END-- [ RunTime:0.000000s ]
INFO: [ app_end ] --START--
INFO: Run Behavior\ShowPageTraceBehavior [ RunTime:0.000000s ]
INFO: [ app_end ] --END-- [ RunTime:0.000000s ]

[ 2018-01-28T14:31:51+08:00 ] 123.14.68.85 /
INFO: [ app_init ] --START--
INFO: Run Behavior\BuildLiteBehavior [ RunTime:0.000000s ]
INFO: [ app_init ] --END-- [ RunTime:0.000000s ]
INFO: [ app_begin ] --START--
INFO: Run Behavior\ReadHtmlCacheBehavior [ RunTime:0.000000s ]
INFO: [ app_begin ] --END-- [ RunTime:0.000000s ]
NOTIC: [8] Undefined index: usercode C:\article_wap\Application\Mobile\Controller\MobileBaseController.class.php 第 91 行.
NOTIC: [2] Invalid argument supplied for foreach() C:\article_wap\ThinkPHP\Library\Think\Db\Driver.class.php 第 546 行.
NOTIC: [8] Undefined variable: bannerBookList C:\article_wap\Application\Mobile\Controller\IndexController.class.php 第 46 行.
INFO: [ view_parse ] --START--
INFO: [ template_filter ] --START--
INFO: Run Behavior\ContentReplaceBehavior [ RunTime:0.000000s ]
INFO: [ template_filter ] --END-- [ RunTime:0.000000s ]
INFO: Run Behavior\ParseTemplateBehavior [ RunTime:0.015625s ]
INFO: [ view_parse ] --END-- [ RunTime:0.015625s ]
INFO: [ view_filter ] --START--
INFO: Run Behavior\WriteHtmlCacheBehavior [ RunTime:0.000000s ]
INFO: [ view_filter ] --END-- [ RunTime:0.000000s ]
INFO: [ app_end ] --START--
INFO: Run Behavior\ShowPageTraceBehavior [ RunTime:0.000000s ]
INFO: [ app_end ] --END-- [ RunTime:0.000000s ]

[ 2018-01-28T14:31:59+08:00 ] 123.14.68.85 /
INFO: [ app_init ] --START--
INFO: Run Behavior\BuildLiteBehavior [ RunTime:0.000000s ]
INFO: [ app_init ] --END-- [ RunTime:0.000000s ]
INFO: [ app_begin ] --START--
INFO: Run Behavior\ReadHtmlCacheBehavior [ RunTime:0.000000s ]
INFO: [ app_begin ] --END-- [ RunTime:0.000000s ]
NOTIC: [8] Undefined index: usercode C:\article_wap\Application\Mobile\Controller\MobileBaseController.class.php 第 91 行.
NOTIC: [2] Invalid argument supplied for foreach() C:\article_wap\ThinkPHP\Library\Think\Db\Driver.class.php 第 546 行.
NOTIC: [8] Undefined variable: bannerBookList C:\article_wap\Application\Mobile\Controller\IndexController.class.php 第 46 行.
INFO: [ view_parse ] --START--
INFO: [ template_filter ] --START--
INFO: Run Behavior\ContentReplaceBehavior [ RunTime:0.000000s ]
INFO: [ template_filter ] --END-- [ RunTime:0.000000s ]
INFO: Run Behavior\ParseTemplateBehavior [ RunTime:0.015625s ]
INFO: [ view_parse ] --END-- [ RunTime:0.015625s ]
INFO: [ view_filter ] --START--
INFO: Run Behavior\WriteHtmlCacheBehavior [ RunTime:0.000000s ]
INFO: [ view_filter ] --END-- [ RunTime:0.000000s ]
INFO: [ app_end ] --START--
INFO: Run Behavior\ShowPageTraceBehavior [ RunTime:0.000000s ]
INFO: [ app_end ] --END-- [ RunTime:0.000000s ]

[ 2018-01-28T14:34:18+08:00 ] 123.14.68.85 /
INFO: [ app_init ] --START--
INFO: Run Behavior\BuildLiteBehavior [ RunTime:0.000000s ]
INFO: [ app_init ] --END-- [ RunTime:0.000000s ]
INFO: [ app_begin ] --START--
INFO: Run Behavior\ReadHtmlCacheBehavior [ RunTime:0.015625s ]
INFO: [ app_begin ] --END-- [ RunTime:0.015625s ]
NOTIC: [8] Undefined index: usercode C:\article_wap\Application\Mobile\Controller\MobileBaseController.class.php 第 91 行.
NOTIC: [2] Invalid argument supplied for foreach() C:\article_wap\ThinkPHP\Library\Think\Db\Driver.class.php 第 546 行.
NOTIC: [8] Undefined variable: bannerBookList C:\article_wap\Application\Mobile\Controller\IndexController.class.php 第 46 行.
INFO: [ view_parse ] --START--
INFO: [ template_filter ] --START--
INFO: Run Behavior\ContentReplaceBehavior [ RunTime:0.000000s ]
INFO: [ template_filter ] --END-- [ RunTime:0.000000s ]
INFO: Run Behavior\ParseTemplateBehavior [ RunTime:0.015625s ]
INFO: [ view_parse ] --END-- [ RunTime:0.015625s ]
INFO: [ view_filter ] --START--
INFO: Run Behavior\WriteHtmlCacheBehavior [ RunTime:0.000000s ]
INFO: [ view_filter ] --END-- [ RunTime:0.000000s ]
INFO: [ app_end ] --START--
INFO: Run Behavior\ShowPageTraceBehavior [ RunTime:0.000000s ]
INFO: [ app_end ] --END-- [ RunTime:0.000000s ]

[ 2018-01-28T14:34:19+08:00 ] 123.14.68.85 /
INFO: [ app_init ] --START--
INFO: Run Behavior\BuildLiteBehavior [ RunTime:0.000000s ]
INFO: [ app_init ] --END-- [ RunTime:0.000000s ]
INFO: [ app_begin ] --START--
INFO: Run Behavior\ReadHtmlCacheBehavior [ RunTime:0.015625s ]
INFO: [ app_begin ] --END-- [ RunTime:0.015625s ]
NOTIC: [8] Undefined index: usercode C:\article_wap\Application\Mobile\Controller\MobileBaseController.class.php 第 91 行.
NOTIC: [2] Invalid argument supplied for foreach() C:\article_wap\ThinkPHP\Library\Think\Db\Driver.class.php 第 546 行.
NOTIC: [8] Undefined variable: bannerBookList C:\article_wap\Application\Mobile\Controller\IndexController.class.php 第 46 行.
INFO: [ view_parse ] --START--
INFO: [ template_filter ] --START--
INFO: Run Behavior\ContentReplaceBehavior [ RunTime:0.000000s ]
INFO: [ template_filter ] --END-- [ RunTime:0.000000s ]
INFO: Run Behavior\ParseTemplateBehavior [ RunTime:0.015625s ]
INFO: [ view_parse ] --END-- [ RunTime:0.015625s ]
INFO: [ view_filter ] --START--
INFO: Run Behavior\WriteHtmlCacheBehavior [ RunTime:0.000000s ]
INFO: [ view_filter ] --END-- [ RunTime:0.000000s ]
INFO: [ app_end ] --START--
INFO: Run Behavior\ShowPageTraceBehavior [ RunTime:0.000000s ]
INFO: [ app_end ] --END-- [ RunTime:0.000000s ]

[ 2018-01-28T14:34:27+08:00 ] 123.14.68.85 /
INFO: [ app_init ] --START--
INFO: Run Behavior\BuildLiteBehavior [ RunTime:0.000000s ]
INFO: [ app_init ] --END-- [ RunTime:0.000000s ]
INFO: [ app_begin ] --START--
INFO: Run Behavior\ReadHtmlCacheBehavior [ RunTime:0.000000s ]
INFO: [ app_begin ] --END-- [ RunTime:0.000000s ]
NOTIC: [8] Undefined index: usercode C:\article_wap\Application\Mobile\Controller\MobileBaseController.class.php 第 91 行.
NOTIC: [2] Invalid argument supplied for foreach() C:\article_wap\ThinkPHP\Library\Think\Db\Driver.class.php 第 546 行.
NOTIC: [8] Undefined variable: bannerBookList C:\article_wap\Application\Mobile\Controller\IndexController.class.php 第 46 行.
INFO: [ view_parse ] --START--
INFO: [ template_filter ] --START--
INFO: Run Behavior\ContentReplaceBehavior [ RunTime:0.000000s ]
INFO: [ template_filter ] --END-- [ RunTime:0.000000s ]
INFO: Run Behavior\ParseTemplateBehavior [ RunTime:0.015625s ]
INFO: [ view_parse ] --END-- [ RunTime:0.015625s ]
INFO: [ view_filter ] --START--
INFO: Run Behavior\WriteHtmlCacheBehavior [ RunTime:0.000000s ]
INFO: [ view_filter ] --END-- [ RunTime:0.000000s ]
INFO: [ app_end ] --START--
INFO: Run Behavior\ShowPageTraceBehavior [ RunTime:0.000000s ]
INFO: [ app_end ] --END-- [ RunTime:0.000000s ]

[ 2018-01-28T14:34:28+08:00 ] 123.14.68.85 /
INFO: [ app_init ] --START--
INFO: Run Behavior\BuildLiteBehavior [ RunTime:0.000000s ]
INFO: [ app_init ] --END-- [ RunTime:0.000000s ]
INFO: [ app_begin ] --START--
INFO: Run Behavior\ReadHtmlCacheBehavior [ RunTime:0.000000s ]
INFO: [ app_begin ] --END-- [ RunTime:0.000000s ]
NOTIC: [8] Undefined index: usercode C:\article_wap\Application\Mobile\Controller\MobileBaseController.class.php 第 91 行.
NOTIC: [2] Invalid argument supplied for foreach() C:\article_wap\ThinkPHP\Library\Think\Db\Driver.class.php 第 546 行.
NOTIC: [8] Undefined variable: bannerBookList C:\article_wap\Application\Mobile\Controller\IndexController.class.php 第 46 行.
INFO: [ view_parse ] --START--
INFO: [ template_filter ] --START--
INFO: Run Behavior\ContentReplaceBehavior [ RunTime:0.000000s ]
INFO: [ template_filter ] --END-- [ RunTime:0.000000s ]
INFO: Run Behavior\ParseTemplateBehavior [ RunTime:0.031250s ]
INFO: [ view_parse ] --END-- [ RunTime:0.031250s ]
INFO: [ view_filter ] --START--
INFO: Run Behavior\WriteHtmlCacheBehavior [ RunTime:0.000000s ]
INFO: [ view_filter ] --END-- [ RunTime:0.000000s ]
INFO: [ app_end ] --START--
INFO: Run Behavior\ShowPageTraceBehavior [ RunTime:0.000000s ]
INFO: [ app_end ] --END-- [ RunTime:0.000000s ]

[ 2018-01-28T14:35:01+08:00 ] 123.14.68.85 /
INFO: [ app_init ] --START--
INFO: Run Behavior\BuildLiteBehavior [ RunTime:0.000000s ]
INFO: [ app_init ] --END-- [ RunTime:0.000000s ]
INFO: [ app_begin ] --START--
INFO: Run Behavior\ReadHtmlCacheBehavior [ RunTime:0.000000s ]
INFO: [ app_begin ] --END-- [ RunTime:0.000000s ]
NOTIC: [8] Undefined index: usercode C:\article_wap\Application\Mobile\Controller\MobileBaseController.class.php 第 91 行.
NOTIC: [2] Invalid argument supplied for foreach() C:\article_wap\ThinkPHP\Library\Think\Db\Driver.class.php 第 546 行.
NOTIC: [8] Undefined variable: bannerBookList C:\article_wap\Application\Mobile\Controller\IndexController.class.php 第 46 行.
ERR: 模板不存在:./Template/mobile/default/Index/index.html

[ 2018-01-28T14:35:08+08:00 ] 123.14.68.85 /
INFO: [ app_init ] --START--
INFO: Run Behavior\BuildLiteBehavior [ RunTime:0.000000s ]
INFO: [ app_init ] --END-- [ RunTime:0.000000s ]
INFO: [ app_begin ] --START--
INFO: Run Behavior\ReadHtmlCacheBehavior [ RunTime:0.000000s ]
INFO: [ app_begin ] --END-- [ RunTime:0.000000s ]
NOTIC: [8] Undefined index: usercode C:\article_wap\Application\Mobile\Controller\MobileBaseController.class.php 第 91 行.
NOTIC: [2] Invalid argument supplied for foreach() C:\article_wap\ThinkPHP\Library\Think\Db\Driver.class.php 第 546 行.
NOTIC: [8] Undefined variable: bannerBookList C:\article_wap\Application\Mobile\Controller\IndexController.class.php 第 46 行.
INFO: [ view_parse ] --START--
INFO: [ template_filter ] --START--
INFO: Run Behavior\ContentReplaceBehavior [ RunTime:0.000000s ]
INFO: [ template_filter ] --END-- [ RunTime:0.000000s ]
INFO: Run Behavior\ParseTemplateBehavior [ RunTime:0.015625s ]
INFO: [ view_parse ] --END-- [ RunTime:0.015625s ]
INFO: [ view_filter ] --START--
INFO: Run Behavior\WriteHtmlCacheBehavior [ RunTime:0.000000s ]
INFO: [ view_filter ] --END-- [ RunTime:0.000000s ]
INFO: [ app_end ] --START--
INFO: Run Behavior\ShowPageTraceBehavior [ RunTime:0.000000s ]
INFO: [ app_end ] --END-- [ RunTime:0.000000s ]

[ 2018-01-28T14:35:44+08:00 ] 123.14.68.85 /User/index.html
INFO: [ app_init ] --START--
INFO: Run Behavior\BuildLiteBehavior [ RunTime:0.000000s ]
INFO: [ app_init ] --END-- [ RunTime:0.000000s ]
INFO: [ app_begin ] --START--
INFO: Run Behavior\ReadHtmlCacheBehavior [ RunTime:0.000000s ]
INFO: [ app_begin ] --END-- [ RunTime:0.000000s ]
NOTIC: [8] Undefined index: channel C:\article_wap\Application\Mobile\Controller\MobileBaseController.class.php 第 175 行.
NOTIC: [8] Undefined index: usercode C:\article_wap\Application\Mobile\Controller\MobileBaseController.class.php 第 91 行.
NOTIC: [8] Undefined index: uid C:\article_wap\Application\Mobile\Controller\UserController.class.php 第 121 行.
INFO: [ view_parse ] --START--
INFO: [ template_filter ] --START--
INFO: Run Behavior\ContentReplaceBehavior [ RunTime:0.000000s ]
INFO: [ template_filter ] --END-- [ RunTime:0.000000s ]
NOTIC: [8] Undefined variable: tpshop_config C:\article_wap\Application\Runtime\Cache\Mobile\c03ffd2cf875d578e3e4a868c7520c0c.php 第 9 行.
NOTIC: [8] Undefined variable: tpshop_config C:\article_wap\Application\Runtime\Cache\Mobile\c03ffd2cf875d578e3e4a868c7520c0c.php 第 10 行.
NOTIC: [8] Undefined variable: referurl C:\article_wap\Application\Runtime\Cache\Mobile\c03ffd2cf875d578e3e4a868c7520c0c.php 第 51 行.
INFO: Run Behavior\ParseTemplateBehavior [ RunTime:0.015625s ]
INFO: [ view_parse ] --END-- [ RunTime:0.015625s ]
INFO: [ view_filter ] --START--
INFO: Run Behavior\WriteHtmlCacheBehavior [ RunTime:0.000000s ]
INFO: [ view_filter ] --END-- [ RunTime:0.000000s ]
INFO: [ app_end ] --START--
INFO: Run Behavior\ShowPageTraceBehavior [ RunTime:0.000000s ]
INFO: [ app_end ] --END-- [ RunTime:0.000000s ]

[ 2018-01-28T14:36:09+08:00 ] 123.14.68.85 /User/reg.html
INFO: [ app_init ] --START--
INFO: Run Behavior\BuildLiteBehavior [ RunTime:0.000000s ]
INFO: [ app_init ] --END-- [ RunTime:0.000000s ]
INFO: [ app_begin ] --START--
INFO: Run Behavior\ReadHtmlCacheBehavior [ RunTime:0.000000s ]
INFO: [ app_begin ] --END-- [ RunTime:0.000000s ]
NOTIC: [8] Undefined index: channel C:\article_wap\Application\Mobile\Controller\MobileBaseController.class.php 第 175 行.
NOTIC: [8] Undefined index: usercode C:\article_wap\Application\Mobile\Controller\MobileBaseController.class.php 第 91 行.
INFO: [ view_parse ] --START--
INFO: [ template_filter ] --START--
INFO: Run Behavior\ContentReplaceBehavior [ RunTime:0.000000s ]
INFO: [ template_filter ] --END-- [ RunTime:0.000000s ]
NOTIC: [8] Undefined variable: tpshop_config C:\article_wap\Application\Runtime\Cache\Mobile\6c1644020d721ed2f6c0834cb2d78613.php 第 9 行.
INFO: Run Behavior\ParseTemplateBehavior [ RunTime:0.000000s ]
INFO: [ view_parse ] --END-- [ RunTime:0.000000s ]
INFO: [ view_filter ] --START--
INFO: Run Behavior\WriteHtmlCacheBehavior [ RunTime:0.000000s ]
INFO: [ view_filter ] --END-- [ RunTime:0.000000s ]
INFO: [ app_end ] --START--
INFO: Run Behavior\ShowPageTraceBehavior [ RunTime:0.000000s ]
INFO: [ app_end ] --END-- [ RunTime:0.000000s ]

[ 2018-01-28T14:58:49+08:00 ] 123.14.68.85 /Index/index.html
INFO: [ app_init ] --START--
INFO: Run Behavior\BuildLiteBehavior [ RunTime:0.000000s ]
INFO: [ app_init ] --END-- [ RunTime:0.000000s ]
INFO: [ app_begin ] --START--
INFO: Run Behavior\ReadHtmlCacheBehavior [ RunTime:0.000000s ]
INFO: [ app_begin ] --END-- [ RunTime:0.000000s ]
NOTIC: [8] Undefined index: channel C:\article_wap\Application\Mobile\Controller\MobileBaseController.class.php 第 175 行.
NOTIC: [8] Undefined index: usercode C:\article_wap\Application\Mobile\Controller\MobileBaseController.class.php 第 91 行.
NOTIC: [2] Invalid argument supplied for foreach() C:\article_wap\ThinkPHP\Library\Think\Db\Driver.class.php 第 546 行.
NOTIC: [8] Undefined variable: bannerBookList C:\article_wap\Application\Mobile\Controller\IndexController.class.php 第 46 行.
INFO: [ view_parse ] --START--
INFO: [ template_filter ] --START--
INFO: Run Behavior\ContentReplaceBehavior [ RunTime:0.000000s ]
INFO: [ template_filter ] --END-- [ RunTime:0.000000s ]
INFO: Run Behavior\ParseTemplateBehavior [ RunTime:0.031250s ]
INFO: [ view_parse ] --END-- [ RunTime:0.031250s ]
INFO: [ view_filter ] --START--
INFO: Run Behavior\WriteHtmlCacheBehavior [ RunTime:0.000000s ]
INFO: [ view_filter ] --END-- [ RunTime:0.000000s ]
INFO: [ app_end ] --START--
INFO: Run Behavior\ShowPageTraceBehavior [ RunTime:0.000000s ]
INFO: [ app_end ] --END-- [ RunTime:0.000000s ]

[ 2018-01-28T17:09:23+08:00 ] 120.78.45.46 /
INFO: [ app_init ] --START--
INFO: Run Behavior\BuildLiteBehavior [ RunTime:0.000000s ]
INFO: [ app_init ] --END-- [ RunTime:0.000000s ]
INFO: [ app_begin ] --START--
INFO: Run Behavior\ReadHtmlCacheBehavior [ RunTime:0.000000s ]
INFO: [ app_begin ] --END-- [ RunTime:0.000000s ]
NOTIC: [8] Undefined index: usercode C:\article_wap\Application\Mobile\Controller\MobileBaseController.class.php 第 91 行.
NOTIC: [2] Invalid argument supplied for foreach() C:\article_wap\ThinkPHP\Library\Think\Db\Driver.class.php 第 546 行.
NOTIC: [8] Undefined variable: bannerBookList C:\article_wap\Application\Mobile\Controller\IndexController.class.php 第 46 行.
INFO: [ view_parse ] --START--
INFO: [ template_filter ] --START--
INFO: Run Behavior\ContentReplaceBehavior [ RunTime:0.000000s ]
INFO: [ template_filter ] --END-- [ RunTime:0.000000s ]
INFO: Run Behavior\ParseTemplateBehavior [ RunTime:0.031250s ]
INFO: [ view_parse ] --END-- [ RunTime:0.031250s ]
INFO: [ view_filter ] --START--
INFO: Run Behavior\WriteHtmlCacheBehavior [ RunTime:0.000000s ]
INFO: [ view_filter ] --END-- [ RunTime:0.000000s ]
INFO: [ app_end ] --START--
INFO: Run Behavior\ShowPageTraceBehavior [ RunTime:0.000000s ]
INFO: [ app_end ] --END-- [ RunTime:0.000000s ]

[ 2018-01-28T18:29:25+08:00 ] 36.24.146.17 /
INFO: [ app_init ] --START--
INFO: Run Behavior\BuildLiteBehavior [ RunTime:0.000000s ]
INFO: [ app_init ] --END-- [ RunTime:0.000000s ]
INFO: [ app_begin ] --START--
INFO: Run Behavior\ReadHtmlCacheBehavior [ RunTime:0.000000s ]
INFO: [ app_begin ] --END-- [ RunTime:0.000000s ]
NOTIC: [8] Undefined index: usercode C:\article_wap\Application\Mobile\Controller\MobileBaseController.class.php 第 91 行.
NOTIC: [2] Invalid argument supplied for foreach() C:\article_wap\ThinkPHP\Library\Think\Db\Driver.class.php 第 546 行.
NOTIC: [8] Undefined variable: bannerBookList C:\article_wap\Application\Mobile\Controller\IndexController.class.php 第 46 行.
INFO: [ view_parse ] --START--
INFO: [ template_filter ] --START--
INFO: Run Behavior\ContentReplaceBehavior [ RunTime:0.000000s ]
INFO: [ template_filter ] --END-- [ RunTime:0.000000s ]
INFO: Run Behavior\ParseTemplateBehavior [ RunTime:0.031250s ]
INFO: [ view_parse ] --END-- [ RunTime:0.031250s ]
INFO: [ view_filter ] --START--
INFO: Run Behavior\WriteHtmlCacheBehavior [ RunTime:0.000000s ]
INFO: [ view_filter ] --END-- [ RunTime:0.000000s ]
INFO: [ app_end ] --START--
INFO: Run Behavior\ShowPageTraceBehavior [ RunTime:0.000000s ]
INFO: [ app_end ] --END-- [ RunTime:0.000000s ]

[ 2018-01-28T18:29:41+08:00 ] 36.24.146.17 /Index/getSortList.html
INFO: [ app_init ] --START--
INFO: Run Behavior\BuildLiteBehavior [ RunTime:0.000000s ]
INFO: [ app_init ] --END-- [ RunTime:0.000000s ]
INFO: [ app_begin ] --START--
INFO: Run Behavior\ReadHtmlCacheBehavior [ RunTime:0.000000s ]
INFO: [ app_begin ] --END-- [ RunTime:0.000000s ]
NOTIC: [8] Undefined index: channel C:\article_wap\Application\Mobile\Controller\MobileBaseController.class.php 第 175 行.
NOTIC: [8] Undefined index: usercode C:\article_wap\Application\Mobile\Controller\MobileBaseController.class.php 第 91 行.
NOTIC: [8] Undefined offset: 0 C:\article_wap\Application\Mobile\Controller\IndexController.class.php 第 103 行.
NOTIC: [2] Invalid argument supplied for foreach() C:\article_wap\Application\Common\Common\function.php 第 721 行.
NOTIC: [8] Undefined variable: resultBookList C:\article_wap\Application\Common\Common\function.php 第 741 行.
NOTIC: [8] Undefined offset: 0 C:\article_wap\Application\Mobile\Controller\IndexController.class.php 第 103 行.
NOTIC: [2] Invalid argument supplied for foreach() C:\article_wap\Application\Common\Common\function.php 第 721 行.
NOTIC: [8] Undefined variable: resultBookList C:\article_wap\Application\Common\Common\function.php 第 741 行.
NOTIC: [8] Undefined offset: 0 C:\article_wap\Application\Mobile\Controller\IndexController.class.php 第 103 行.
NOTIC: [2] Invalid argument supplied for foreach() C:\article_wap\Application\Common\Common\function.php 第 721 行.
NOTIC: [8] Undefined variable: resultBookList C:\article_wap\Application\Common\Common\function.php 第 741 行.
NOTIC: [8] Undefined offset: 0 C:\article_wap\Application\Mobile\Controller\IndexController.class.php 第 103 行.
NOTIC: [2] Invalid argument supplied for foreach() C:\article_wap\Application\Common\Common\function.php 第 721 行.
NOTIC: [8] Undefined variable: resultBookList C:\article_wap\Application\Common\Common\function.php 第 741 行.
NOTIC: [8] Undefined offset: 0 C:\article_wap\Application\Mobile\Controller\IndexController.class.php 第 103 行.
NOTIC: [2] Invalid argument supplied for foreach() C:\article_wap\Application\Common\Common\function.php 第 721 行.
NOTIC: [8] Undefined variable: resultBookList C:\article_wap\Application\Common\Common\function.php 第 741 行.
NOTIC: [8] Undefined offset: 0 C:\article_wap\Application\Mobile\Controller\IndexController.class.php 第 103 行.
NOTIC: [2] Invalid argument supplied for foreach() C:\article_wap\Application\Common\Common\function.php 第 721 行.
NOTIC: [8] Undefined variable: resultBookList C:\article_wap\Application\Common\Common\function.php 第 741 行.
NOTIC: [8] Undefined offset: 0 C:\article_wap\Application\Mobile\Controller\IndexController.class.php 第 103 行.
NOTIC: [2] Invalid argument supplied for foreach() C:\article_wap\Application\Common\Common\function.php 第 721 行.
NOTIC: [8] Undefined variable: resultBookList C:\article_wap\Application\Common\Common\function.php 第 741 行.
NOTIC: [8] Undefined offset: 0 C:\article_wap\Application\Mobile\Controller\IndexController.class.php 第 103 行.
NOTIC: [2] Invalid argument supplied for foreach() C:\article_wap\Application\Common\Common\function.php 第 721 行.
NOTIC: [8] Undefined variable: resultBookList C:\article_wap\Application\Common\Common\function.php 第 741 行.
NOTIC: [8] Undefined offset: 0 C:\article_wap\Application\Mobile\Controller\IndexController.class.php 第 103 行.
NOTIC: [2] Invalid argument supplied for foreach() C:\article_wap\Application\Common\Common\function.php 第 721 行.
NOTIC: [8] Undefined variable: resultBookList C:\article_wap\Application\Common\Common\function.php 第 741 行.
INFO: [ view_parse ] --START--
INFO: [ template_filter ] --START--
INFO: Run Behavior\ContentReplaceBehavior [ RunTime:0.000000s ]
INFO: [ template_filter ] --END-- [ RunTime:0.000000s ]
INFO: Run Behavior\ParseTemplateBehavior [ RunTime:0.000000s ]
INFO: [ view_parse ] --END-- [ RunTime:0.000000s ]
INFO: [ view_filter ] --START--
INFO: Run Behavior\WriteHtmlCacheBehavior [ RunTime:0.000000s ]
INFO: [ view_filter ] --END-- [ RunTime:0.000000s ]
INFO: [ app_end ] --START--
INFO: Run Behavior\ShowPageTraceBehavior [ RunTime:0.015625s ]
INFO: [ app_end ] --END-- [ RunTime:0.015625s ]

[ 2018-01-28T18:30:25+08:00 ] 101.226.33.221 /
INFO: [ app_init ] --START--
INFO: Run Behavior\BuildLiteBehavior [ RunTime:0.000000s ]
INFO: [ app_init ] --END-- [ RunTime:0.000000s ]
INFO: [ app_begin ] --START--
INFO: Run Behavior\ReadHtmlCacheBehavior [ RunTime:0.000000s ]
INFO: [ app_begin ] --END-- [ RunTime:0.000000s ]
NOTIC: [8] Undefined index: usercode C:\article_wap\Application\Mobile\Controller\MobileBaseController.class.php 第 91 行.
NOTIC: [2] Invalid argument supplied for foreach() C:\article_wap\ThinkPHP\Library\Think\Db\Driver.class.php 第 546 行.
NOTIC: [8] Undefined variable: bannerBookList C:\article_wap\Application\Mobile\Controller\IndexController.class.php 第 46 行.
INFO: [ view_parse ] --START--
INFO: [ template_filter ] --START--
INFO: Run Behavior\ContentReplaceBehavior [ RunTime:0.000000s ]
INFO: [ template_filter ] --END-- [ RunTime:0.000000s ]
INFO: Run Behavior\ParseTemplateBehavior [ RunTime:0.000000s ]
INFO: [ view_parse ] --END-- [ RunTime:0.000000s ]
INFO: [ view_filter ] --START--
INFO: Run Behavior\WriteHtmlCacheBehavior [ RunTime:0.000000s ]
INFO: [ view_filter ] --END-- [ RunTime:0.000000s ]
INFO: [ app_end ] --START--
INFO: Run Behavior\ShowPageTraceBehavior [ RunTime:0.000000s ]
INFO: [ app_end ] --END-- [ RunTime:0.000000s ]

[ 2018-01-28T18:30:40+08:00 ] 101.226.33.219 /Index/getSortList.html
INFO: [ app_init ] --START--
INFO: Run Behavior\BuildLiteBehavior [ RunTime:0.000000s ]
INFO: [ app_init ] --END-- [ RunTime:0.000000s ]
INFO: [ app_begin ] --START--
INFO: Run Behavior\ReadHtmlCacheBehavior [ RunTime:0.000000s ]
INFO: [ app_begin ] --END-- [ RunTime:0.000000s ]
NOTIC: [8] Undefined index: channel C:\article_wap\Application\Mobile\Controller\MobileBaseController.class.php 第 175 行.
NOTIC: [8] Undefined index: usercode C:\article_wap\Application\Mobile\Controller\MobileBaseController.class.php 第 91 行.
NOTIC: [8] Undefined offset: 0 C:\article_wap\Application\Mobile\Controller\IndexController.class.php 第 103 行.
NOTIC: [2] Invalid argument supplied for foreach() C:\article_wap\Application\Common\Common\function.php 第 721 行.
NOTIC: [8] Undefined variable: resultBookList C:\article_wap\Application\Common\Common\function.php 第 741 行.
NOTIC: [8] Undefined offset: 0 C:\article_wap\Application\Mobile\Controller\IndexController.class.php 第 103 行.
NOTIC: [2] Invalid argument supplied for foreach() C:\article_wap\Application\Common\Common\function.php 第 721 行.
NOTIC: [8] Undefined variable: resultBookList C:\article_wap\Application\Common\Common\function.php 第 741 行.
NOTIC: [8] Undefined offset: 0 C:\article_wap\Application\Mobile\Controller\IndexController.class.php 第 103 行.
NOTIC: [2] Invalid argument supplied for foreach() C:\article_wap\Application\Common\Common\function.php 第 721 行.
NOTIC: [8] Undefined variable: resultBookList C:\article_wap\Application\Common\Common\function.php 第 741 行.
NOTIC: [8] Undefined offset: 0 C:\article_wap\Application\Mobile\Controller\IndexController.class.php 第 103 行.
NOTIC: [2] Invalid argument supplied for foreach() C:\article_wap\Application\Common\Common\function.php 第 721 行.
NOTIC: [8] Undefined variable: resultBookList C:\article_wap\Application\Common\Common\function.php 第 741 行.
NOTIC: [8] Undefined offset: 0 C:\article_wap\Application\Mobile\Controller\IndexController.class.php 第 103 行.
NOTIC: [2] Invalid argument supplied for foreach() C:\article_wap\Application\Common\Common\function.php 第 721 行.
NOTIC: [8] Undefined variable: resultBookList C:\article_wap\Application\Common\Common\function.php 第 741 行.
NOTIC: [8] Undefined offset: 0 C:\article_wap\Application\Mobile\Controller\IndexController.class.php 第 103 行.
NOTIC: [2] Invalid argument supplied for foreach() C:\article_wap\Application\Common\Common\function.php 第 721 行.
NOTIC: [8] Undefined variable: resultBookList C:\article_wap\Application\Common\Common\function.php 第 741 行.
NOTIC: [8] Undefined offset: 0 C:\article_wap\Application\Mobile\Controller\IndexController.class.php 第 103 行.
NOTIC: [2] Invalid argument supplied for foreach() C:\article_wap\Application\Common\Common\function.php 第 721 行.
NOTIC: [8] Undefined variable: resultBookList C:\article_wap\Application\Common\Common\function.php 第 741 行.
NOTIC: [8] Undefined offset: 0 C:\article_wap\Application\Mobile\Controller\IndexController.class.php 第 103 行.
NOTIC: [2] Invalid argument supplied for foreach() C:\article_wap\Application\Common\Common\function.php 第 721 行.
NOTIC: [8] Undefined variable: resultBookList C:\article_wap\Application\Common\Common\function.php 第 741 行.
NOTIC: [8] Undefined offset: 0 C:\article_wap\Application\Mobile\Controller\IndexController.class.php 第 103 行.
NOTIC: [2] Invalid argument supplied for foreach() C:\article_wap\Application\Common\Common\function.php 第 721 行.
NOTIC: [8] Undefined variable: resultBookList C:\article_wap\Application\Common\Common\function.php 第 741 行.
INFO: [ view_parse ] --START--
INFO: [ template_filter ] --START--
INFO: Run Behavior\ContentReplaceBehavior [ RunTime:0.000000s ]
INFO: [ template_filter ] --END-- [ RunTime:0.000000s ]
INFO: Run Behavior\ParseTemplateBehavior [ RunTime:0.015625s ]
INFO: [ view_parse ] --END-- [ RunTime:0.015625s ]
INFO: [ view_filter ] --START--
INFO: Run Behavior\WriteHtmlCacheBehavior [ RunTime:0.000000s ]
INFO: [ view_filter ] --END-- [ RunTime:0.000000s ]
INFO: [ app_end ] --START--
INFO: Run Behavior\ShowPageTraceBehavior [ RunTime:0.000000s ]
INFO: [ app_end ] --END-- [ RunTime:0.000000s ]

[ 2018-01-28T19:36:25+08:00 ] 180.149.143.154 /
INFO: [ app_init ] --START--
INFO: Run Behavior\BuildLiteBehavior [ RunTime:0.000000s ]
INFO: [ app_init ] --END-- [ RunTime:0.000000s ]
INFO: [ app_begin ] --START--
INFO: Run Behavior\ReadHtmlCacheBehavior [ RunTime:0.000000s ]
INFO: [ app_begin ] --END-- [ RunTime:0.000000s ]
NOTIC: [8] Undefined index: usercode C:\article_wap\Application\Mobile\Controller\MobileBaseController.class.php 第 91 行.
NOTIC: [2] Invalid argument supplied for foreach() C:\article_wap\ThinkPHP\Library\Think\Db\Driver.class.php 第 546 行.
NOTIC: [8] Undefined variable: bannerBookList C:\article_wap\Application\Mobile\Controller\IndexController.class.php 第 46 行.
INFO: [ view_parse ] --START--
INFO: [ template_filter ] --START--
INFO: Run Behavior\ContentReplaceBehavior [ RunTime:0.000000s ]
INFO: [ template_filter ] --END-- [ RunTime:0.000000s ]
INFO: Run Behavior\ParseTemplateBehavior [ RunTime:0.015625s ]
INFO: [ view_parse ] --END-- [ RunTime:0.015625s ]
INFO: [ view_filter ] --START--
INFO: Run Behavior\WriteHtmlCacheBehavior [ RunTime:0.000000s ]
INFO: [ view_filter ] --END-- [ RunTime:0.000000s ]
INFO: [ app_end ] --START--
INFO: Run Behavior\ShowPageTraceBehavior [ RunTime:0.000000s ]
INFO: [ app_end ] --END-- [ RunTime:0.000000s ]

