[ 2018-02-22T01:08:48+08:00 ] 106.11.157.239 /Article/readChapter/chapter_id/581481/book_id/1901.html
INFO: [ app_init ] --START--
INFO: Run Behavior\BuildLiteBehavior [ RunTime:0.000000s ]
INFO: [ app_init ] --END-- [ RunTime:0.000000s ]
INFO: [ app_begin ] --START--
INFO: Run Behavior\ReadHtmlCacheBehavior [ RunTime:0.000000s ]
INFO: [ app_begin ] --END-- [ RunTime:0.000000s ]
NOTIC: [8] Undefined index: channel C:\article_wap\Application\Mobile\Controller\MobileBaseController.class.php 第 175 行.
NOTIC: [8] Undefined index: usercode C:\article_wap\Application\Mobile\Controller\MobileBaseController.class.php 第 91 行.
NOTIC: [8] Undefined index: allvisit C:\article_wap\Application\Mobile\Controller\ArticleController.class.php 第 169 行.
NOTIC: [8] Undefined index: uid C:\article_wap\Application\Mobile\Controller\ArticleController.class.php 第 704 行.
NOTIC: [8] Undefined index: uid C:\article_wap\Application\Mobile\Controller\ArticleController.class.php 第 735 行.
NOTIC: [8] Undefined index: uname C:\article_wap\Application\Mobile\Controller\ArticleController.class.php 第 737 行.
ERR: 1048:Column 'userid' cannot be null
 [ SQL语句 ] : INSERT INTO `jieqi_distribution_article_bookcase` (`articleid`,`articlename`,`userid`,`username`,`chapterid`,`chaptername`,`chapterorder`,`joindate`) VALUES ('1901','听说爱情回来过',NULL,NULL,'581481','第二十二章炮火纷飞','22','1519232928')
ERR: 1146:Table 'acool.jieqi_article' doesn't exist
 [ SQL语句 ] : SHOW COLUMNS FROM `jieqi_article`
NOTIC: [8] Undefined index: uid C:\article_wap\Application\Mobile\Logic\ArticleLogic.class.php 第 56 行.
NOTIC: [8] Undefined index: uid C:\article_wap\Application\Mobile\Controller\ArticleController.class.php 第 646 行.
INFO: [ view_parse ] --START--
INFO: [ template_filter ] --START--
INFO: Run Behavior\ContentReplaceBehavior [ RunTime:0.000000s ]
INFO: [ template_filter ] --END-- [ RunTime:0.000000s ]
INFO: Run Behavior\ParseTemplateBehavior [ RunTime:0.015625s ]
INFO: [ view_parse ] --END-- [ RunTime:0.015625s ]
INFO: [ view_filter ] --START--
INFO: Run Behavior\WriteHtmlCacheBehavior [ RunTime:0.000000s ]
INFO: [ view_filter ] --END-- [ RunTime:0.000000s ]
INFO: [ app_end ] --START--
INFO: Run Behavior\ShowPageTraceBehavior [ RunTime:0.000000s ]
INFO: [ app_end ] --END-- [ RunTime:0.000000s ]

[ 2018-02-22T04:30:33+08:00 ] 220.181.51.74 /
INFO: [ app_init ] --START--
INFO: Run Behavior\BuildLiteBehavior [ RunTime:0.000000s ]
INFO: [ app_init ] --END-- [ RunTime:0.000000s ]
INFO: [ app_begin ] --START--
INFO: Run Behavior\ReadHtmlCacheBehavior [ RunTime:0.000000s ]
INFO: [ app_begin ] --END-- [ RunTime:0.000000s ]
NOTIC: [8] Undefined index: usercode C:\article_wap\Application\Mobile\Controller\MobileBaseController.class.php 第 91 行.
NOTIC: [2] Invalid argument supplied for foreach() C:\article_wap\ThinkPHP\Library\Think\Db\Driver.class.php 第 546 行.
INFO: [ view_parse ] --START--
INFO: [ template_filter ] --START--
INFO: Run Behavior\ContentReplaceBehavior [ RunTime:0.000000s ]
INFO: [ template_filter ] --END-- [ RunTime:0.000000s ]
INFO: Run Behavior\ParseTemplateBehavior [ RunTime:0.031250s ]
INFO: [ view_parse ] --END-- [ RunTime:0.031250s ]
INFO: [ view_filter ] --START--
INFO: Run Behavior\WriteHtmlCacheBehavior [ RunTime:0.000000s ]
INFO: [ view_filter ] --END-- [ RunTime:0.000000s ]
INFO: [ app_end ] --START--
INFO: Run Behavior\ShowPageTraceBehavior [ RunTime:0.000000s ]
INFO: [ app_end ] --END-- [ RunTime:0.000000s ]

[ 2018-02-22T08:42:55+08:00 ] 106.11.155.246 /Article/readChapter/chapter_id/585786/book_id/1914.html
INFO: [ app_init ] --START--
INFO: Run Behavior\BuildLiteBehavior [ RunTime:0.000000s ]
INFO: [ app_init ] --END-- [ RunTime:0.000000s ]
INFO: [ app_begin ] --START--
INFO: Run Behavior\ReadHtmlCacheBehavior [ RunTime:0.000000s ]
INFO: [ app_begin ] --END-- [ RunTime:0.000000s ]
NOTIC: [8] Undefined index: channel C:\article_wap\Application\Mobile\Controller\MobileBaseController.class.php 第 175 行.
NOTIC: [8] Undefined index: usercode C:\article_wap\Application\Mobile\Controller\MobileBaseController.class.php 第 91 行.
NOTIC: [8] Undefined index: allvisit C:\article_wap\Application\Mobile\Controller\ArticleController.class.php 第 169 行.
NOTIC: [8] Undefined index: uid C:\article_wap\Application\Mobile\Controller\ArticleController.class.php 第 704 行.
NOTIC: [8] Undefined index: uid C:\article_wap\Application\Mobile\Controller\ArticleController.class.php 第 735 行.
NOTIC: [8] Undefined index: uname C:\article_wap\Application\Mobile\Controller\ArticleController.class.php 第 737 行.
ERR: 1048:Column 'userid' cannot be null
 [ SQL语句 ] : INSERT INTO `jieqi_distribution_article_bookcase` (`articleid`,`articlename`,`userid`,`username`,`chapterid`,`chaptername`,`chapterorder`,`joindate`) VALUES ('1914','美女总裁爱上我',NULL,NULL,'585786','第010章少女心事','10','1519260174')
INFO: [ view_parse ] --START--
INFO: [ template_filter ] --START--
INFO: Run Behavior\ContentReplaceBehavior [ RunTime:0.000000s ]
INFO: [ template_filter ] --END-- [ RunTime:0.000000s ]
INFO: Run Behavior\ParseTemplateBehavior [ RunTime:0.031250s ]
INFO: [ view_parse ] --END-- [ RunTime:0.031250s ]
INFO: [ view_filter ] --START--
INFO: Run Behavior\WriteHtmlCacheBehavior [ RunTime:0.000000s ]
INFO: [ view_filter ] --END-- [ RunTime:0.000000s ]
INFO: [ app_end ] --START--
INFO: Run Behavior\ShowPageTraceBehavior [ RunTime:0.000000s ]
INFO: [ app_end ] --END-- [ RunTime:0.000000s ]

[ 2018-02-22T10:30:42+08:00 ] 123.125.67.150 /
INFO: [ app_init ] --START--
INFO: Run Behavior\BuildLiteBehavior [ RunTime:0.000000s ]
INFO: [ app_init ] --END-- [ RunTime:0.000000s ]
INFO: [ app_begin ] --START--
INFO: Run Behavior\ReadHtmlCacheBehavior [ RunTime:0.000000s ]
INFO: [ app_begin ] --END-- [ RunTime:0.000000s ]
NOTIC: [8] Undefined index: usercode C:\article_wap\Application\Mobile\Controller\MobileBaseController.class.php 第 91 行.
NOTIC: [2] Invalid argument supplied for foreach() C:\article_wap\ThinkPHP\Library\Think\Db\Driver.class.php 第 546 行.
INFO: [ view_parse ] --START--
INFO: [ template_filter ] --START--
INFO: Run Behavior\ContentReplaceBehavior [ RunTime:0.000000s ]
INFO: [ template_filter ] --END-- [ RunTime:0.000000s ]
INFO: Run Behavior\ParseTemplateBehavior [ RunTime:0.031250s ]
INFO: [ view_parse ] --END-- [ RunTime:0.031250s ]
INFO: [ view_filter ] --START--
INFO: Run Behavior\WriteHtmlCacheBehavior [ RunTime:0.000000s ]
INFO: [ view_filter ] --END-- [ RunTime:0.000000s ]
INFO: [ app_end ] --START--
INFO: Run Behavior\ShowPageTraceBehavior [ RunTime:0.000000s ]
INFO: [ app_end ] --END-- [ RunTime:0.000000s ]

[ 2018-02-22T11:59:47+08:00 ] 106.11.156.248 /Article/readChapter/chapter_id/581684/book_id/1905.html
INFO: [ app_init ] --START--
INFO: Run Behavior\BuildLiteBehavior [ RunTime:0.000000s ]
INFO: [ app_init ] --END-- [ RunTime:0.000000s ]
INFO: [ app_begin ] --START--
INFO: Run Behavior\ReadHtmlCacheBehavior [ RunTime:0.000000s ]
INFO: [ app_begin ] --END-- [ RunTime:0.000000s ]
NOTIC: [8] Undefined index: channel C:\article_wap\Application\Mobile\Controller\MobileBaseController.class.php 第 175 行.
NOTIC: [8] Undefined index: usercode C:\article_wap\Application\Mobile\Controller\MobileBaseController.class.php 第 91 行.
NOTIC: [8] Undefined index: allvisit C:\article_wap\Application\Mobile\Controller\ArticleController.class.php 第 169 行.
NOTIC: [8] Undefined index: uid C:\article_wap\Application\Mobile\Controller\ArticleController.class.php 第 704 行.
NOTIC: [8] Undefined index: uid C:\article_wap\Application\Mobile\Controller\ArticleController.class.php 第 735 行.
NOTIC: [8] Undefined index: uname C:\article_wap\Application\Mobile\Controller\ArticleController.class.php 第 737 行.
ERR: 1048:Column 'userid' cannot be null
 [ SQL语句 ] : INSERT INTO `jieqi_distribution_article_bookcase` (`articleid`,`articlename`,`userid`,`username`,`chapterid`,`chaptername`,`chapterorder`,`joindate`) VALUES ('1905','直到我终于放弃你',NULL,NULL,'581684','第五章大鱼提前上钩','5','1519271987')
INFO: [ view_parse ] --START--
INFO: [ template_filter ] --START--
INFO: Run Behavior\ContentReplaceBehavior [ RunTime:0.000000s ]
INFO: [ template_filter ] --END-- [ RunTime:0.000000s ]
INFO: Run Behavior\ParseTemplateBehavior [ RunTime:0.015625s ]
INFO: [ view_parse ] --END-- [ RunTime:0.015625s ]
INFO: [ view_filter ] --START--
INFO: Run Behavior\WriteHtmlCacheBehavior [ RunTime:0.000000s ]
INFO: [ view_filter ] --END-- [ RunTime:0.000000s ]
INFO: [ app_end ] --START--
INFO: Run Behavior\ShowPageTraceBehavior [ RunTime:0.000000s ]
INFO: [ app_end ] --END-- [ RunTime:0.000000s ]

[ 2018-02-22T12:26:07+08:00 ] 106.120.173.135 /
INFO: [ app_init ] --START--
INFO: Run Behavior\BuildLiteBehavior [ RunTime:0.000000s ]
INFO: [ app_init ] --END-- [ RunTime:0.000000s ]
INFO: [ app_begin ] --START--
INFO: Run Behavior\ReadHtmlCacheBehavior [ RunTime:0.000000s ]
INFO: [ app_begin ] --END-- [ RunTime:0.000000s ]
NOTIC: [8] Undefined index: usercode C:\article_wap\Application\Mobile\Controller\MobileBaseController.class.php 第 91 行.
NOTIC: [2] Invalid argument supplied for foreach() C:\article_wap\ThinkPHP\Library\Think\Db\Driver.class.php 第 546 行.
INFO: [ view_parse ] --START--
INFO: [ template_filter ] --START--
INFO: Run Behavior\ContentReplaceBehavior [ RunTime:0.000000s ]
INFO: [ template_filter ] --END-- [ RunTime:0.000000s ]
INFO: Run Behavior\ParseTemplateBehavior [ RunTime:0.015625s ]
INFO: [ view_parse ] --END-- [ RunTime:0.015625s ]
INFO: [ view_filter ] --START--
INFO: Run Behavior\WriteHtmlCacheBehavior [ RunTime:0.000000s ]
INFO: [ view_filter ] --END-- [ RunTime:0.000000s ]
INFO: [ app_end ] --START--
INFO: Run Behavior\ShowPageTraceBehavior [ RunTime:0.000000s ]
INFO: [ app_end ] --END-- [ RunTime:0.000000s ]

[ 2018-02-22T13:08:48+08:00 ] 106.11.153.249 /Article/readChapter/chapter_id/585799/book_id/1914.html
INFO: [ app_init ] --START--
INFO: Run Behavior\BuildLiteBehavior [ RunTime:0.000000s ]
INFO: [ app_init ] --END-- [ RunTime:0.000000s ]
INFO: [ app_begin ] --START--
INFO: Run Behavior\ReadHtmlCacheBehavior [ RunTime:0.000000s ]
INFO: [ app_begin ] --END-- [ RunTime:0.000000s ]
NOTIC: [8] Undefined index: channel C:\article_wap\Application\Mobile\Controller\MobileBaseController.class.php 第 175 行.
NOTIC: [8] Undefined index: usercode C:\article_wap\Application\Mobile\Controller\MobileBaseController.class.php 第 91 行.
NOTIC: [8] Undefined index: allvisit C:\article_wap\Application\Mobile\Controller\ArticleController.class.php 第 169 行.
NOTIC: [8] Undefined index: uid C:\article_wap\Application\Mobile\Controller\ArticleController.class.php 第 704 行.
NOTIC: [8] Undefined index: uid C:\article_wap\Application\Mobile\Controller\ArticleController.class.php 第 735 行.
NOTIC: [8] Undefined index: uname C:\article_wap\Application\Mobile\Controller\ArticleController.class.php 第 737 行.
ERR: 1048:Column 'userid' cannot be null
 [ SQL语句 ] : INSERT INTO `jieqi_distribution_article_bookcase` (`articleid`,`articlename`,`userid`,`username`,`chapterid`,`chaptername`,`chapterorder`,`joindate`) VALUES ('1914','美女总裁爱上我',NULL,NULL,'585799','第023章保护女神（一）','23','1519276128')
ERR: 1146:Table 'acool.jieqi_article' doesn't exist
 [ SQL语句 ] : SHOW COLUMNS FROM `jieqi_article`
NOTIC: [8] Undefined index: uid C:\article_wap\Application\Mobile\Logic\ArticleLogic.class.php 第 56 行.
NOTIC: [8] Undefined index: uid C:\article_wap\Application\Mobile\Controller\ArticleController.class.php 第 646 行.
INFO: [ view_parse ] --START--
INFO: [ template_filter ] --START--
INFO: Run Behavior\ContentReplaceBehavior [ RunTime:0.000000s ]
INFO: [ template_filter ] --END-- [ RunTime:0.000000s ]
INFO: Run Behavior\ParseTemplateBehavior [ RunTime:0.015625s ]
INFO: [ view_parse ] --END-- [ RunTime:0.015625s ]
INFO: [ view_filter ] --START--
INFO: Run Behavior\WriteHtmlCacheBehavior [ RunTime:0.000000s ]
INFO: [ view_filter ] --END-- [ RunTime:0.000000s ]
INFO: [ app_end ] --START--
INFO: Run Behavior\ShowPageTraceBehavior [ RunTime:0.000000s ]
INFO: [ app_end ] --END-- [ RunTime:0.000000s ]

[ 2018-02-22T15:55:38+08:00 ] 157.55.39.96 /
INFO: [ app_init ] --START--
INFO: Run Behavior\BuildLiteBehavior [ RunTime:0.000000s ]
INFO: [ app_init ] --END-- [ RunTime:0.015625s ]
INFO: [ app_begin ] --START--
INFO: Run Behavior\ReadHtmlCacheBehavior [ RunTime:0.000000s ]
INFO: [ app_begin ] --END-- [ RunTime:0.000000s ]
NOTIC: [8] Undefined index: usercode C:\article_wap\Application\Mobile\Controller\MobileBaseController.class.php 第 91 行.
NOTIC: [2] Invalid argument supplied for foreach() C:\article_wap\ThinkPHP\Library\Think\Db\Driver.class.php 第 546 行.
INFO: [ view_parse ] --START--
INFO: [ template_filter ] --START--
INFO: Run Behavior\ContentReplaceBehavior [ RunTime:0.000000s ]
INFO: [ template_filter ] --END-- [ RunTime:0.000000s ]
INFO: Run Behavior\ParseTemplateBehavior [ RunTime:0.015626s ]
INFO: [ view_parse ] --END-- [ RunTime:0.015626s ]
INFO: [ view_filter ] --START--
INFO: Run Behavior\WriteHtmlCacheBehavior [ RunTime:0.000000s ]
INFO: [ view_filter ] --END-- [ RunTime:0.000000s ]
INFO: [ app_end ] --START--
INFO: Run Behavior\ShowPageTraceBehavior [ RunTime:0.000000s ]
INFO: [ app_end ] --END-- [ RunTime:0.000000s ]

[ 2018-02-22T20:20:53+08:00 ] 106.11.154.229 /Article/readChapter/chapter_id/585788/book_id/1914.html
INFO: [ app_init ] --START--
INFO: Run Behavior\BuildLiteBehavior [ RunTime:0.000000s ]
INFO: [ app_init ] --END-- [ RunTime:0.000000s ]
INFO: [ app_begin ] --START--
INFO: Run Behavior\ReadHtmlCacheBehavior [ RunTime:0.000000s ]
INFO: [ app_begin ] --END-- [ RunTime:0.000000s ]
NOTIC: [8] Undefined index: channel C:\article_wap\Application\Mobile\Controller\MobileBaseController.class.php 第 175 行.
NOTIC: [8] Undefined index: usercode C:\article_wap\Application\Mobile\Controller\MobileBaseController.class.php 第 91 行.
NOTIC: [8] Undefined index: allvisit C:\article_wap\Application\Mobile\Controller\ArticleController.class.php 第 169 行.
NOTIC: [8] Undefined index: uid C:\article_wap\Application\Mobile\Controller\ArticleController.class.php 第 704 行.
NOTIC: [8] Undefined index: uid C:\article_wap\Application\Mobile\Controller\ArticleController.class.php 第 735 行.
NOTIC: [8] Undefined index: uname C:\article_wap\Application\Mobile\Controller\ArticleController.class.php 第 737 行.
ERR: 1048:Column 'userid' cannot be null
 [ SQL语句 ] : INSERT INTO `jieqi_distribution_article_bookcase` (`articleid`,`articlename`,`userid`,`username`,`chapterid`,`chaptername`,`chapterorder`,`joindate`) VALUES ('1914','美女总裁爱上我',NULL,NULL,'585788','第012章神秘的同事','12','1519302053')
INFO: [ view_parse ] --START--
INFO: [ template_filter ] --START--
INFO: Run Behavior\ContentReplaceBehavior [ RunTime:0.000000s ]
INFO: [ template_filter ] --END-- [ RunTime:0.000000s ]
INFO: Run Behavior\ParseTemplateBehavior [ RunTime:0.015625s ]
INFO: [ view_parse ] --END-- [ RunTime:0.015625s ]
INFO: [ view_filter ] --START--
INFO: Run Behavior\WriteHtmlCacheBehavior [ RunTime:0.000000s ]
INFO: [ view_filter ] --END-- [ RunTime:0.000000s ]
INFO: [ app_end ] --START--
INFO: Run Behavior\ShowPageTraceBehavior [ RunTime:0.000000s ]
INFO: [ app_end ] --END-- [ RunTime:0.000000s ]

