[ 2018-01-09T14:59:21+08:00 ] 115.60.184.213 /
INFO: [ app_init ] --START--
INFO: Run Behavior\BuildLiteBehavior [ RunTime:0.000000s ]
INFO: [ app_init ] --END-- [ RunTime:0.000000s ]
INFO: [ app_begin ] --START--
INFO: Run Behavior\ReadHtmlCacheBehavior [ RunTime:0.015625s ]
INFO: [ app_begin ] --END-- [ RunTime:0.015625s ]
NOTIC: [8] Undefined index: usercode C:\article_wap\Application\Mobile\Controller\MobileBaseController.class.php 第 91 行.
NOTIC: [2] Invalid argument supplied for foreach() C:\article_wap\ThinkPHP\Library\Think\Db\Driver.class.php 第 546 行.
NOTIC: [8] Undefined variable: resultBookList C:\article_wap\Application\Common\Common\function.php 第 741 行.
NOTIC: [8] Undefined variable: resultBookList C:\article_wap\Application\Common\Common\function.php 第 741 行.
NOTIC: [8] Undefined variable: resultBookList C:\article_wap\Application\Common\Common\function.php 第 741 行.
NOTIC: [8] Undefined variable: resultBookList C:\article_wap\Application\Common\Common\function.php 第 741 行.
NOTIC: [8] Undefined variable: resultBookList C:\article_wap\Application\Common\Common\function.php 第 741 行.
NOTIC: [8] Undefined variable: resultBookList C:\article_wap\Application\Common\Common\function.php 第 741 行.
NOTIC: [8] Undefined variable: resultBookList C:\article_wap\Application\Common\Common\function.php 第 741 行.
NOTIC: [8] Undefined variable: resultBookList C:\article_wap\Application\Common\Common\function.php 第 741 行.
NOTIC: [8] Undefined variable: bannerBookList C:\article_wap\Application\Mobile\Controller\IndexController.class.php 第 46 行.
INFO: [ view_parse ] --START--
INFO: [ template_filter ] --START--
INFO: Run Behavior\ContentReplaceBehavior [ RunTime:0.000000s ]
INFO: [ template_filter ] --END-- [ RunTime:0.000000s ]
INFO: Run Behavior\ParseTemplateBehavior [ RunTime:0.046875s ]
INFO: [ view_parse ] --END-- [ RunTime:0.046875s ]
INFO: [ view_filter ] --START--
INFO: Run Behavior\WriteHtmlCacheBehavior [ RunTime:0.000000s ]
INFO: [ view_filter ] --END-- [ RunTime:0.000000s ]
INFO: [ app_end ] --START--
INFO: Run Behavior\ShowPageTraceBehavior [ RunTime:0.015625s ]
INFO: [ app_end ] --END-- [ RunTime:0.015625s ]

[ 2018-01-09T15:01:17+08:00 ] 115.60.184.213 /
INFO: [ app_init ] --START--
INFO: Run Behavior\BuildLiteBehavior [ RunTime:0.000000s ]
INFO: [ app_init ] --END-- [ RunTime:0.000000s ]
INFO: [ app_begin ] --START--
INFO: Run Behavior\ReadHtmlCacheBehavior [ RunTime:0.000000s ]
INFO: [ app_begin ] --END-- [ RunTime:0.000000s ]
NOTIC: [8] Undefined index: usercode C:\article_wap\Application\Mobile\Controller\MobileBaseController.class.php 第 91 行.
NOTIC: [2] Invalid argument supplied for foreach() C:\article_wap\ThinkPHP\Library\Think\Db\Driver.class.php 第 546 行.
NOTIC: [8] Undefined variable: resultBookList C:\article_wap\Application\Common\Common\function.php 第 741 行.
NOTIC: [8] Undefined variable: resultBookList C:\article_wap\Application\Common\Common\function.php 第 741 行.
NOTIC: [8] Undefined variable: resultBookList C:\article_wap\Application\Common\Common\function.php 第 741 行.
NOTIC: [8] Undefined variable: resultBookList C:\article_wap\Application\Common\Common\function.php 第 741 行.
NOTIC: [8] Undefined variable: resultBookList C:\article_wap\Application\Common\Common\function.php 第 741 行.
NOTIC: [8] Undefined variable: resultBookList C:\article_wap\Application\Common\Common\function.php 第 741 行.
NOTIC: [8] Undefined variable: resultBookList C:\article_wap\Application\Common\Common\function.php 第 741 行.
NOTIC: [8] Undefined variable: resultBookList C:\article_wap\Application\Common\Common\function.php 第 741 行.
NOTIC: [8] Undefined variable: bannerBookList C:\article_wap\Application\Mobile\Controller\IndexController.class.php 第 46 行.
INFO: [ view_parse ] --START--
INFO: [ template_filter ] --START--
INFO: Run Behavior\ContentReplaceBehavior [ RunTime:0.000000s ]
INFO: [ template_filter ] --END-- [ RunTime:0.000000s ]
INFO: Run Behavior\ParseTemplateBehavior [ RunTime:0.015626s ]
INFO: [ view_parse ] --END-- [ RunTime:0.015626s ]
INFO: [ view_filter ] --START--
INFO: Run Behavior\WriteHtmlCacheBehavior [ RunTime:0.000000s ]
INFO: [ view_filter ] --END-- [ RunTime:0.000000s ]
INFO: [ app_end ] --START--
INFO: Run Behavior\ShowPageTraceBehavior [ RunTime:0.000000s ]
INFO: [ app_end ] --END-- [ RunTime:0.000000s ]

[ 2018-01-09T15:01:25+08:00 ] 123.151.77.123 /
INFO: [ app_init ] --START--
INFO: Run Behavior\BuildLiteBehavior [ RunTime:0.000000s ]
INFO: [ app_init ] --END-- [ RunTime:0.000000s ]
INFO: [ app_begin ] --START--
INFO: Run Behavior\ReadHtmlCacheBehavior [ RunTime:0.015625s ]
INFO: [ app_begin ] --END-- [ RunTime:0.015625s ]
ERR: 1146:Table 'acool.jieqi_users' doesn't exist
 [ SQL语句 ] : SHOW COLUMNS FROM `jieqi_users`
NOTIC: [8] Undefined index: usercode C:\article_wap\Application\Mobile\Controller\MobileBaseController.class.php 第 91 行.
NOTIC: [2] Invalid argument supplied for foreach() C:\article_wap\ThinkPHP\Library\Think\Db\Driver.class.php 第 546 行.
NOTIC: [8] Undefined variable: resultBookList C:\article_wap\Application\Common\Common\function.php 第 741 行.
NOTIC: [8] Undefined variable: resultBookList C:\article_wap\Application\Common\Common\function.php 第 741 行.
NOTIC: [8] Undefined variable: resultBookList C:\article_wap\Application\Common\Common\function.php 第 741 行.
NOTIC: [8] Undefined variable: resultBookList C:\article_wap\Application\Common\Common\function.php 第 741 行.
NOTIC: [8] Undefined variable: resultBookList C:\article_wap\Application\Common\Common\function.php 第 741 行.
NOTIC: [8] Undefined variable: resultBookList C:\article_wap\Application\Common\Common\function.php 第 741 行.
NOTIC: [8] Undefined variable: resultBookList C:\article_wap\Application\Common\Common\function.php 第 741 行.
NOTIC: [8] Undefined variable: resultBookList C:\article_wap\Application\Common\Common\function.php 第 741 行.
NOTIC: [8] Undefined variable: bannerBookList C:\article_wap\Application\Mobile\Controller\IndexController.class.php 第 46 行.
INFO: [ view_parse ] --START--
INFO: [ template_filter ] --START--
INFO: Run Behavior\ContentReplaceBehavior [ RunTime:0.000000s ]
INFO: [ template_filter ] --END-- [ RunTime:0.000000s ]
INFO: Run Behavior\ParseTemplateBehavior [ RunTime:0.015625s ]
INFO: [ view_parse ] --END-- [ RunTime:0.015625s ]
INFO: [ view_filter ] --START--
INFO: Run Behavior\WriteHtmlCacheBehavior [ RunTime:0.000000s ]
INFO: [ view_filter ] --END-- [ RunTime:0.000000s ]
INFO: [ app_end ] --START--
INFO: Run Behavior\ShowPageTraceBehavior [ RunTime:0.000000s ]
INFO: [ app_end ] --END-- [ RunTime:0.000000s ]

[ 2018-01-09T15:01:46+08:00 ] 61.158.149.55 /
INFO: [ app_init ] --START--
INFO: Run Behavior\BuildLiteBehavior [ RunTime:0.000000s ]
INFO: [ app_init ] --END-- [ RunTime:0.000000s ]
INFO: [ app_begin ] --START--
INFO: Run Behavior\ReadHtmlCacheBehavior [ RunTime:0.000000s ]
INFO: [ app_begin ] --END-- [ RunTime:0.000000s ]
ERR: 1146:Table 'acool.jieqi_users' doesn't exist
 [ SQL语句 ] : SHOW COLUMNS FROM `jieqi_users`
NOTIC: [8] Undefined index: usercode C:\article_wap\Application\Mobile\Controller\MobileBaseController.class.php 第 91 行.
NOTIC: [2] Invalid argument supplied for foreach() C:\article_wap\ThinkPHP\Library\Think\Db\Driver.class.php 第 546 行.
NOTIC: [8] Undefined variable: resultBookList C:\article_wap\Application\Common\Common\function.php 第 741 行.
NOTIC: [8] Undefined variable: resultBookList C:\article_wap\Application\Common\Common\function.php 第 741 行.
NOTIC: [8] Undefined variable: resultBookList C:\article_wap\Application\Common\Common\function.php 第 741 行.
NOTIC: [8] Undefined variable: resultBookList C:\article_wap\Application\Common\Common\function.php 第 741 行.
NOTIC: [8] Undefined variable: resultBookList C:\article_wap\Application\Common\Common\function.php 第 741 行.
NOTIC: [8] Undefined variable: resultBookList C:\article_wap\Application\Common\Common\function.php 第 741 行.
NOTIC: [8] Undefined variable: resultBookList C:\article_wap\Application\Common\Common\function.php 第 741 行.
NOTIC: [8] Undefined variable: resultBookList C:\article_wap\Application\Common\Common\function.php 第 741 行.
NOTIC: [8] Undefined variable: bannerBookList C:\article_wap\Application\Mobile\Controller\IndexController.class.php 第 46 行.
INFO: [ view_parse ] --START--
INFO: [ template_filter ] --START--
INFO: Run Behavior\ContentReplaceBehavior [ RunTime:0.000000s ]
INFO: [ template_filter ] --END-- [ RunTime:0.015626s ]
INFO: Run Behavior\ParseTemplateBehavior [ RunTime:0.015626s ]
INFO: [ view_parse ] --END-- [ RunTime:0.015626s ]
INFO: [ view_filter ] --START--
INFO: Run Behavior\WriteHtmlCacheBehavior [ RunTime:0.000000s ]
INFO: [ view_filter ] --END-- [ RunTime:0.000000s ]
INFO: [ app_end ] --START--
INFO: Run Behavior\ShowPageTraceBehavior [ RunTime:0.000000s ]
INFO: [ app_end ] --END-- [ RunTime:0.000000s ]

[ 2018-01-09T15:03:32+08:00 ] 115.60.184.213 /Index/searchBook.html
INFO: [ app_init ] --START--
INFO: Run Behavior\BuildLiteBehavior [ RunTime:0.000000s ]
INFO: [ app_init ] --END-- [ RunTime:0.015625s ]
INFO: [ app_begin ] --START--
INFO: Run Behavior\ReadHtmlCacheBehavior [ RunTime:0.000000s ]
INFO: [ app_begin ] --END-- [ RunTime:0.000000s ]
NOTIC: [8] Undefined index: channel C:\article_wap\Application\Mobile\Controller\MobileBaseController.class.php 第 175 行.
NOTIC: [8] Undefined index: usercode C:\article_wap\Application\Mobile\Controller\MobileBaseController.class.php 第 91 行.
INFO: [ view_parse ] --START--
INFO: [ template_filter ] --START--
INFO: Run Behavior\ContentReplaceBehavior [ RunTime:0.000000s ]
INFO: [ template_filter ] --END-- [ RunTime:0.000000s ]
INFO: Run Behavior\ParseTemplateBehavior [ RunTime:0.031251s ]
INFO: [ view_parse ] --END-- [ RunTime:0.031251s ]
INFO: [ view_filter ] --START--
INFO: Run Behavior\WriteHtmlCacheBehavior [ RunTime:0.000000s ]
INFO: [ view_filter ] --END-- [ RunTime:0.000000s ]
INFO: [ app_end ] --START--
INFO: Run Behavior\ShowPageTraceBehavior [ RunTime:0.000000s ]
INFO: [ app_end ] --END-- [ RunTime:0.000000s ]

