[ 2018-02-19T00:05:29+08:00 ] 220.181.108.117 /
INFO: [ app_init ] --START--
INFO: Run Behavior\BuildLiteBehavior [ RunTime:0.000000s ]
INFO: [ app_init ] --END-- [ RunTime:0.000000s ]
INFO: [ app_begin ] --START--
INFO: Run Behavior\ReadHtmlCacheBehavior [ RunTime:0.000000s ]
INFO: [ app_begin ] --END-- [ RunTime:0.000000s ]
NOTIC: [8] Undefined index: usercode C:\article_wap\Application\Mobile\Controller\MobileBaseController.class.php 第 91 行.
NOTIC: [2] Invalid argument supplied for foreach() C:\article_wap\ThinkPHP\Library\Think\Db\Driver.class.php 第 546 行.
INFO: [ view_parse ] --START--
INFO: [ template_filter ] --START--
INFO: Run Behavior\ContentReplaceBehavior [ RunTime:0.000000s ]
INFO: [ template_filter ] --END-- [ RunTime:0.000000s ]
INFO: Run Behavior\ParseTemplateBehavior [ RunTime:0.015625s ]
INFO: [ view_parse ] --END-- [ RunTime:0.015625s ]
INFO: [ view_filter ] --START--
INFO: Run Behavior\WriteHtmlCacheBehavior [ RunTime:0.000000s ]
INFO: [ view_filter ] --END-- [ RunTime:0.000000s ]
INFO: [ app_end ] --START--
INFO: Run Behavior\ShowPageTraceBehavior [ RunTime:0.000000s ]
INFO: [ app_end ] --END-- [ RunTime:0.000000s ]

[ 2018-02-19T01:38:55+08:00 ] 157.55.39.165 /
INFO: [ app_init ] --START--
INFO: Run Behavior\BuildLiteBehavior [ RunTime:0.000000s ]
INFO: [ app_init ] --END-- [ RunTime:0.000000s ]
INFO: [ app_begin ] --START--
INFO: Run Behavior\ReadHtmlCacheBehavior [ RunTime:0.000000s ]
INFO: [ app_begin ] --END-- [ RunTime:0.000000s ]
NOTIC: [8] Undefined index: usercode C:\article_wap\Application\Mobile\Controller\MobileBaseController.class.php 第 91 行.
NOTIC: [2] Invalid argument supplied for foreach() C:\article_wap\ThinkPHP\Library\Think\Db\Driver.class.php 第 546 行.
INFO: [ view_parse ] --START--
INFO: [ template_filter ] --START--
INFO: Run Behavior\ContentReplaceBehavior [ RunTime:0.000000s ]
INFO: [ template_filter ] --END-- [ RunTime:0.000000s ]
INFO: Run Behavior\ParseTemplateBehavior [ RunTime:0.031250s ]
INFO: [ view_parse ] --END-- [ RunTime:0.031250s ]
INFO: [ view_filter ] --START--
INFO: Run Behavior\WriteHtmlCacheBehavior [ RunTime:0.000000s ]
INFO: [ view_filter ] --END-- [ RunTime:0.000000s ]
INFO: [ app_end ] --START--
INFO: Run Behavior\ShowPageTraceBehavior [ RunTime:0.000000s ]
INFO: [ app_end ] --END-- [ RunTime:0.000000s ]

[ 2018-02-19T01:41:12+08:00 ] 106.11.152.245 /Index/getBookListFromSortID/sort_id/7.html
INFO: [ app_init ] --START--
INFO: Run Behavior\BuildLiteBehavior [ RunTime:0.000000s ]
INFO: [ app_init ] --END-- [ RunTime:0.000000s ]
INFO: [ app_begin ] --START--
INFO: Run Behavior\ReadHtmlCacheBehavior [ RunTime:0.000000s ]
INFO: [ app_begin ] --END-- [ RunTime:0.000000s ]
NOTIC: [8] Undefined index: channel C:\article_wap\Application\Mobile\Controller\MobileBaseController.class.php 第 175 行.
NOTIC: [8] Undefined index: usercode C:\article_wap\Application\Mobile\Controller\MobileBaseController.class.php 第 91 行.
NOTIC: [8] Undefined index: sortid C:\article_wap\Application\Mobile\Common\function.php 第 103 行.
NOTIC: [8] Undefined index:  C:\article_wap\Application\Common\Common\function.php 第 668 行.
NOTIC: [8] Undefined index: is_ajax C:\article_wap\Application\Mobile\Controller\IndexController.class.php 第 171 行.
INFO: [ view_parse ] --START--
INFO: [ template_filter ] --START--
INFO: Run Behavior\ContentReplaceBehavior [ RunTime:0.000000s ]
INFO: [ template_filter ] --END-- [ RunTime:0.000000s ]
NOTIC: [8] Undefined index: info C:\article_wap\Application\Runtime\Cache\Mobile\c5ba2ea0e023ea9817bb89cdece8c8e1.php 第 62 行.
INFO: Run Behavior\ParseTemplateBehavior [ RunTime:0.000000s ]
INFO: [ view_parse ] --END-- [ RunTime:0.000000s ]
INFO: [ view_filter ] --START--
INFO: Run Behavior\WriteHtmlCacheBehavior [ RunTime:0.000000s ]
INFO: [ view_filter ] --END-- [ RunTime:0.000000s ]
INFO: [ app_end ] --START--
INFO: Run Behavior\ShowPageTraceBehavior [ RunTime:0.000000s ]
INFO: [ app_end ] --END-- [ RunTime:0.000000s ]

[ 2018-02-19T03:31:03+08:00 ] 180.149.143.26 /
INFO: [ app_init ] --START--
INFO: Run Behavior\BuildLiteBehavior [ RunTime:0.000000s ]
INFO: [ app_init ] --END-- [ RunTime:0.000000s ]
INFO: [ app_begin ] --START--
INFO: Run Behavior\ReadHtmlCacheBehavior [ RunTime:0.000000s ]
INFO: [ app_begin ] --END-- [ RunTime:0.000000s ]
NOTIC: [8] Undefined index: usercode C:\article_wap\Application\Mobile\Controller\MobileBaseController.class.php 第 91 行.
NOTIC: [2] Invalid argument supplied for foreach() C:\article_wap\ThinkPHP\Library\Think\Db\Driver.class.php 第 546 行.
INFO: [ view_parse ] --START--
INFO: [ template_filter ] --START--
INFO: Run Behavior\ContentReplaceBehavior [ RunTime:0.000000s ]
INFO: [ template_filter ] --END-- [ RunTime:0.000000s ]
INFO: Run Behavior\ParseTemplateBehavior [ RunTime:0.031250s ]
INFO: [ view_parse ] --END-- [ RunTime:0.031250s ]
INFO: [ view_filter ] --START--
INFO: Run Behavior\WriteHtmlCacheBehavior [ RunTime:0.000000s ]
INFO: [ view_filter ] --END-- [ RunTime:0.000000s ]
INFO: [ app_end ] --START--
INFO: Run Behavior\ShowPageTraceBehavior [ RunTime:0.000000s ]
INFO: [ app_end ] --END-- [ RunTime:0.000000s ]

[ 2018-02-19T05:01:59+08:00 ] 220.181.51.80 /
INFO: [ app_init ] --START--
INFO: Run Behavior\BuildLiteBehavior [ RunTime:0.000000s ]
INFO: [ app_init ] --END-- [ RunTime:0.000000s ]
INFO: [ app_begin ] --START--
INFO: Run Behavior\ReadHtmlCacheBehavior [ RunTime:0.000000s ]
INFO: [ app_begin ] --END-- [ RunTime:0.000000s ]
NOTIC: [8] Undefined index: usercode C:\article_wap\Application\Mobile\Controller\MobileBaseController.class.php 第 91 行.
NOTIC: [2] Invalid argument supplied for foreach() C:\article_wap\ThinkPHP\Library\Think\Db\Driver.class.php 第 546 行.
INFO: [ view_parse ] --START--
INFO: [ template_filter ] --START--
INFO: Run Behavior\ContentReplaceBehavior [ RunTime:0.000000s ]
INFO: [ template_filter ] --END-- [ RunTime:0.000000s ]
INFO: Run Behavior\ParseTemplateBehavior [ RunTime:0.015625s ]
INFO: [ view_parse ] --END-- [ RunTime:0.015625s ]
INFO: [ view_filter ] --START--
INFO: Run Behavior\WriteHtmlCacheBehavior [ RunTime:0.000000s ]
INFO: [ view_filter ] --END-- [ RunTime:0.000000s ]
INFO: [ app_end ] --START--
INFO: Run Behavior\ShowPageTraceBehavior [ RunTime:0.000000s ]
INFO: [ app_end ] --END-- [ RunTime:0.000000s ]

[ 2018-02-19T05:37:15+08:00 ] 106.11.157.239 /Article/readChapter/chapter_id/580778/book_id/1887.html
INFO: [ app_init ] --START--
INFO: Run Behavior\BuildLiteBehavior [ RunTime:0.000000s ]
INFO: [ app_init ] --END-- [ RunTime:0.000000s ]
INFO: [ app_begin ] --START--
INFO: Run Behavior\ReadHtmlCacheBehavior [ RunTime:0.000000s ]
INFO: [ app_begin ] --END-- [ RunTime:0.000000s ]
NOTIC: [8] Undefined index: channel C:\article_wap\Application\Mobile\Controller\MobileBaseController.class.php 第 175 行.
NOTIC: [8] Undefined index: usercode C:\article_wap\Application\Mobile\Controller\MobileBaseController.class.php 第 91 行.
NOTIC: [8] Undefined index: allvisit C:\article_wap\Application\Mobile\Controller\ArticleController.class.php 第 169 行.
NOTIC: [8] Undefined index: uid C:\article_wap\Application\Mobile\Controller\ArticleController.class.php 第 704 行.
NOTIC: [8] Undefined index: uid C:\article_wap\Application\Mobile\Controller\ArticleController.class.php 第 735 行.
NOTIC: [8] Undefined index: uname C:\article_wap\Application\Mobile\Controller\ArticleController.class.php 第 737 行.
ERR: 1048:Column 'userid' cannot be null
 [ SQL语句 ] : INSERT INTO `jieqi_distribution_article_bookcase` (`articleid`,`articlename`,`userid`,`username`,`chapterid`,`chaptername`,`chapterorder`,`joindate`) VALUES ('1887','爱似鬼迷心窍',NULL,NULL,'580778','第二十九章情况突变','29','1518989835')
ERR: 1146:Table 'acool.jieqi_article' doesn't exist
 [ SQL语句 ] : SHOW COLUMNS FROM `jieqi_article`
NOTIC: [8] Undefined index: uid C:\article_wap\Application\Mobile\Logic\ArticleLogic.class.php 第 56 行.
NOTIC: [8] Undefined index: uid C:\article_wap\Application\Mobile\Controller\ArticleController.class.php 第 646 行.
INFO: [ view_parse ] --START--
INFO: [ template_filter ] --START--
INFO: Run Behavior\ContentReplaceBehavior [ RunTime:0.000000s ]
INFO: [ template_filter ] --END-- [ RunTime:0.000000s ]
INFO: Run Behavior\ParseTemplateBehavior [ RunTime:0.015625s ]
INFO: [ view_parse ] --END-- [ RunTime:0.015625s ]
INFO: [ view_filter ] --START--
INFO: Run Behavior\WriteHtmlCacheBehavior [ RunTime:0.000000s ]
INFO: [ view_filter ] --END-- [ RunTime:0.000000s ]
INFO: [ app_end ] --START--
INFO: Run Behavior\ShowPageTraceBehavior [ RunTime:0.000000s ]
INFO: [ app_end ] --END-- [ RunTime:0.000000s ]

[ 2018-02-19T05:37:55+08:00 ] 120.78.45.96 /
INFO: [ app_init ] --START--
INFO: Run Behavior\BuildLiteBehavior [ RunTime:0.000000s ]
INFO: [ app_init ] --END-- [ RunTime:0.000000s ]
INFO: [ app_begin ] --START--
INFO: Run Behavior\ReadHtmlCacheBehavior [ RunTime:0.000000s ]
INFO: [ app_begin ] --END-- [ RunTime:0.000000s ]
NOTIC: [8] Undefined index: usercode C:\article_wap\Application\Mobile\Controller\MobileBaseController.class.php 第 91 行.
NOTIC: [2] Invalid argument supplied for foreach() C:\article_wap\ThinkPHP\Library\Think\Db\Driver.class.php 第 546 行.
INFO: [ view_parse ] --START--
INFO: [ template_filter ] --START--
INFO: Run Behavior\ContentReplaceBehavior [ RunTime:0.000000s ]
INFO: [ template_filter ] --END-- [ RunTime:0.000000s ]
INFO: Run Behavior\ParseTemplateBehavior [ RunTime:0.015625s ]
INFO: [ view_parse ] --END-- [ RunTime:0.015625s ]
INFO: [ view_filter ] --START--
INFO: Run Behavior\WriteHtmlCacheBehavior [ RunTime:0.000000s ]
INFO: [ view_filter ] --END-- [ RunTime:0.000000s ]
INFO: [ app_end ] --START--
INFO: Run Behavior\ShowPageTraceBehavior [ RunTime:0.000000s ]
INFO: [ app_end ] --END-- [ RunTime:0.000000s ]

[ 2018-02-19T06:58:04+08:00 ] 123.125.67.148 /
INFO: [ app_init ] --START--
INFO: Run Behavior\BuildLiteBehavior [ RunTime:0.000000s ]
INFO: [ app_init ] --END-- [ RunTime:0.000000s ]
INFO: [ app_begin ] --START--
INFO: Run Behavior\ReadHtmlCacheBehavior [ RunTime:0.000000s ]
INFO: [ app_begin ] --END-- [ RunTime:0.000000s ]
NOTIC: [8] Undefined index: usercode C:\article_wap\Application\Mobile\Controller\MobileBaseController.class.php 第 91 行.
NOTIC: [2] Invalid argument supplied for foreach() C:\article_wap\ThinkPHP\Library\Think\Db\Driver.class.php 第 546 行.
INFO: [ view_parse ] --START--
INFO: [ template_filter ] --START--
INFO: Run Behavior\ContentReplaceBehavior [ RunTime:0.000000s ]
INFO: [ template_filter ] --END-- [ RunTime:0.000000s ]
INFO: Run Behavior\ParseTemplateBehavior [ RunTime:0.015625s ]
INFO: [ view_parse ] --END-- [ RunTime:0.015625s ]
INFO: [ view_filter ] --START--
INFO: Run Behavior\WriteHtmlCacheBehavior [ RunTime:0.000000s ]
INFO: [ view_filter ] --END-- [ RunTime:0.000000s ]
INFO: [ app_end ] --START--
INFO: Run Behavior\ShowPageTraceBehavior [ RunTime:0.000000s ]
INFO: [ app_end ] --END-- [ RunTime:0.000000s ]

[ 2018-02-19T08:35:07+08:00 ] 106.11.155.246 /Article/index/id/1900.html
INFO: [ app_init ] --START--
INFO: Run Behavior\BuildLiteBehavior [ RunTime:0.000000s ]
INFO: [ app_init ] --END-- [ RunTime:0.000000s ]
INFO: [ app_begin ] --START--
INFO: Run Behavior\ReadHtmlCacheBehavior [ RunTime:0.000000s ]
INFO: [ app_begin ] --END-- [ RunTime:0.000000s ]
NOTIC: [8] Undefined index: channel C:\article_wap\Application\Mobile\Controller\MobileBaseController.class.php 第 175 行.
NOTIC: [8] Undefined index: usercode C:\article_wap\Application\Mobile\Controller\MobileBaseController.class.php 第 91 行.
INFO: [ view_parse ] --START--
INFO: [ template_filter ] --START--
INFO: Run Behavior\ContentReplaceBehavior [ RunTime:0.000000s ]
INFO: [ template_filter ] --END-- [ RunTime:0.000000s ]
INFO: Run Behavior\ParseTemplateBehavior [ RunTime:0.015625s ]
INFO: [ view_parse ] --END-- [ RunTime:0.015625s ]
INFO: [ view_filter ] --START--
INFO: Run Behavior\WriteHtmlCacheBehavior [ RunTime:0.000000s ]
INFO: [ view_filter ] --END-- [ RunTime:0.000000s ]
ERR: 1146:Table 'acool.jieqi_article' doesn't exist
 [ SQL语句 ] : SHOW COLUMNS FROM `jieqi_article`
INFO: [ app_end ] --START--
INFO: Run Behavior\ShowPageTraceBehavior [ RunTime:0.000000s ]
INFO: [ app_end ] --END-- [ RunTime:0.000000s ]

[ 2018-02-19T12:05:10+08:00 ] 106.11.156.248 /Article/getDirectory/id/1900.html
INFO: [ app_init ] --START--
INFO: Run Behavior\BuildLiteBehavior [ RunTime:0.000000s ]
INFO: [ app_init ] --END-- [ RunTime:0.000000s ]
INFO: [ app_begin ] --START--
INFO: Run Behavior\ReadHtmlCacheBehavior [ RunTime:0.000000s ]
INFO: [ app_begin ] --END-- [ RunTime:0.000000s ]
NOTIC: [8] Undefined index: channel C:\article_wap\Application\Mobile\Controller\MobileBaseController.class.php 第 175 行.
NOTIC: [8] Undefined index: usercode C:\article_wap\Application\Mobile\Controller\MobileBaseController.class.php 第 91 行.
NOTIC: [8] Undefined index: is_ajax C:\article_wap\Application\Mobile\Controller\ArticleController.class.php 第 127 行.
INFO: [ view_parse ] --START--
INFO: [ template_filter ] --START--
INFO: Run Behavior\ContentReplaceBehavior [ RunTime:0.000000s ]
INFO: [ template_filter ] --END-- [ RunTime:0.000000s ]
INFO: Run Behavior\ParseTemplateBehavior [ RunTime:0.015625s ]
INFO: [ view_parse ] --END-- [ RunTime:0.015625s ]
INFO: [ view_filter ] --START--
INFO: Run Behavior\WriteHtmlCacheBehavior [ RunTime:0.000000s ]
INFO: [ view_filter ] --END-- [ RunTime:0.000000s ]
INFO: [ app_end ] --START--
INFO: Run Behavior\ShowPageTraceBehavior [ RunTime:0.000000s ]
INFO: [ app_end ] --END-- [ RunTime:0.000000s ]

[ 2018-02-19T15:15:33+08:00 ] 157.55.39.165 /
INFO: [ app_init ] --START--
INFO: Run Behavior\BuildLiteBehavior [ RunTime:0.000000s ]
INFO: [ app_init ] --END-- [ RunTime:0.000000s ]
INFO: [ app_begin ] --START--
INFO: Run Behavior\ReadHtmlCacheBehavior [ RunTime:0.000000s ]
INFO: [ app_begin ] --END-- [ RunTime:0.000000s ]
NOTIC: [8] Undefined index: usercode C:\article_wap\Application\Mobile\Controller\MobileBaseController.class.php 第 91 行.
NOTIC: [2] Invalid argument supplied for foreach() C:\article_wap\ThinkPHP\Library\Think\Db\Driver.class.php 第 546 行.
INFO: [ view_parse ] --START--
INFO: [ template_filter ] --START--
INFO: Run Behavior\ContentReplaceBehavior [ RunTime:0.000000s ]
INFO: [ template_filter ] --END-- [ RunTime:0.000000s ]
INFO: Run Behavior\ParseTemplateBehavior [ RunTime:0.031250s ]
INFO: [ view_parse ] --END-- [ RunTime:0.031250s ]
INFO: [ view_filter ] --START--
INFO: Run Behavior\WriteHtmlCacheBehavior [ RunTime:0.000000s ]
INFO: [ view_filter ] --END-- [ RunTime:0.000000s ]
INFO: [ app_end ] --START--
INFO: Run Behavior\ShowPageTraceBehavior [ RunTime:0.000000s ]
INFO: [ app_end ] --END-- [ RunTime:0.000000s ]

[ 2018-02-19T17:52:17+08:00 ] 106.11.153.249 /Index/getBookListFromSortID/sort_id/3.html
INFO: [ app_init ] --START--
INFO: Run Behavior\BuildLiteBehavior [ RunTime:0.000000s ]
INFO: [ app_init ] --END-- [ RunTime:0.000000s ]
INFO: [ app_begin ] --START--
INFO: Run Behavior\ReadHtmlCacheBehavior [ RunTime:0.000000s ]
INFO: [ app_begin ] --END-- [ RunTime:0.000000s ]
NOTIC: [8] Undefined index: channel C:\article_wap\Application\Mobile\Controller\MobileBaseController.class.php 第 175 行.
NOTIC: [8] Undefined index: usercode C:\article_wap\Application\Mobile\Controller\MobileBaseController.class.php 第 91 行.
NOTIC: [8] Undefined index: sortid C:\article_wap\Application\Mobile\Common\function.php 第 103 行.
NOTIC: [8] Undefined index:  C:\article_wap\Application\Common\Common\function.php 第 668 行.
NOTIC: [8] Undefined index: sortid C:\article_wap\Application\Mobile\Common\function.php 第 103 行.
NOTIC: [8] Undefined index:  C:\article_wap\Application\Common\Common\function.php 第 668 行.
NOTIC: [8] Undefined index: sortid C:\article_wap\Application\Mobile\Common\function.php 第 103 行.
NOTIC: [8] Undefined index:  C:\article_wap\Application\Common\Common\function.php 第 668 行.
NOTIC: [8] Undefined index: sortid C:\article_wap\Application\Mobile\Common\function.php 第 103 行.
NOTIC: [8] Undefined index:  C:\article_wap\Application\Common\Common\function.php 第 668 行.
NOTIC: [8] Undefined index: sortid C:\article_wap\Application\Mobile\Common\function.php 第 103 行.
NOTIC: [8] Undefined index:  C:\article_wap\Application\Common\Common\function.php 第 668 行.
NOTIC: [8] Undefined index: sortid C:\article_wap\Application\Mobile\Common\function.php 第 103 行.
NOTIC: [8] Undefined index:  C:\article_wap\Application\Common\Common\function.php 第 668 行.
NOTIC: [8] Undefined index: is_ajax C:\article_wap\Application\Mobile\Controller\IndexController.class.php 第 171 行.
INFO: [ view_parse ] --START--
INFO: [ template_filter ] --START--
INFO: Run Behavior\ContentReplaceBehavior [ RunTime:0.000000s ]
INFO: [ template_filter ] --END-- [ RunTime:0.000000s ]
NOTIC: [8] Undefined index: info C:\article_wap\Application\Runtime\Cache\Mobile\c5ba2ea0e023ea9817bb89cdece8c8e1.php 第 62 行.
NOTIC: [8] Undefined index: info C:\article_wap\Application\Runtime\Cache\Mobile\c5ba2ea0e023ea9817bb89cdece8c8e1.php 第 62 行.
NOTIC: [8] Undefined index: info C:\article_wap\Application\Runtime\Cache\Mobile\c5ba2ea0e023ea9817bb89cdece8c8e1.php 第 62 行.
NOTIC: [8] Undefined index: info C:\article_wap\Application\Runtime\Cache\Mobile\c5ba2ea0e023ea9817bb89cdece8c8e1.php 第 62 行.
NOTIC: [8] Undefined index: info C:\article_wap\Application\Runtime\Cache\Mobile\c5ba2ea0e023ea9817bb89cdece8c8e1.php 第 62 行.
NOTIC: [8] Undefined index: info C:\article_wap\Application\Runtime\Cache\Mobile\c5ba2ea0e023ea9817bb89cdece8c8e1.php 第 62 行.
INFO: Run Behavior\ParseTemplateBehavior [ RunTime:0.031251s ]
INFO: [ view_parse ] --END-- [ RunTime:0.031251s ]
INFO: [ view_filter ] --START--
INFO: Run Behavior\WriteHtmlCacheBehavior [ RunTime:0.000000s ]
INFO: [ view_filter ] --END-- [ RunTime:0.000000s ]
INFO: [ app_end ] --START--
INFO: Run Behavior\ShowPageTraceBehavior [ RunTime:0.000000s ]
INFO: [ app_end ] --END-- [ RunTime:0.000000s ]

[ 2018-02-19T18:44:06+08:00 ] 124.251.57.120 /
INFO: [ app_init ] --START--
INFO: Run Behavior\BuildLiteBehavior [ RunTime:0.000000s ]
INFO: [ app_init ] --END-- [ RunTime:0.000000s ]
INFO: [ app_begin ] --START--
INFO: Run Behavior\ReadHtmlCacheBehavior [ RunTime:0.000000s ]
INFO: [ app_begin ] --END-- [ RunTime:0.000000s ]
NOTIC: [8] Undefined index: usercode C:\article_wap\Application\Mobile\Controller\MobileBaseController.class.php 第 91 行.
NOTIC: [2] Invalid argument supplied for foreach() C:\article_wap\ThinkPHP\Library\Think\Db\Driver.class.php 第 546 行.
INFO: [ view_parse ] --START--
INFO: [ template_filter ] --START--
INFO: Run Behavior\ContentReplaceBehavior [ RunTime:0.000000s ]
INFO: [ template_filter ] --END-- [ RunTime:0.000000s ]
INFO: Run Behavior\ParseTemplateBehavior [ RunTime:0.031249s ]
INFO: [ view_parse ] --END-- [ RunTime:0.031249s ]
INFO: [ view_filter ] --START--
INFO: Run Behavior\WriteHtmlCacheBehavior [ RunTime:0.000000s ]
INFO: [ view_filter ] --END-- [ RunTime:0.000000s ]
INFO: [ app_end ] --START--
INFO: Run Behavior\ShowPageTraceBehavior [ RunTime:0.000000s ]
INFO: [ app_end ] --END-- [ RunTime:0.000000s ]

