[ 2018-03-25T00:18:41+08:00 ] 106.11.159.211 /Article/readChapter/chapter_id/583010/book_id/1912.html
INFO: [ app_init ] --START--
INFO: Run Behavior\BuildLiteBehavior [ RunTime:0.000000s ]
INFO: [ app_init ] --END-- [ RunTime:0.000000s ]
INFO: [ app_begin ] --START--
INFO: Run Behavior\ReadHtmlCacheBehavior [ RunTime:0.000000s ]
INFO: [ app_begin ] --END-- [ RunTime:0.000000s ]
NOTIC: [8] Undefined index: channel C:\article_wap\Application\Mobile\Controller\MobileBaseController.class.php ç¬¬ 173 è¡Œ.
NOTIC: [8] Undefined index: usercode C:\article_wap\Application\Mobile\Controller\MobileBaseController.class.php ç¬¬ 89 è¡Œ.
NOTIC: [8] Undefined index: allvisit C:\article_wap\Application\Mobile\Controller\ArticleController.class.php ç¬¬ 169 è¡Œ.
NOTIC: [8] Undefined index: uid C:\article_wap\Application\Mobile\Controller\ArticleController.class.php ç¬¬ 704 è¡Œ.
NOTIC: [8] Undefined index: uid C:\article_wap\Application\Mobile\Controller\ArticleController.class.php ç¬¬ 735 è¡Œ.
NOTIC: [8] Undefined index: uname C:\article_wap\Application\Mobile\Controller\ArticleController.class.php ç¬¬ 737 è¡Œ.
ERR: 1048:Column 'userid' cannot be null
 [ SQLè¯­å¥ ] : INSERT INTO `jieqi_distribution_article_bookcase` (`articleid`,`articlename`,`userid`,`username`,`chapterid`,`chaptername`,`chapterorder`,`joindate`) VALUES ('1912','æžå“è€å¸æœº',NULL,NULL,'583010','ç¬¬006ç« é¢†å¯¼å‡ºä¸‘','6','1521908321')
INFO: [ view_parse ] --START--
INFO: [ template_filter ] --START--
INFO: Run Behavior\ContentReplaceBehavior [ RunTime:0.000000s ]
INFO: [ template_filter ] --END-- [ RunTime:0.000000s ]
INFO: Run Behavior\ParseTemplateBehavior [ RunTime:0.015624s ]
INFO: [ view_parse ] --END-- [ RunTime:0.015624s ]
INFO: [ view_filter ] --START--
INFO: Run Behavior\WriteHtmlCacheBehavior [ RunTime:0.000000s ]
INFO: [ view_filter ] --END-- [ RunTime:0.000000s ]
INFO: [ app_end ] --START--
INFO: Run Behavior\ShowPageTraceBehavior [ RunTime:0.000000s ]
INFO: [ app_end ] --END-- [ RunTime:0.000000s ]

[ 2018-03-25T00:18:41+08:00 ] 106.11.158.196 /Article/readChapter/chapter_id/581148/book_id/1895.html
INFO: [ app_init ] --START--
INFO: Run Behavior\BuildLiteBehavior [ RunTime:0.000000s ]
INFO: [ app_init ] --END-- [ RunTime:0.015625s ]
INFO: [ app_begin ] --START--
INFO: Run Behavior\ReadHtmlCacheBehavior [ RunTime:0.000000s ]
INFO: [ app_begin ] --END-- [ RunTime:0.000000s ]
NOTIC: [8] Undefined index: channel C:\article_wap\Application\Mobile\Controller\MobileBaseController.class.php ç¬¬ 173 è¡Œ.
NOTIC: [8] Undefined index: usercode C:\article_wap\Application\Mobile\Controller\MobileBaseController.class.php ç¬¬ 89 è¡Œ.
NOTIC: [8] Undefined index: allvisit C:\article_wap\Application\Mobile\Controller\ArticleController.class.php ç¬¬ 169 è¡Œ.
NOTIC: [8] Undefined index: uid C:\article_wap\Application\Mobile\Controller\ArticleController.class.php ç¬¬ 704 è¡Œ.
NOTIC: [8] Undefined index: uid C:\article_wap\Application\Mobile\Controller\ArticleController.class.php ç¬¬ 735 è¡Œ.
NOTIC: [8] Undefined index: uname C:\article_wap\Application\Mobile\Controller\ArticleController.class.php ç¬¬ 737 è¡Œ.
ERR: 1048:Column 'userid' cannot be null
 [ SQLè¯­å¥ ] : INSERT INTO `jieqi_distribution_article_bookcase` (`articleid`,`articlename`,`userid`,`username`,`chapterid`,`chaptername`,`chapterorder`,`joindate`) VALUES ('1895','ä½ æ›¾ä½åœ¨æˆ‘å¿ƒä¸Š',NULL,NULL,'581148','ç¬¬äºŒåç« æ•…æ„çš„','20','1521908321')
ERR: 1146:Table 'acool.jieqi_article' doesn't exist
 [ SQLè¯­å¥ ] : SHOW COLUMNS FROM `jieqi_article`
NOTIC: [8] Undefined index: uid C:\article_wap\Application\Mobile\Logic\ArticleLogic.class.php ç¬¬ 56 è¡Œ.
NOTIC: [8] Undefined index: uid C:\article_wap\Application\Mobile\Controller\ArticleController.class.php ç¬¬ 646 è¡Œ.
INFO: [ view_parse ] --START--
INFO: [ template_filter ] --START--
INFO: Run Behavior\ContentReplaceBehavior [ RunTime:0.000000s ]
INFO: [ template_filter ] --END-- [ RunTime:0.000000s ]
INFO: Run Behavior\ParseTemplateBehavior [ RunTime:0.015625s ]
INFO: [ view_parse ] --END-- [ RunTime:0.015625s ]
INFO: [ view_filter ] --START--
INFO: Run Behavior\WriteHtmlCacheBehavior [ RunTime:0.000000s ]
INFO: [ view_filter ] --END-- [ RunTime:0.000000s ]
INFO: [ app_end ] --START--
INFO: Run Behavior\ShowPageTraceBehavior [ RunTime:0.000000s ]
INFO: [ app_end ] --END-- [ RunTime:0.000000s ]

[ 2018-03-25T00:31:11+08:00 ] 106.11.155.209 /Index/getTopicList.html
INFO: [ app_init ] --START--
INFO: Run Behavior\BuildLiteBehavior [ RunTime:0.000000s ]
INFO: [ app_init ] --END-- [ RunTime:0.000000s ]
INFO: [ app_begin ] --START--
INFO: Run Behavior\ReadHtmlCacheBehavior [ RunTime:0.000000s ]
INFO: [ app_begin ] --END-- [ RunTime:0.000000s ]
NOTIC: [8] Undefined index: channel C:\article_wap\Application\Mobile\Controller\MobileBaseController.class.php ç¬¬ 173 è¡Œ.
NOTIC: [8] Undefined index: usercode C:\article_wap\Application\Mobile\Controller\MobileBaseController.class.php ç¬¬ 89 è¡Œ.
NOTIC: [2] Invalid argument supplied for foreach() C:\article_wap\ThinkPHP\Library\Think\Db\Driver.class.php ç¬¬ 546 è¡Œ.
NOTIC: [2] Invalid argument supplied for foreach() C:\article_wap\ThinkPHP\Library\Think\Db\Driver.class.php ç¬¬ 546 è¡Œ.
NOTIC: [8] Undefined index: is_ajax C:\article_wap\Application\Mobile\Controller\IndexController.class.php ç¬¬ 234 è¡Œ.
INFO: [ view_parse ] --START--
INFO: [ template_filter ] --START--
INFO: Run Behavior\ContentReplaceBehavior [ RunTime:0.000000s ]
INFO: [ template_filter ] --END-- [ RunTime:0.000000s ]
INFO: Run Behavior\ParseTemplateBehavior [ RunTime:0.015625s ]
INFO: [ view_parse ] --END-- [ RunTime:0.015625s ]
INFO: [ view_filter ] --START--
INFO: Run Behavior\WriteHtmlCacheBehavior [ RunTime:0.000000s ]
INFO: [ view_filter ] --END-- [ RunTime:0.000000s ]
INFO: [ app_end ] --START--
INFO: Run Behavior\ShowPageTraceBehavior [ RunTime:0.000000s ]
INFO: [ app_end ] --END-- [ RunTime:0.000000s ]

[ 2018-03-25T00:50:11+08:00 ] 106.11.153.201 /Index/index.html
INFO: [ app_init ] --START--
INFO: Run Behavior\BuildLiteBehavior [ RunTime:0.000000s ]
INFO: [ app_init ] --END-- [ RunTime:0.000000s ]
INFO: [ app_begin ] --START--
INFO: Run Behavior\ReadHtmlCacheBehavior [ RunTime:0.000000s ]
INFO: [ app_begin ] --END-- [ RunTime:0.000000s ]
NOTIC: [8] Undefined index: channel C:\article_wap\Application\Mobile\Controller\MobileBaseController.class.php ç¬¬ 173 è¡Œ.
NOTIC: [8] Undefined index: usercode C:\article_wap\Application\Mobile\Controller\MobileBaseController.class.php ç¬¬ 89 è¡Œ.
NOTIC: [2] Invalid argument supplied for foreach() C:\article_wap\ThinkPHP\Library\Think\Db\Driver.class.php ç¬¬ 546 è¡Œ.
INFO: [ view_parse ] --START--
INFO: [ template_filter ] --START--
INFO: Run Behavior\ContentReplaceBehavior [ RunTime:0.000000s ]
INFO: [ template_filter ] --END-- [ RunTime:0.000000s ]
INFO: Run Behavior\ParseTemplateBehavior [ RunTime:0.015625s ]
INFO: [ view_parse ] --END-- [ RunTime:0.015625s ]
INFO: [ view_filter ] --START--
INFO: Run Behavior\WriteHtmlCacheBehavior [ RunTime:0.000000s ]
INFO: [ view_filter ] --END-- [ RunTime:0.000000s ]
INFO: [ app_end ] --START--
INFO: Run Behavior\ShowPageTraceBehavior [ RunTime:0.000000s ]
INFO: [ app_end ] --END-- [ RunTime:0.000000s ]

[ 2018-03-25T01:40:42+08:00 ] 106.11.154.203 /Index/getBookListFromTopicId/topic_id/17.html
INFO: [ app_init ] --START--
INFO: Run Behavior\BuildLiteBehavior [ RunTime:0.000000s ]
INFO: [ app_init ] --END-- [ RunTime:0.000000s ]
INFO: [ app_begin ] --START--
INFO: Run Behavior\ReadHtmlCacheBehavior [ RunTime:0.000000s ]
INFO: [ app_begin ] --END-- [ RunTime:0.000000s ]
NOTIC: [8] Undefined index: channel C:\article_wap\Application\Mobile\Controller\MobileBaseController.class.php ç¬¬ 173 è¡Œ.
NOTIC: [8] Undefined index: usercode C:\article_wap\Application\Mobile\Controller\MobileBaseController.class.php ç¬¬ 89 è¡Œ.
INFO: [ view_parse ] --START--
INFO: [ template_filter ] --START--
INFO: Run Behavior\ContentReplaceBehavior [ RunTime:0.000000s ]
INFO: [ template_filter ] --END-- [ RunTime:0.000000s ]
INFO: Run Behavior\ParseTemplateBehavior [ RunTime:0.015625s ]
INFO: [ view_parse ] --END-- [ RunTime:0.015625s ]
INFO: [ view_filter ] --START--
INFO: Run Behavior\WriteHtmlCacheBehavior [ RunTime:0.000000s ]
INFO: [ view_filter ] --END-- [ RunTime:0.000000s ]
INFO: [ app_end ] --START--
INFO: Run Behavior\ShowPageTraceBehavior [ RunTime:0.000000s ]
INFO: [ app_end ] --END-- [ RunTime:0.000000s ]

[ 2018-03-25T02:05:35+08:00 ] 106.120.188.147 /
INFO: [ app_init ] --START--
INFO: Run Behavior\BuildLiteBehavior [ RunTime:0.000000s ]
INFO: [ app_init ] --END-- [ RunTime:0.000000s ]
INFO: [ app_begin ] --START--
INFO: Run Behavior\ReadHtmlCacheBehavior [ RunTime:0.000000s ]
INFO: [ app_begin ] --END-- [ RunTime:0.000000s ]
NOTIC: [8] Undefined index: usercode C:\article_wap\Application\Mobile\Controller\MobileBaseController.class.php ç¬¬ 89 è¡Œ.
NOTIC: [2] Invalid argument supplied for foreach() C:\article_wap\ThinkPHP\Library\Think\Db\Driver.class.php ç¬¬ 546 è¡Œ.
INFO: [ view_parse ] --START--
INFO: [ template_filter ] --START--
INFO: Run Behavior\ContentReplaceBehavior [ RunTime:0.000000s ]
INFO: [ template_filter ] --END-- [ RunTime:0.000000s ]
INFO: Run Behavior\ParseTemplateBehavior [ RunTime:0.031250s ]
INFO: [ view_parse ] --END-- [ RunTime:0.031250s ]
INFO: [ view_filter ] --START--
INFO: Run Behavior\WriteHtmlCacheBehavior [ RunTime:0.000000s ]
INFO: [ view_filter ] --END-- [ RunTime:0.000000s ]
INFO: [ app_end ] --START--
INFO: Run Behavior\ShowPageTraceBehavior [ RunTime:0.000000s ]
INFO: [ app_end ] --END-- [ RunTime:0.000000s ]

[ 2018-03-25T03:02:13+08:00 ] 106.11.157.209 /Index/getBookListFromTopicId/topic_id/19.html
INFO: [ app_init ] --START--
INFO: Run Behavior\BuildLiteBehavior [ RunTime:0.000000s ]
INFO: [ app_init ] --END-- [ RunTime:0.000000s ]
INFO: [ app_begin ] --START--
INFO: Run Behavior\ReadHtmlCacheBehavior [ RunTime:0.000000s ]
INFO: [ app_begin ] --END-- [ RunTime:0.000000s ]
NOTIC: [8] Undefined index: channel C:\article_wap\Application\Mobile\Controller\MobileBaseController.class.php ç¬¬ 173 è¡Œ.
NOTIC: [8] Undefined index: usercode C:\article_wap\Application\Mobile\Controller\MobileBaseController.class.php ç¬¬ 89 è¡Œ.
INFO: [ view_parse ] --START--
INFO: [ template_filter ] --START--
INFO: Run Behavior\ContentReplaceBehavior [ RunTime:0.000000s ]
INFO: [ template_filter ] --END-- [ RunTime:0.000000s ]
INFO: Run Behavior\ParseTemplateBehavior [ RunTime:0.015625s ]
INFO: [ view_parse ] --END-- [ RunTime:0.015625s ]
INFO: [ view_filter ] --START--
INFO: Run Behavior\WriteHtmlCacheBehavior [ RunTime:0.000000s ]
INFO: [ view_filter ] --END-- [ RunTime:0.000000s ]
INFO: [ app_end ] --START--
INFO: Run Behavior\ShowPageTraceBehavior [ RunTime:0.000000s ]
INFO: [ app_end ] --END-- [ RunTime:0.000000s ]

[ 2018-03-25T06:53:15+08:00 ] 106.11.159.211 /Article/readChapter/chapter_id/585791/book_id/1914.html
INFO: [ app_init ] --START--
INFO: Run Behavior\BuildLiteBehavior [ RunTime:0.000000s ]
INFO: [ app_init ] --END-- [ RunTime:0.000000s ]
INFO: [ app_begin ] --START--
INFO: Run Behavior\ReadHtmlCacheBehavior [ RunTime:0.000000s ]
INFO: [ app_begin ] --END-- [ RunTime:0.000000s ]
NOTIC: [8] Undefined index: channel C:\article_wap\Application\Mobile\Controller\MobileBaseController.class.php ç¬¬ 173 è¡Œ.
NOTIC: [8] Undefined index: usercode C:\article_wap\Application\Mobile\Controller\MobileBaseController.class.php ç¬¬ 89 è¡Œ.
NOTIC: [8] Undefined index: allvisit C:\article_wap\Application\Mobile\Controller\ArticleController.class.php ç¬¬ 169 è¡Œ.
NOTIC: [8] Undefined index: uid C:\article_wap\Application\Mobile\Controller\ArticleController.class.php ç¬¬ 704 è¡Œ.
NOTIC: [8] Undefined index: uid C:\article_wap\Application\Mobile\Controller\ArticleController.class.php ç¬¬ 735 è¡Œ.
NOTIC: [8] Undefined index: uname C:\article_wap\Application\Mobile\Controller\ArticleController.class.php ç¬¬ 737 è¡Œ.
ERR: 1048:Column 'userid' cannot be null
 [ SQLè¯­å¥ ] : INSERT INTO `jieqi_distribution_article_bookcase` (`articleid`,`articlename`,`userid`,`username`,`chapterid`,`chaptername`,`chapterorder`,`joindate`) VALUES ('1914','ç¾Žå¥³æ€»è£çˆ±ä¸Šæˆ‘',NULL,NULL,'585791','ç¬¬015ç« ä¸é›…ä¹ æƒ¯','15','1521931995')
INFO: [ view_parse ] --START--
INFO: [ template_filter ] --START--
INFO: Run Behavior\ContentReplaceBehavior [ RunTime:0.000000s ]
INFO: [ template_filter ] --END-- [ RunTime:0.000000s ]
INFO: Run Behavior\ParseTemplateBehavior [ RunTime:0.015625s ]
INFO: [ view_parse ] --END-- [ RunTime:0.015625s ]
INFO: [ view_filter ] --START--
INFO: Run Behavior\WriteHtmlCacheBehavior [ RunTime:0.000000s ]
INFO: [ view_filter ] --END-- [ RunTime:0.000000s ]
INFO: [ app_end ] --START--
INFO: Run Behavior\ShowPageTraceBehavior [ RunTime:0.000000s ]
INFO: [ app_end ] --END-- [ RunTime:0.000000s ]

[ 2018-03-25T08:36:16+08:00 ] 106.11.158.196 /Article/readChapter/chapter_id/589871/book_id/1921.html
INFO: [ app_init ] --START--
INFO: Run Behavior\BuildLiteBehavior [ RunTime:0.000000s ]
INFO: [ app_init ] --END-- [ RunTime:0.000000s ]
INFO: [ app_begin ] --START--
INFO: Run Behavior\ReadHtmlCacheBehavior [ RunTime:0.015625s ]
INFO: [ app_begin ] --END-- [ RunTime:0.015625s ]
NOTIC: [8] Undefined index: channel C:\article_wap\Application\Mobile\Controller\MobileBaseController.class.php ç¬¬ 173 è¡Œ.
NOTIC: [8] Undefined index: usercode C:\article_wap\Application\Mobile\Controller\MobileBaseController.class.php ç¬¬ 89 è¡Œ.
NOTIC: [8] Undefined index: allvisit C:\article_wap\Application\Mobile\Controller\ArticleController.class.php ç¬¬ 169 è¡Œ.
NOTIC: [8] Undefined index: uid C:\article_wap\Application\Mobile\Controller\ArticleController.class.php ç¬¬ 704 è¡Œ.
NOTIC: [8] Undefined index: uid C:\article_wap\Application\Mobile\Controller\ArticleController.class.php ç¬¬ 735 è¡Œ.
NOTIC: [8] Undefined index: uname C:\article_wap\Application\Mobile\Controller\ArticleController.class.php ç¬¬ 737 è¡Œ.
ERR: 1048:Column 'userid' cannot be null
 [ SQLè¯­å¥ ] : INSERT INTO `jieqi_distribution_article_bookcase` (`articleid`,`articlename`,`userid`,`username`,`chapterid`,`chaptername`,`chapterorder`,`joindate`) VALUES ('1921','å¸¦åˆºçš„çŽ«ç‘°',NULL,NULL,'589871','ç¬¬äºŒåä¸ƒç« æœªå©šå¦»','27','1521938176')
ERR: 1146:Table 'acool.jieqi_article' doesn't exist
 [ SQLè¯­å¥ ] : SHOW COLUMNS FROM `jieqi_article`
NOTIC: [8] Undefined index: uid C:\article_wap\Application\Mobile\Logic\ArticleLogic.class.php ç¬¬ 56 è¡Œ.
NOTIC: [8] Undefined index: uid C:\article_wap\Application\Mobile\Controller\ArticleController.class.php ç¬¬ 646 è¡Œ.
INFO: [ view_parse ] --START--
INFO: [ template_filter ] --START--
INFO: Run Behavior\ContentReplaceBehavior [ RunTime:0.000000s ]
INFO: [ template_filter ] --END-- [ RunTime:0.000000s ]
INFO: Run Behavior\ParseTemplateBehavior [ RunTime:0.015625s ]
INFO: [ view_parse ] --END-- [ RunTime:0.015625s ]
INFO: [ view_filter ] --START--
INFO: Run Behavior\WriteHtmlCacheBehavior [ RunTime:0.000000s ]
INFO: [ view_filter ] --END-- [ RunTime:0.000000s ]
INFO: [ app_end ] --START--
INFO: Run Behavior\ShowPageTraceBehavior [ RunTime:0.000000s ]
INFO: [ app_end ] --END-- [ RunTime:0.000000s ]

[ 2018-03-25T09:08:46+08:00 ] 106.11.155.209 /Article/readChapter/chapter_id/580971/book_id/1892.html
INFO: [ app_init ] --START--
INFO: Run Behavior\BuildLiteBehavior [ RunTime:0.000000s ]
INFO: [ app_init ] --END-- [ RunTime:0.000000s ]
INFO: [ app_begin ] --START--
INFO: Run Behavior\ReadHtmlCacheBehavior [ RunTime:0.000000s ]
INFO: [ app_begin ] --END-- [ RunTime:0.000000s ]
NOTIC: [8] Undefined index: channel C:\article_wap\Application\Mobile\Controller\MobileBaseController.class.php ç¬¬ 173 è¡Œ.
NOTIC: [8] Undefined index: usercode C:\article_wap\Application\Mobile\Controller\MobileBaseController.class.php ç¬¬ 89 è¡Œ.
NOTIC: [8] Undefined index: allvisit C:\article_wap\Application\Mobile\Controller\ArticleController.class.php ç¬¬ 169 è¡Œ.
NOTIC: [8] Undefined index: uid C:\article_wap\Application\Mobile\Controller\ArticleController.class.php ç¬¬ 704 è¡Œ.
NOTIC: [8] Undefined index: uid C:\article_wap\Application\Mobile\Controller\ArticleController.class.php ç¬¬ 735 è¡Œ.
NOTIC: [8] Undefined index: uname C:\article_wap\Application\Mobile\Controller\ArticleController.class.php ç¬¬ 737 è¡Œ.
ERR: 1048:Column 'userid' cannot be null
 [ SQLè¯­å¥ ] : INSERT INTO `jieqi_distribution_article_bookcase` (`articleid`,`articlename`,`userid`,`username`,`chapterid`,`chaptername`,`chapterorder`,`joindate`) VALUES ('1892','é£Žå¹èŠ±è½æ³ªå¦‚é›¨',NULL,NULL,'580971','ç¬¬ä¸€ç« é£Žå°‘å£å‘³','1','1521940126')
NOTIC: [8] Undefined offset: 0 C:\article_wap\Application\Mobile\Controller\ArticleController.class.php ç¬¬ 350 è¡Œ.
INFO: [ view_parse ] --START--
INFO: [ template_filter ] --START--
INFO: Run Behavior\ContentReplaceBehavior [ RunTime:0.000000s ]
INFO: [ template_filter ] --END-- [ RunTime:0.000000s ]
INFO: Run Behavior\ParseTemplateBehavior [ RunTime:0.015625s ]
INFO: [ view_parse ] --END-- [ RunTime:0.015625s ]
INFO: [ view_filter ] --START--
INFO: Run Behavior\WriteHtmlCacheBehavior [ RunTime:0.000000s ]
INFO: [ view_filter ] --END-- [ RunTime:0.000000s ]
INFO: [ app_end ] --START--
INFO: Run Behavior\ShowPageTraceBehavior [ RunTime:0.000000s ]
INFO: [ app_end ] --END-- [ RunTime:0.000000s ]

[ 2018-03-25T09:17:53+08:00 ] 157.55.39.105 /
INFO: [ app_init ] --START--
INFO: Run Behavior\BuildLiteBehavior [ RunTime:0.000000s ]
INFO: [ app_init ] --END-- [ RunTime:0.000000s ]
INFO: [ app_begin ] --START--
INFO: Run Behavior\ReadHtmlCacheBehavior [ RunTime:0.000000s ]
INFO: [ app_begin ] --END-- [ RunTime:0.000000s ]
NOTIC: [8] Undefined index: usercode C:\article_wap\Application\Mobile\Controller\MobileBaseController.class.php ç¬¬ 89 è¡Œ.
NOTIC: [2] Invalid argument supplied for foreach() C:\article_wap\ThinkPHP\Library\Think\Db\Driver.class.php ç¬¬ 546 è¡Œ.
INFO: [ view_parse ] --START--
INFO: [ template_filter ] --START--
INFO: Run Behavior\ContentReplaceBehavior [ RunTime:0.000000s ]
INFO: [ template_filter ] --END-- [ RunTime:0.000000s ]
INFO: Run Behavior\ParseTemplateBehavior [ RunTime:0.015625s ]
INFO: [ view_parse ] --END-- [ RunTime:0.015625s ]
INFO: [ view_filter ] --START--
INFO: Run Behavior\WriteHtmlCacheBehavior [ RunTime:0.000000s ]
INFO: [ view_filter ] --END-- [ RunTime:0.000000s ]
INFO: [ app_end ] --START--
INFO: Run Behavior\ShowPageTraceBehavior [ RunTime:0.000000s ]
INFO: [ app_end ] --END-- [ RunTime:0.000000s ]

[ 2018-03-25T09:49:17+08:00 ] 106.11.153.201 /Article/getDirectory/id/1892.html
INFO: [ app_init ] --START--
INFO: Run Behavior\BuildLiteBehavior [ RunTime:0.000000s ]
INFO: [ app_init ] --END-- [ RunTime:0.000000s ]
INFO: [ app_begin ] --START--
INFO: Run Behavior\ReadHtmlCacheBehavior [ RunTime:0.000000s ]
INFO: [ app_begin ] --END-- [ RunTime:0.000000s ]
NOTIC: [8] Undefined index: channel C:\article_wap\Application\Mobile\Controller\MobileBaseController.class.php ç¬¬ 173 è¡Œ.
NOTIC: [8] Undefined index: usercode C:\article_wap\Application\Mobile\Controller\MobileBaseController.class.php ç¬¬ 89 è¡Œ.
NOTIC: [8] Undefined index: is_ajax C:\article_wap\Application\Mobile\Controller\ArticleController.class.php ç¬¬ 127 è¡Œ.
INFO: [ view_parse ] --START--
INFO: [ template_filter ] --START--
INFO: Run Behavior\ContentReplaceBehavior [ RunTime:0.000000s ]
INFO: [ template_filter ] --END-- [ RunTime:0.000000s ]
INFO: Run Behavior\ParseTemplateBehavior [ RunTime:0.015625s ]
INFO: [ view_parse ] --END-- [ RunTime:0.015625s ]
INFO: [ view_filter ] --START--
INFO: Run Behavior\WriteHtmlCacheBehavior [ RunTime:0.000000s ]
INFO: [ view_filter ] --END-- [ RunTime:0.000000s ]
INFO: [ app_end ] --START--
INFO: Run Behavior\ShowPageTraceBehavior [ RunTime:0.000000s ]
INFO: [ app_end ] --END-- [ RunTime:0.000000s ]

[ 2018-03-25T10:19:47+08:00 ] 106.11.154.203 /Article/readChapter/chapter_id/580972/book_id/1892.html
INFO: [ app_init ] --START--
INFO: Run Behavior\BuildLiteBehavior [ RunTime:0.000000s ]
INFO: [ app_init ] --END-- [ RunTime:0.000000s ]
INFO: [ app_begin ] --START--
INFO: Run Behavior\ReadHtmlCacheBehavior [ RunTime:0.000000s ]
INFO: [ app_begin ] --END-- [ RunTime:0.000000s ]
NOTIC: [8] Undefined index: channel C:\article_wap\Application\Mobile\Controller\MobileBaseController.class.php ç¬¬ 173 è¡Œ.
NOTIC: [8] Undefined index: usercode C:\article_wap\Application\Mobile\Controller\MobileBaseController.class.php ç¬¬ 89 è¡Œ.
NOTIC: [8] Undefined index: allvisit C:\article_wap\Application\Mobile\Controller\ArticleController.class.php ç¬¬ 169 è¡Œ.
NOTIC: [8] Undefined index: uid C:\article_wap\Application\Mobile\Controller\ArticleController.class.php ç¬¬ 704 è¡Œ.
NOTIC: [8] Undefined index: uid C:\article_wap\Application\Mobile\Controller\ArticleController.class.php ç¬¬ 735 è¡Œ.
NOTIC: [8] Undefined index: uname C:\article_wap\Application\Mobile\Controller\ArticleController.class.php ç¬¬ 737 è¡Œ.
ERR: 1048:Column 'userid' cannot be null
 [ SQLè¯­å¥ ] : INSERT INTO `jieqi_distribution_article_bookcase` (`articleid`,`articlename`,`userid`,`username`,`chapterid`,`chaptername`,`chapterorder`,`joindate`) VALUES ('1892','é£Žå¹èŠ±è½æ³ªå¦‚é›¨',NULL,NULL,'580972','ç¬¬äºŒç« å‚»å­å¥½çŽ©','2','1521944387')
INFO: [ view_parse ] --START--
INFO: [ template_filter ] --START--
INFO: Run Behavior\ContentReplaceBehavior [ RunTime:0.000000s ]
INFO: [ template_filter ] --END-- [ RunTime:0.000000s ]
INFO: Run Behavior\ParseTemplateBehavior [ RunTime:0.015625s ]
INFO: [ view_parse ] --END-- [ RunTime:0.015625s ]
INFO: [ view_filter ] --START--
INFO: Run Behavior\WriteHtmlCacheBehavior [ RunTime:0.000000s ]
INFO: [ view_filter ] --END-- [ RunTime:0.015625s ]
INFO: [ app_end ] --START--
INFO: Run Behavior\ShowPageTraceBehavior [ RunTime:0.000000s ]
INFO: [ app_end ] --END-- [ RunTime:0.000000s ]

[ 2018-03-25T11:48:48+08:00 ] 106.11.159.211 /
INFO: [ app_init ] --START--
INFO: Run Behavior\BuildLiteBehavior [ RunTime:0.000000s ]
INFO: [ app_init ] --END-- [ RunTime:0.000000s ]
INFO: [ app_begin ] --START--
INFO: Run Behavior\ReadHtmlCacheBehavior [ RunTime:0.000000s ]
INFO: [ app_begin ] --END-- [ RunTime:0.000000s ]
NOTIC: [8] Undefined index: usercode C:\article_wap\Application\Mobile\Controller\MobileBaseController.class.php ç¬¬ 89 è¡Œ.
NOTIC: [2] Invalid argument supplied for foreach() C:\article_wap\ThinkPHP\Library\Think\Db\Driver.class.php ç¬¬ 546 è¡Œ.
INFO: [ view_parse ] --START--
INFO: [ template_filter ] --START--
INFO: Run Behavior\ContentReplaceBehavior [ RunTime:0.000000s ]
INFO: [ template_filter ] --END-- [ RunTime:0.000000s ]
INFO: Run Behavior\ParseTemplateBehavior [ RunTime:0.031250s ]
INFO: [ view_parse ] --END-- [ RunTime:0.031250s ]
INFO: [ view_filter ] --START--
INFO: Run Behavior\WriteHtmlCacheBehavior [ RunTime:0.000000s ]
INFO: [ view_filter ] --END-- [ RunTime:0.000000s ]
INFO: [ app_end ] --START--
INFO: Run Behavior\ShowPageTraceBehavior [ RunTime:0.000000s ]
INFO: [ app_end ] --END-- [ RunTime:0.000000s ]

[ 2018-03-25T11:48:48+08:00 ] 106.11.157.209 /Article/readChapter/chapter_id/584322/book_id/1913.html
INFO: [ app_init ] --START--
INFO: Run Behavior\BuildLiteBehavior [ RunTime:0.000000s ]
INFO: [ app_init ] --END-- [ RunTime:0.000000s ]
INFO: [ app_begin ] --START--
INFO: Run Behavior\ReadHtmlCacheBehavior [ RunTime:0.000000s ]
INFO: [ app_begin ] --END-- [ RunTime:0.000000s ]
NOTIC: [8] Undefined index: channel C:\article_wap\Application\Mobile\Controller\MobileBaseController.class.php ç¬¬ 173 è¡Œ.
NOTIC: [8] Undefined index: usercode C:\article_wap\Application\Mobile\Controller\MobileBaseController.class.php ç¬¬ 89 è¡Œ.
NOTIC: [8] Undefined index: allvisit C:\article_wap\Application\Mobile\Controller\ArticleController.class.php ç¬¬ 169 è¡Œ.
NOTIC: [8] Undefined index: uid C:\article_wap\Application\Mobile\Controller\ArticleController.class.php ç¬¬ 704 è¡Œ.
NOTIC: [8] Undefined index: uid C:\article_wap\Application\Mobile\Controller\ArticleController.class.php ç¬¬ 735 è¡Œ.
NOTIC: [8] Undefined index: uname C:\article_wap\Application\Mobile\Controller\ArticleController.class.php ç¬¬ 737 è¡Œ.
ERR: 1048:Column 'userid' cannot be null
 [ SQLè¯­å¥ ] : INSERT INTO `jieqi_distribution_article_bookcase` (`articleid`,`articlename`,`userid`,`username`,`chapterid`,`chaptername`,`chapterorder`,`joindate`) VALUES ('1913','è¶…å“æˆ˜å…µ',NULL,NULL,'584322','ç¬¬19ç«  é†‹æ„æ­£æµ“ï¼ˆä¸€ï¼‰','29','1521949728')
INFO: [ view_parse ] --START--
INFO: [ template_filter ] --START--
INFO: Run Behavior\ContentReplaceBehavior [ RunTime:0.000000s ]
INFO: [ template_filter ] --END-- [ RunTime:0.000000s ]
INFO: Run Behavior\ParseTemplateBehavior [ RunTime:0.015625s ]
INFO: [ view_parse ] --END-- [ RunTime:0.015625s ]
INFO: [ view_filter ] --START--
INFO: Run Behavior\WriteHtmlCacheBehavior [ RunTime:0.000000s ]
INFO: [ view_filter ] --END-- [ RunTime:0.000000s ]
INFO: [ app_end ] --START--
INFO: Run Behavior\ShowPageTraceBehavior [ RunTime:0.000000s ]
INFO: [ app_end ] --END-- [ RunTime:0.000000s ]

[ 2018-03-25T13:10:49+08:00 ] 106.11.158.196 /Article/readChapter/chapter_id/589867/book_id/1921.html
INFO: [ app_init ] --START--
INFO: Run Behavior\BuildLiteBehavior [ RunTime:0.000000s ]
INFO: [ app_init ] --END-- [ RunTime:0.000000s ]
INFO: [ app_begin ] --START--
INFO: Run Behavior\ReadHtmlCacheBehavior [ RunTime:0.000000s ]
INFO: [ app_begin ] --END-- [ RunTime:0.000000s ]
NOTIC: [8] Undefined index: channel C:\article_wap\Application\Mobile\Controller\MobileBaseController.class.php ç¬¬ 173 è¡Œ.
NOTIC: [8] Undefined index: usercode C:\article_wap\Application\Mobile\Controller\MobileBaseController.class.php ç¬¬ 89 è¡Œ.
NOTIC: [8] Undefined index: allvisit C:\article_wap\Application\Mobile\Controller\ArticleController.class.php ç¬¬ 169 è¡Œ.
NOTIC: [8] Undefined index: uid C:\article_wap\Application\Mobile\Controller\ArticleController.class.php ç¬¬ 704 è¡Œ.
NOTIC: [8] Undefined index: uid C:\article_wap\Application\Mobile\Controller\ArticleController.class.php ç¬¬ 735 è¡Œ.
NOTIC: [8] Undefined index: uname C:\article_wap\Application\Mobile\Controller\ArticleController.class.php ç¬¬ 737 è¡Œ.
ERR: 1048:Column 'userid' cannot be null
 [ SQLè¯­å¥ ] : INSERT INTO `jieqi_distribution_article_bookcase` (`articleid`,`articlename`,`userid`,`username`,`chapterid`,`chaptername`,`chapterorder`,`joindate`) VALUES ('1921','å¸¦åˆºçš„çŽ«ç‘°',NULL,NULL,'589867','ç¬¬äºŒåä¸‰ç« è¢«æŠ“äº†å›žåŽ»','23','1521954649')
ERR: 1146:Table 'acool.jieqi_article' doesn't exist
 [ SQLè¯­å¥ ] : SHOW COLUMNS FROM `jieqi_article`
NOTIC: [8] Undefined index: uid C:\article_wap\Application\Mobile\Logic\ArticleLogic.class.php ç¬¬ 56 è¡Œ.
NOTIC: [8] Undefined index: uid C:\article_wap\Application\Mobile\Controller\ArticleController.class.php ç¬¬ 646 è¡Œ.
INFO: [ view_parse ] --START--
INFO: [ template_filter ] --START--
INFO: Run Behavior\ContentReplaceBehavior [ RunTime:0.000000s ]
INFO: [ template_filter ] --END-- [ RunTime:0.000000s ]
INFO: Run Behavior\ParseTemplateBehavior [ RunTime:0.015625s ]
INFO: [ view_parse ] --END-- [ RunTime:0.015625s ]
INFO: [ view_filter ] --START--
INFO: Run Behavior\WriteHtmlCacheBehavior [ RunTime:0.000000s ]
INFO: [ view_filter ] --END-- [ RunTime:0.000000s ]
INFO: [ app_end ] --START--
INFO: Run Behavior\ShowPageTraceBehavior [ RunTime:0.000000s ]
INFO: [ app_end ] --END-- [ RunTime:0.000000s ]

[ 2018-03-25T14:29:10+08:00 ] 106.11.155.209 /Article/readChapter/chapter_id/580990/book_id/1892.html
INFO: [ app_init ] --START--
INFO: Run Behavior\BuildLiteBehavior [ RunTime:0.000000s ]
INFO: [ app_init ] --END-- [ RunTime:0.000000s ]
INFO: [ app_begin ] --START--
INFO: Run Behavior\ReadHtmlCacheBehavior [ RunTime:0.000000s ]
INFO: [ app_begin ] --END-- [ RunTime:0.000000s ]
NOTIC: [8] Undefined index: channel C:\article_wap\Application\Mobile\Controller\MobileBaseController.class.php ç¬¬ 173 è¡Œ.
NOTIC: [8] Undefined index: usercode C:\article_wap\Application\Mobile\Controller\MobileBaseController.class.php ç¬¬ 89 è¡Œ.
NOTIC: [8] Undefined index: allvisit C:\article_wap\Application\Mobile\Controller\ArticleController.class.php ç¬¬ 169 è¡Œ.
NOTIC: [8] Undefined index: uid C:\article_wap\Application\Mobile\Controller\ArticleController.class.php ç¬¬ 704 è¡Œ.
NOTIC: [8] Undefined index: uid C:\article_wap\Application\Mobile\Controller\ArticleController.class.php ç¬¬ 735 è¡Œ.
NOTIC: [8] Undefined index: uname C:\article_wap\Application\Mobile\Controller\ArticleController.class.php ç¬¬ 737 è¡Œ.
ERR: 1048:Column 'userid' cannot be null
 [ SQLè¯­å¥ ] : INSERT INTO `jieqi_distribution_article_bookcase` (`articleid`,`articlename`,`userid`,`username`,`chapterid`,`chaptername`,`chapterorder`,`joindate`) VALUES ('1892','é£Žå¹èŠ±è½æ³ªå¦‚é›¨',NULL,NULL,'580990','ç¬¬äºŒåç« æƒ³åƒäº†ä½ ','20','1521959350')
ERR: 1146:Table 'acool.jieqi_article' doesn't exist
 [ SQLè¯­å¥ ] : SHOW COLUMNS FROM `jieqi_article`
NOTIC: [8] Undefined index: uid C:\article_wap\Application\Mobile\Logic\ArticleLogic.class.php ç¬¬ 56 è¡Œ.
NOTIC: [8] Undefined index: uid C:\article_wap\Application\Mobile\Controller\ArticleController.class.php ç¬¬ 646 è¡Œ.
INFO: [ view_parse ] --START--
INFO: [ template_filter ] --START--
INFO: Run Behavior\ContentReplaceBehavior [ RunTime:0.000000s ]
INFO: [ template_filter ] --END-- [ RunTime:0.000000s ]
INFO: Run Behavior\ParseTemplateBehavior [ RunTime:0.015625s ]
INFO: [ view_parse ] --END-- [ RunTime:0.015625s ]
INFO: [ view_filter ] --START--
INFO: Run Behavior\WriteHtmlCacheBehavior [ RunTime:0.000000s ]
INFO: [ view_filter ] --END-- [ RunTime:0.000000s ]
INFO: [ app_end ] --START--
INFO: Run Behavior\ShowPageTraceBehavior [ RunTime:0.000000s ]
INFO: [ app_end ] --END-- [ RunTime:0.000000s ]

[ 2018-03-25T15:51:21+08:00 ] 106.11.153.201 /Article/readChapter/chapter_id/580982/book_id/1892.html
INFO: [ app_init ] --START--
INFO: Run Behavior\BuildLiteBehavior [ RunTime:0.000000s ]
INFO: [ app_init ] --END-- [ RunTime:0.000000s ]
INFO: [ app_begin ] --START--
INFO: Run Behavior\ReadHtmlCacheBehavior [ RunTime:0.000000s ]
INFO: [ app_begin ] --END-- [ RunTime:0.000000s ]
NOTIC: [8] Undefined index: channel C:\article_wap\Application\Mobile\Controller\MobileBaseController.class.php ç¬¬ 173 è¡Œ.
NOTIC: [8] Undefined index: usercode C:\article_wap\Application\Mobile\Controller\MobileBaseController.class.php ç¬¬ 89 è¡Œ.
NOTIC: [8] Undefined index: allvisit C:\article_wap\Application\Mobile\Controller\ArticleController.class.php ç¬¬ 169 è¡Œ.
NOTIC: [8] Undefined index: uid C:\article_wap\Application\Mobile\Controller\ArticleController.class.php ç¬¬ 704 è¡Œ.
NOTIC: [8] Undefined index: uid C:\article_wap\Application\Mobile\Controller\ArticleController.class.php ç¬¬ 735 è¡Œ.
NOTIC: [8] Undefined index: uname C:\article_wap\Application\Mobile\Controller\ArticleController.class.php ç¬¬ 737 è¡Œ.
ERR: 1048:Column 'userid' cannot be null
 [ SQLè¯­å¥ ] : INSERT INTO `jieqi_distribution_article_bookcase` (`articleid`,`articlename`,`userid`,`username`,`chapterid`,`chaptername`,`chapterorder`,`joindate`) VALUES ('1892','é£Žå¹èŠ±è½æ³ªå¦‚é›¨',NULL,NULL,'580982','ç¬¬åäºŒç« åˆ«æœ‰ç”¨å¿ƒ','12','1521964281')
ERR: 1146:Table 'acool.jieqi_article' doesn't exist
 [ SQLè¯­å¥ ] : SHOW COLUMNS FROM `jieqi_article`
NOTIC: [8] Undefined index: uid C:\article_wap\Application\Mobile\Logic\ArticleLogic.class.php ç¬¬ 56 è¡Œ.
NOTIC: [8] Undefined index: uid C:\article_wap\Application\Mobile\Controller\ArticleController.class.php ç¬¬ 646 è¡Œ.
INFO: [ view_parse ] --START--
INFO: [ template_filter ] --START--
INFO: Run Behavior\ContentReplaceBehavior [ RunTime:0.000000s ]
INFO: [ template_filter ] --END-- [ RunTime:0.000000s ]
INFO: Run Behavior\ParseTemplateBehavior [ RunTime:0.015625s ]
INFO: [ view_parse ] --END-- [ RunTime:0.015625s ]
INFO: [ view_filter ] --START--
INFO: Run Behavior\WriteHtmlCacheBehavior [ RunTime:0.000000s ]
INFO: [ view_filter ] --END-- [ RunTime:0.000000s ]
INFO: [ app_end ] --START--
INFO: Run Behavior\ShowPageTraceBehavior [ RunTime:0.000000s ]
INFO: [ app_end ] --END-- [ RunTime:0.000000s ]

[ 2018-03-25T16:58:25+08:00 ] 60.12.225.165 /
INFO: [ app_init ] --START--
INFO: Run Behavior\BuildLiteBehavior [ RunTime:0.000000s ]
INFO: [ app_init ] --END-- [ RunTime:0.000000s ]
INFO: [ app_begin ] --START--
INFO: Run Behavior\ReadHtmlCacheBehavior [ RunTime:0.000000s ]
INFO: [ app_begin ] --END-- [ RunTime:0.000000s ]
NOTIC: [8] Undefined index: usercode C:\article_wap\Application\Mobile\Controller\MobileBaseController.class.php ç¬¬ 89 è¡Œ.
NOTIC: [2] Invalid argument supplied for foreach() C:\article_wap\ThinkPHP\Library\Think\Db\Driver.class.php ç¬¬ 546 è¡Œ.
INFO: [ view_parse ] --START--
INFO: [ template_filter ] --START--
INFO: Run Behavior\ContentReplaceBehavior [ RunTime:0.000000s ]
INFO: [ template_filter ] --END-- [ RunTime:0.000000s ]
INFO: Run Behavior\ParseTemplateBehavior [ RunTime:0.031250s ]
INFO: [ view_parse ] --END-- [ RunTime:0.031250s ]
INFO: [ view_filter ] --START--
INFO: Run Behavior\WriteHtmlCacheBehavior [ RunTime:0.000000s ]
INFO: [ view_filter ] --END-- [ RunTime:0.000000s ]
INFO: [ app_end ] --START--
INFO: Run Behavior\ShowPageTraceBehavior [ RunTime:0.000000s ]
INFO: [ app_end ] --END-- [ RunTime:0.000000s ]

[ 2018-03-25T17:23:12+08:00 ] 106.11.154.203 /Article/readChapter/chapter_id/580995/book_id/1892.html
INFO: [ app_init ] --START--
INFO: Run Behavior\BuildLiteBehavior [ RunTime:0.000000s ]
INFO: [ app_init ] --END-- [ RunTime:0.000000s ]
INFO: [ app_begin ] --START--
INFO: Run Behavior\ReadHtmlCacheBehavior [ RunTime:0.000000s ]
INFO: [ app_begin ] --END-- [ RunTime:0.000000s ]
NOTIC: [8] Undefined index: channel C:\article_wap\Application\Mobile\Controller\MobileBaseController.class.php ç¬¬ 173 è¡Œ.
NOTIC: [8] Undefined index: usercode C:\article_wap\Application\Mobile\Controller\MobileBaseController.class.php ç¬¬ 89 è¡Œ.
NOTIC: [8] Undefined index: allvisit C:\article_wap\Application\Mobile\Controller\ArticleController.class.php ç¬¬ 169 è¡Œ.
NOTIC: [8] Undefined index: uid C:\article_wap\Application\Mobile\Controller\ArticleController.class.php ç¬¬ 704 è¡Œ.
NOTIC: [8] Undefined index: uid C:\article_wap\Application\Mobile\Controller\ArticleController.class.php ç¬¬ 735 è¡Œ.
NOTIC: [8] Undefined index: uname C:\article_wap\Application\Mobile\Controller\ArticleController.class.php ç¬¬ 737 è¡Œ.
ERR: 1048:Column 'userid' cannot be null
 [ SQLè¯­å¥ ] : INSERT INTO `jieqi_distribution_article_bookcase` (`articleid`,`articlename`,`userid`,`username`,`chapterid`,`chaptername`,`chapterorder`,`joindate`) VALUES ('1892','é£Žå¹èŠ±è½æ³ªå¦‚é›¨',NULL,NULL,'580995','ç¬¬äºŒåäº”ç« å§å§å½’æ¥','25','1521969792')
ERR: 1146:Table 'acool.jieqi_article' doesn't exist
 [ SQLè¯­å¥ ] : SHOW COLUMNS FROM `jieqi_article`
NOTIC: [8] Undefined index: uid C:\article_wap\Application\Mobile\Logic\ArticleLogic.class.php ç¬¬ 56 è¡Œ.
NOTIC: [8] Undefined index: uid C:\article_wap\Application\Mobile\Controller\ArticleController.class.php ç¬¬ 646 è¡Œ.
INFO: [ view_parse ] --START--
INFO: [ template_filter ] --START--
INFO: Run Behavior\ContentReplaceBehavior [ RunTime:0.000000s ]
INFO: [ template_filter ] --END-- [ RunTime:0.000000s ]
INFO: Run Behavior\ParseTemplateBehavior [ RunTime:0.031249s ]
INFO: [ view_parse ] --END-- [ RunTime:0.031249s ]
INFO: [ view_filter ] --START--
INFO: Run Behavior\WriteHtmlCacheBehavior [ RunTime:0.000000s ]
INFO: [ view_filter ] --END-- [ RunTime:0.000000s ]
INFO: [ app_end ] --START--
INFO: Run Behavior\ShowPageTraceBehavior [ RunTime:0.000000s ]
INFO: [ app_end ] --END-- [ RunTime:0.000000s ]

[ 2018-03-25T18:57:13+08:00 ] 106.11.157.209 /Article/readChapter/chapter_id/580985/book_id/1892.html
INFO: [ app_init ] --START--
INFO: Run Behavior\BuildLiteBehavior [ RunTime:0.000000s ]
INFO: [ app_init ] --END-- [ RunTime:0.000000s ]
INFO: [ app_begin ] --START--
INFO: Run Behavior\ReadHtmlCacheBehavior [ RunTime:0.000000s ]
INFO: [ app_begin ] --END-- [ RunTime:0.000000s ]
NOTIC: [8] Undefined index: channel C:\article_wap\Application\Mobile\Controller\MobileBaseController.class.php ç¬¬ 173 è¡Œ.
NOTIC: [8] Undefined index: usercode C:\article_wap\Application\Mobile\Controller\MobileBaseController.class.php ç¬¬ 89 è¡Œ.
NOTIC: [8] Undefined index: allvisit C:\article_wap\Application\Mobile\Controller\ArticleController.class.php ç¬¬ 169 è¡Œ.
NOTIC: [8] Undefined index: uid C:\article_wap\Application\Mobile\Controller\ArticleController.class.php ç¬¬ 704 è¡Œ.
NOTIC: [8] Undefined index: uid C:\article_wap\Application\Mobile\Controller\ArticleController.class.php ç¬¬ 735 è¡Œ.
NOTIC: [8] Undefined index: uname C:\article_wap\Application\Mobile\Controller\ArticleController.class.php ç¬¬ 737 è¡Œ.
ERR: 1048:Column 'userid' cannot be null
 [ SQLè¯­å¥ ] : INSERT INTO `jieqi_distribution_article_bookcase` (`articleid`,`articlename`,`userid`,`username`,`chapterid`,`chaptername`,`chapterorder`,`joindate`) VALUES ('1892','é£Žå¹èŠ±è½æ³ªå¦‚é›¨',NULL,NULL,'580985','ç¬¬åäº”ç« ä»–æƒ³è¦çš„','15','1521975433')
ERR: 1146:Table 'acool.jieqi_article' doesn't exist
 [ SQLè¯­å¥ ] : SHOW COLUMNS FROM `jieqi_article`
NOTIC: [8] Undefined index: uid C:\article_wap\Application\Mobile\Logic\ArticleLogic.class.php ç¬¬ 56 è¡Œ.
NOTIC: [8] Undefined index: uid C:\article_wap\Application\Mobile\Controller\ArticleController.class.php ç¬¬ 646 è¡Œ.
INFO: [ view_parse ] --START--
INFO: [ template_filter ] --START--
INFO: Run Behavior\ContentReplaceBehavior [ RunTime:0.000000s ]
INFO: [ template_filter ] --END-- [ RunTime:0.000000s ]
INFO: Run Behavior\ParseTemplateBehavior [ RunTime:0.015625s ]
INFO: [ view_parse ] --END-- [ RunTime:0.015625s ]
INFO: [ view_filter ] --START--
INFO: Run Behavior\WriteHtmlCacheBehavior [ RunTime:0.000000s ]
INFO: [ view_filter ] --END-- [ RunTime:0.000000s ]
INFO: [ app_end ] --START--
INFO: Run Behavior\ShowPageTraceBehavior [ RunTime:0.000000s ]
INFO: [ app_end ] --END-- [ RunTime:0.000000s ]

[ 2018-03-25T20:18:14+08:00 ] 106.11.159.211 /Article/readChapter/chapter_id/584315/book_id/1913.html
INFO: [ app_init ] --START--
INFO: Run Behavior\BuildLiteBehavior [ RunTime:0.000000s ]
INFO: [ app_init ] --END-- [ RunTime:0.000000s ]
INFO: [ app_begin ] --START--
INFO: Run Behavior\ReadHtmlCacheBehavior [ RunTime:0.000000s ]
INFO: [ app_begin ] --END-- [ RunTime:0.000000s ]
NOTIC: [8] Undefined index: channel C:\article_wap\Application\Mobile\Controller\MobileBaseController.class.php ç¬¬ 173 è¡Œ.
NOTIC: [8] Undefined index: usercode C:\article_wap\Application\Mobile\Controller\MobileBaseController.class.php ç¬¬ 89 è¡Œ.
NOTIC: [8] Undefined index: allvisit C:\article_wap\Application\Mobile\Controller\ArticleController.class.php ç¬¬ 169 è¡Œ.
NOTIC: [8] Undefined index: uid C:\article_wap\Application\Mobile\Controller\ArticleController.class.php ç¬¬ 704 è¡Œ.
NOTIC: [8] Undefined index: uid C:\article_wap\Application\Mobile\Controller\ArticleController.class.php ç¬¬ 735 è¡Œ.
NOTIC: [8] Undefined index: uname C:\article_wap\Application\Mobile\Controller\ArticleController.class.php ç¬¬ 737 è¡Œ.
ERR: 1048:Column 'userid' cannot be null
 [ SQLè¯­å¥ ] : INSERT INTO `jieqi_distribution_article_bookcase` (`articleid`,`articlename`,`userid`,`username`,`chapterid`,`chaptername`,`chapterorder`,`joindate`) VALUES ('1913','è¶…å“æˆ˜å…µ',NULL,NULL,'584315','ç¬¬14ç«  è°ƒçš®å¤©ä½¿','22','1521980294')
INFO: [ view_parse ] --START--
INFO: [ template_filter ] --START--
INFO: Run Behavior\ContentReplaceBehavior [ RunTime:0.000000s ]
INFO: [ template_filter ] --END-- [ RunTime:0.000000s ]
INFO: Run Behavior\ParseTemplateBehavior [ RunTime:0.031250s ]
INFO: [ view_parse ] --END-- [ RunTime:0.031250s ]
INFO: [ view_filter ] --START--
INFO: Run Behavior\WriteHtmlCacheBehavior [ RunTime:0.000000s ]
INFO: [ view_filter ] --END-- [ RunTime:0.000000s ]
INFO: [ app_end ] --START--
INFO: Run Behavior\ShowPageTraceBehavior [ RunTime:0.000000s ]
INFO: [ app_end ] --END-- [ RunTime:0.000000s ]

[ 2018-03-25T21:49:15+08:00 ] 106.11.158.196 /Article/readChapter/chapter_id/584319/book_id/1913.html
INFO: [ app_init ] --START--
INFO: Run Behavior\BuildLiteBehavior [ RunTime:0.000000s ]
INFO: [ app_init ] --END-- [ RunTime:0.000000s ]
INFO: [ app_begin ] --START--
INFO: Run Behavior\ReadHtmlCacheBehavior [ RunTime:0.000000s ]
INFO: [ app_begin ] --END-- [ RunTime:0.000000s ]
NOTIC: [8] Undefined index: channel C:\article_wap\Application\Mobile\Controller\MobileBaseController.class.php ç¬¬ 173 è¡Œ.
NOTIC: [8] Undefined index: usercode C:\article_wap\Application\Mobile\Controller\MobileBaseController.class.php ç¬¬ 89 è¡Œ.
NOTIC: [8] Undefined index: allvisit C:\article_wap\Application\Mobile\Controller\ArticleController.class.php ç¬¬ 169 è¡Œ.
NOTIC: [8] Undefined index: uid C:\article_wap\Application\Mobile\Controller\ArticleController.class.php ç¬¬ 704 è¡Œ.
NOTIC: [8] Undefined index: uid C:\article_wap\Application\Mobile\Controller\ArticleController.class.php ç¬¬ 735 è¡Œ.
NOTIC: [8] Undefined index: uname C:\article_wap\Application\Mobile\Controller\ArticleController.class.php ç¬¬ 737 è¡Œ.
ERR: 1048:Column 'userid' cannot be null
 [ SQLè¯­å¥ ] : INSERT INTO `jieqi_distribution_article_bookcase` (`articleid`,`articlename`,`userid`,`username`,`chapterid`,`chaptername`,`chapterorder`,`joindate`) VALUES ('1913','è¶…å“æˆ˜å…µ',NULL,NULL,'584319','ç¬¬17ç«  æ´ç™–å¥³ä¿é•–ï¼ˆä¸‰ï¼‰','26','1521985754')
INFO: [ view_parse ] --START--
INFO: [ template_filter ] --START--
INFO: Run Behavior\ContentReplaceBehavior [ RunTime:0.000000s ]
INFO: [ template_filter ] --END-- [ RunTime:0.000000s ]
INFO: Run Behavior\ParseTemplateBehavior [ RunTime:0.015625s ]
INFO: [ view_parse ] --END-- [ RunTime:0.015625s ]
INFO: [ view_filter ] --START--
INFO: Run Behavior\WriteHtmlCacheBehavior [ RunTime:0.000000s ]
INFO: [ view_filter ] --END-- [ RunTime:0.000000s ]
INFO: [ app_end ] --START--
INFO: Run Behavior\ShowPageTraceBehavior [ RunTime:0.000000s ]
INFO: [ app_end ] --END-- [ RunTime:0.000000s ]

[ 2018-03-25T22:08:44+08:00 ] 221.14.171.174 /User/getWeiXinInfo/backurl/Article-readChapter-chapter_id-591403-book_id-1925/secretkey/28ac91578c70de85/channel/ÄÚº­éÙ×Ó/type/weixin->Î¢ÐÅ.html
INFO: [ app_init ] --START--
INFO: Run Behavior\BuildLiteBehavior [ RunTime:0.000000s ]
INFO: [ app_init ] --END-- [ RunTime:0.000000s ]
INFO: [ app_begin ] --START--
INFO: Run Behavior\ReadHtmlCacheBehavior [ RunTime:0.000000s ]
INFO: [ app_begin ] --END-- [ RunTime:0.000000s ]
NOTIC: [8] Undefined index: channel C:\article_wap\Application\Mobile\Controller\MobileBaseController.class.php ç¬¬ 173 è¡Œ.
NOTIC: [8] Undefined index: usercode C:\article_wap\Application\Mobile\Controller\MobileBaseController.class.php ç¬¬ 89 è¡Œ.
ERR: 1146:Table 'acool.jieqi_users' doesn't exist
 [ SQLè¯­å¥ ] : SHOW COLUMNS FROM `jieqi_users`

[ 2018-03-25T22:08:45+08:00 ] 123.151.77.90 /Article/readChapter/chapter_id/591403/book_id/1925.html?code=081HAaTz1ET5ce0IegSz1s0cTz1HAaT2&state=STATE
INFO: [ app_init ] --START--
INFO: Run Behavior\BuildLiteBehavior [ RunTime:0.000000s ]
INFO: [ app_init ] --END-- [ RunTime:0.000000s ]
INFO: [ app_begin ] --START--
INFO: Run Behavior\ReadHtmlCacheBehavior [ RunTime:0.000000s ]
INFO: [ app_begin ] --END-- [ RunTime:0.000000s ]
NOTIC: [8] Undefined index: channel C:\article_wap\Application\Mobile\Controller\MobileBaseController.class.php ç¬¬ 173 è¡Œ.
NOTIC: [8] Undefined index: usercode C:\article_wap\Application\Mobile\Controller\MobileBaseController.class.php ç¬¬ 89 è¡Œ.
NOTIC: [8] Undefined index: subscribe C:\article_wap\Application\Mobile\Controller\ArticleController.class.php ç¬¬ 774 è¡Œ.
NOTIC: [8] Undefined index: readchaptercount C:\article_wap\Application\Mobile\Controller\ArticleController.class.php ç¬¬ 782 è¡Œ.
NOTIC: [8] Undefined index: allvisit C:\article_wap\Application\Mobile\Controller\ArticleController.class.php ç¬¬ 169 è¡Œ.
INFO: [ app_end ] --START--
INFO: Run Behavior\ShowPageTraceBehavior [ RunTime:0.000000s ]
INFO: [ app_end ] --END-- [ RunTime:0.000000s ]

[ 2018-03-25T22:08:45+08:00 ] 123.151.77.90 /Article/readChapter/chapter_id/591403/book_id/1925.html?code=0117dpIz0QmZch1H2NKz0XtnIz07dpI3&state=STATE
INFO: [ app_init ] --START--
INFO: Run Behavior\BuildLiteBehavior [ RunTime:0.000000s ]
INFO: [ app_init ] --END-- [ RunTime:0.000000s ]
INFO: [ app_begin ] --START--
INFO: Run Behavior\ReadHtmlCacheBehavior [ RunTime:0.000000s ]
INFO: [ app_begin ] --END-- [ RunTime:0.000000s ]
NOTIC: [8] Undefined index: channel C:\article_wap\Application\Mobile\Controller\MobileBaseController.class.php ç¬¬ 173 è¡Œ.
NOTIC: [8] Undefined index: usercode C:\article_wap\Application\Mobile\Controller\MobileBaseController.class.php ç¬¬ 89 è¡Œ.
NOTIC: [8] Undefined index: subscribe C:\article_wap\Application\Mobile\Controller\ArticleController.class.php ç¬¬ 774 è¡Œ.
NOTIC: [8] Undefined index: readchaptercount C:\article_wap\Application\Mobile\Controller\ArticleController.class.php ç¬¬ 782 è¡Œ.
NOTIC: [8] Undefined index: allvisit C:\article_wap\Application\Mobile\Controller\ArticleController.class.php ç¬¬ 169 è¡Œ.
INFO: [ app_end ] --START--
INFO: Run Behavior\ShowPageTraceBehavior [ RunTime:0.000000s ]
INFO: [ app_end ] --END-- [ RunTime:0.000000s ]

[ 2018-03-25T22:09:04+08:00 ] 123.151.77.90 /User/getWeiXinInfo/backurl/Article-readChapter-chapter_id-582065-book_id-1910/secretkey/28ac91578c70de85/channel/ÄÚº­éÙ×Ó/type/weixin->Î¢ÐÅ.html
INFO: [ app_init ] --START--
INFO: Run Behavior\BuildLiteBehavior [ RunTime:0.000000s ]
INFO: [ app_init ] --END-- [ RunTime:0.000000s ]
INFO: [ app_begin ] --START--
INFO: Run Behavior\ReadHtmlCacheBehavior [ RunTime:0.000000s ]
INFO: [ app_begin ] --END-- [ RunTime:0.000000s ]
NOTIC: [8] Undefined index: channel C:\article_wap\Application\Mobile\Controller\MobileBaseController.class.php ç¬¬ 173 è¡Œ.
NOTIC: [8] Undefined index: usercode C:\article_wap\Application\Mobile\Controller\MobileBaseController.class.php ç¬¬ 89 è¡Œ.
ERR: 1146:Table 'acool.jieqi_users' doesn't exist
 [ SQLè¯­å¥ ] : SHOW COLUMNS FROM `jieqi_users`

[ 2018-03-25T22:09:04+08:00 ] 123.151.77.90 /Article/readChapter/chapter_id/582065/book_id/1910.html?code=011Zr7AY1xVjVT0UuIyY1essAY1Zr7At&state=STATE
INFO: [ app_init ] --START--
INFO: Run Behavior\BuildLiteBehavior [ RunTime:0.000000s ]
INFO: [ app_init ] --END-- [ RunTime:0.000000s ]
INFO: [ app_begin ] --START--
INFO: Run Behavior\ReadHtmlCacheBehavior [ RunTime:0.000000s ]
INFO: [ app_begin ] --END-- [ RunTime:0.000000s ]
NOTIC: [8] Undefined index: channel C:\article_wap\Application\Mobile\Controller\MobileBaseController.class.php ç¬¬ 173 è¡Œ.
NOTIC: [8] Undefined index: usercode C:\article_wap\Application\Mobile\Controller\MobileBaseController.class.php ç¬¬ 89 è¡Œ.
NOTIC: [8] Undefined index: subscribe C:\article_wap\Application\Mobile\Controller\ArticleController.class.php ç¬¬ 774 è¡Œ.
NOTIC: [8] Undefined index: readchaptercount C:\article_wap\Application\Mobile\Controller\ArticleController.class.php ç¬¬ 782 è¡Œ.
NOTIC: [8] Undefined index: allvisit C:\article_wap\Application\Mobile\Controller\ArticleController.class.php ç¬¬ 169 è¡Œ.
INFO: [ app_end ] --START--
INFO: Run Behavior\ShowPageTraceBehavior [ RunTime:0.000000s ]
INFO: [ app_end ] --END-- [ RunTime:0.000000s ]

[ 2018-03-25T22:09:04+08:00 ] 123.151.77.90 /Article/readChapter/chapter_id/582065/book_id/1910.html?code=071VfxKL0JZpZ328zNHL04lxKL0VfxKE&state=STATE
INFO: [ app_init ] --START--
INFO: Run Behavior\BuildLiteBehavior [ RunTime:0.000000s ]
INFO: [ app_init ] --END-- [ RunTime:0.000000s ]
INFO: [ app_begin ] --START--
INFO: Run Behavior\ReadHtmlCacheBehavior [ RunTime:0.000000s ]
INFO: [ app_begin ] --END-- [ RunTime:0.000000s ]
NOTIC: [8] Undefined index: channel C:\article_wap\Application\Mobile\Controller\MobileBaseController.class.php ç¬¬ 173 è¡Œ.
NOTIC: [8] Undefined index: usercode C:\article_wap\Application\Mobile\Controller\MobileBaseController.class.php ç¬¬ 89 è¡Œ.
NOTIC: [8] Undefined index: subscribe C:\article_wap\Application\Mobile\Controller\ArticleController.class.php ç¬¬ 774 è¡Œ.
NOTIC: [8] Undefined index: readchaptercount C:\article_wap\Application\Mobile\Controller\ArticleController.class.php ç¬¬ 782 è¡Œ.
NOTIC: [8] Undefined index: allvisit C:\article_wap\Application\Mobile\Controller\ArticleController.class.php ç¬¬ 169 è¡Œ.
INFO: [ app_end ] --START--
INFO: Run Behavior\ShowPageTraceBehavior [ RunTime:0.000000s ]
INFO: [ app_end ] --END-- [ RunTime:0.000000s ]

[ 2018-03-25T22:10:03+08:00 ] 101.226.225.84 /User/getWeiXinInfo/backurl/Article-readChapter-chapter_id-582065-book_id-1910/secretkey/28ac91578c70de85/channel/ÄÚº­éÙ×Ó/type/weixin->Î¢ÐÅ.html
INFO: [ app_init ] --START--
INFO: Run Behavior\BuildLiteBehavior [ RunTime:0.000000s ]
INFO: [ app_init ] --END-- [ RunTime:0.000000s ]
INFO: [ app_begin ] --START--
INFO: Run Behavior\ReadHtmlCacheBehavior [ RunTime:0.000000s ]
INFO: [ app_begin ] --END-- [ RunTime:0.000000s ]
NOTIC: [8] Undefined index: channel C:\article_wap\Application\Mobile\Controller\MobileBaseController.class.php ç¬¬ 173 è¡Œ.
NOTIC: [8] Undefined index: usercode C:\article_wap\Application\Mobile\Controller\MobileBaseController.class.php ç¬¬ 89 è¡Œ.
ERR: 1146:Table 'acool.jieqi_users' doesn't exist
 [ SQLè¯­å¥ ] : SHOW COLUMNS FROM `jieqi_users`

[ 2018-03-25T22:25:07+08:00 ] 120.204.17.67 /User/getWeiXinInfo/backurl/Article-readChapter-chapter_id-582065-book_id-1910/secretkey/28ac91578c70de85/channel/ÄÚº­éÙ×Ó/type/weixin->Î¢ÐÅ.html
INFO: [ app_init ] --START--
INFO: Run Behavior\BuildLiteBehavior [ RunTime:0.000000s ]
INFO: [ app_init ] --END-- [ RunTime:0.000000s ]
INFO: [ app_begin ] --START--
INFO: Run Behavior\ReadHtmlCacheBehavior [ RunTime:0.000000s ]
INFO: [ app_begin ] --END-- [ RunTime:0.000000s ]
NOTIC: [8] Undefined index: channel C:\article_wap\Application\Mobile\Controller\MobileBaseController.class.php ç¬¬ 173 è¡Œ.
NOTIC: [8] Undefined index: usercode C:\article_wap\Application\Mobile\Controller\MobileBaseController.class.php ç¬¬ 89 è¡Œ.
ERR: 1146:Table 'acool.jieqi_users' doesn't exist
 [ SQLè¯­å¥ ] : SHOW COLUMNS FROM `jieqi_users`

[ 2018-03-25T22:58:49+08:00 ] 207.46.13.121 /
INFO: [ app_init ] --START--
INFO: Run Behavior\BuildLiteBehavior [ RunTime:0.000000s ]
INFO: [ app_init ] --END-- [ RunTime:0.000000s ]
INFO: [ app_begin ] --START--
INFO: Run Behavior\ReadHtmlCacheBehavior [ RunTime:0.000000s ]
INFO: [ app_begin ] --END-- [ RunTime:0.000000s ]
NOTIC: [8] Undefined index: usercode C:\article_wap\Application\Mobile\Controller\MobileBaseController.class.php ç¬¬ 89 è¡Œ.
NOTIC: [2] Invalid argument supplied for foreach() C:\article_wap\ThinkPHP\Library\Think\Db\Driver.class.php ç¬¬ 546 è¡Œ.
INFO: [ view_parse ] --START--
INFO: [ template_filter ] --START--
INFO: Run Behavior\ContentReplaceBehavior [ RunTime:0.000000s ]
INFO: [ template_filter ] --END-- [ RunTime:0.000000s ]
INFO: Run Behavior\ParseTemplateBehavior [ RunTime:0.031250s ]
INFO: [ view_parse ] --END-- [ RunTime:0.031250s ]
INFO: [ view_filter ] --START--
INFO: Run Behavior\WriteHtmlCacheBehavior [ RunTime:0.000000s ]
INFO: [ view_filter ] --END-- [ RunTime:0.000000s ]
INFO: [ app_end ] --START--
INFO: Run Behavior\ShowPageTraceBehavior [ RunTime:0.000000s ]
INFO: [ app_end ] --END-- [ RunTime:0.000000s ]

