[ 2018-03-25T11:16:50+08:00 ] 36.24.245.100 /
INFO: [ app_init ] --START--
INFO: Run Behavior\BuildLiteBehavior [ RunTime:0.000000s ]
INFO: [ app_init ] --END-- [ RunTime:0.000000s ]
NOTIC: [8] Use of undefined constant PLUGIN_PATH - assumed 'PLUGIN_PATH' C:\channel\Application\Admin\Conf\config.php 第 5 行.
NOTIC: [8] Use of undefined constant PLUGIN_PATH - assumed 'PLUGIN_PATH' C:\channel\Application\Admin\Conf\config.php 第 6 行.
NOTIC: [8] Use of undefined constant PLUGIN_PATH - assumed 'PLUGIN_PATH' C:\channel\Application\Admin\Conf\config.php 第 7 行.
NOTIC: [8] Use of undefined constant PLUGIN_PATH - assumed 'PLUGIN_PATH' C:\channel\Application\Admin\Conf\config.php 第 8 行.
INFO: [ app_begin ] --START--
INFO: Run Behavior\ReadHtmlCacheBehavior [ RunTime:0.000000s ]
INFO: [ app_begin ] --END-- [ RunTime:0.000000s ]
ERR: 1146:Table 'acool.jieqi_config' doesn't exist
 [ SQL语句 ] : SHOW COLUMNS FROM `jieqi_config`
ERR: 1146:Table 'acool.jieqi_config' doesn't exist
 [ SQL语句 ] : SELECT * FROM `jieqi_config` 
NOTIC: [2] Invalid argument supplied for foreach() C:\channel\Application\Admin\Controller\BaseController.class.php 第 74 行.
NOTIC: [8] Undefined index: index C:\channel\Application\Admin\Common\function.php 第 47 行.
NOTIC: [8] Undefined index: index C:\channel\Application\Admin\Common\function.php 第 48 行.
INFO: [ view_parse ] --START--
INFO: [ template_filter ] --START--
INFO: Run Behavior\ContentReplaceBehavior [ RunTime:0.000000s ]
INFO: [ template_filter ] --END-- [ RunTime:0.000000s ]
INFO: Run Behavior\ParseTemplateBehavior [ RunTime:0.015625s ]
INFO: [ view_parse ] --END-- [ RunTime:0.015625s ]
INFO: [ view_filter ] --START--
INFO: Run Behavior\WriteHtmlCacheBehavior [ RunTime:0.000000s ]
INFO: [ view_filter ] --END-- [ RunTime:0.000000s ]
INFO: [ app_end ] --START--
INFO: Run Behavior\ShowPageTraceBehavior [ RunTime:0.000000s ]
INFO: [ app_end ] --END-- [ RunTime:0.000000s ]

[ 2018-03-25T11:16:50+08:00 ] 36.24.245.100 /index.php?s=/Admin/vertify.html
INFO: [ app_init ] --START--
INFO: Run Behavior\BuildLiteBehavior [ RunTime:0.000000s ]
INFO: [ app_init ] --END-- [ RunTime:0.000000s ]
NOTIC: [8] Use of undefined constant PLUGIN_PATH - assumed 'PLUGIN_PATH' C:\channel\Application\Admin\Conf\config.php 第 5 行.
NOTIC: [8] Use of undefined constant PLUGIN_PATH - assumed 'PLUGIN_PATH' C:\channel\Application\Admin\Conf\config.php 第 6 行.
NOTIC: [8] Use of undefined constant PLUGIN_PATH - assumed 'PLUGIN_PATH' C:\channel\Application\Admin\Conf\config.php 第 7 行.
NOTIC: [8] Use of undefined constant PLUGIN_PATH - assumed 'PLUGIN_PATH' C:\channel\Application\Admin\Conf\config.php 第 8 行.
INFO: [ app_begin ] --START--
INFO: Run Behavior\ReadHtmlCacheBehavior [ RunTime:0.000000s ]
INFO: [ app_begin ] --END-- [ RunTime:0.000000s ]
ERR: 1146:Table 'acool.jieqi_config' doesn't exist
 [ SQL语句 ] : SHOW COLUMNS FROM `jieqi_config`
ERR: 1146:Table 'acool.jieqi_config' doesn't exist
 [ SQL语句 ] : SELECT * FROM `jieqi_config` 
NOTIC: [2] Invalid argument supplied for foreach() C:\channel\Application\Admin\Controller\BaseController.class.php 第 74 行.
NOTIC: [8] Undefined index: admin C:\channel\Application\Admin\Common\function.php 第 47 行.
NOTIC: [8] Undefined index: admin C:\channel\Application\Admin\Common\function.php 第 48 行.
INFO: [ app_end ] --START--
INFO: Run Behavior\ShowPageTraceBehavior [ RunTime:0.000000s ]
INFO: [ app_end ] --END-- [ RunTime:0.000000s ]

[ 2018-03-25T11:16:59+08:00 ] 36.24.245.100 /index.php?s=/Admin/login.html
INFO: [ app_init ] --START--
INFO: Run Behavior\BuildLiteBehavior [ RunTime:0.000000s ]
INFO: [ app_init ] --END-- [ RunTime:0.000000s ]
NOTIC: [8] Use of undefined constant PLUGIN_PATH - assumed 'PLUGIN_PATH' C:\channel\Application\Admin\Conf\config.php 第 5 行.
NOTIC: [8] Use of undefined constant PLUGIN_PATH - assumed 'PLUGIN_PATH' C:\channel\Application\Admin\Conf\config.php 第 6 行.
NOTIC: [8] Use of undefined constant PLUGIN_PATH - assumed 'PLUGIN_PATH' C:\channel\Application\Admin\Conf\config.php 第 7 行.
NOTIC: [8] Use of undefined constant PLUGIN_PATH - assumed 'PLUGIN_PATH' C:\channel\Application\Admin\Conf\config.php 第 8 行.
INFO: [ app_begin ] --START--
INFO: Run Behavior\ReadHtmlCacheBehavior [ RunTime:0.000000s ]
INFO: [ app_begin ] --END-- [ RunTime:0.000000s ]
ERR: 1146:Table 'acool.jieqi_config' doesn't exist
 [ SQL语句 ] : SHOW COLUMNS FROM `jieqi_config`
ERR: 1146:Table 'acool.jieqi_config' doesn't exist
 [ SQL语句 ] : SELECT * FROM `jieqi_config` 
NOTIC: [2] Invalid argument supplied for foreach() C:\channel\Application\Admin\Controller\BaseController.class.php 第 74 行.
NOTIC: [8] Undefined index: admin C:\channel\Application\Admin\Common\function.php 第 47 行.
NOTIC: [8] Undefined index: admin C:\channel\Application\Admin\Common\function.php 第 48 行.
NOTIC: [2] Invalid argument supplied for foreach() C:\channel\ThinkPHP\Library\Think\Db\Driver.class.php 第 546 行.
INFO: [ view_parse ] --START--
INFO: [ template_filter ] --START--
INFO: Run Behavior\ContentReplaceBehavior [ RunTime:0.000000s ]
INFO: [ template_filter ] --END-- [ RunTime:0.000000s ]
INFO: Run Behavior\ParseTemplateBehavior [ RunTime:0.000000s ]
INFO: [ view_parse ] --END-- [ RunTime:0.000000s ]
INFO: [ view_filter ] --START--
INFO: Run Behavior\WriteHtmlCacheBehavior [ RunTime:0.000000s ]
INFO: [ view_filter ] --END-- [ RunTime:0.000000s ]

[ 2018-03-25T11:17:03+08:00 ] 36.24.245.100 /index.php?s=/Index/index.html
INFO: [ app_init ] --START--
INFO: Run Behavior\BuildLiteBehavior [ RunTime:0.000000s ]
INFO: [ app_init ] --END-- [ RunTime:0.000000s ]
NOTIC: [8] Use of undefined constant PLUGIN_PATH - assumed 'PLUGIN_PATH' C:\channel\Application\Admin\Conf\config.php 第 5 行.
NOTIC: [8] Use of undefined constant PLUGIN_PATH - assumed 'PLUGIN_PATH' C:\channel\Application\Admin\Conf\config.php 第 6 行.
NOTIC: [8] Use of undefined constant PLUGIN_PATH - assumed 'PLUGIN_PATH' C:\channel\Application\Admin\Conf\config.php 第 7 行.
NOTIC: [8] Use of undefined constant PLUGIN_PATH - assumed 'PLUGIN_PATH' C:\channel\Application\Admin\Conf\config.php 第 8 行.
INFO: [ app_begin ] --START--
INFO: Run Behavior\ReadHtmlCacheBehavior [ RunTime:0.000000s ]
INFO: [ app_begin ] --END-- [ RunTime:0.000000s ]
ERR: 1146:Table 'acool.jieqi_config' doesn't exist
 [ SQL语句 ] : SHOW COLUMNS FROM `jieqi_config`
ERR: 1146:Table 'acool.jieqi_config' doesn't exist
 [ SQL语句 ] : SELECT * FROM `jieqi_config` 
NOTIC: [2] Invalid argument supplied for foreach() C:\channel\Application\Admin\Controller\BaseController.class.php 第 74 行.
NOTIC: [8] Undefined index: index C:\channel\Application\Admin\Common\function.php 第 47 行.
NOTIC: [8] Undefined index: index C:\channel\Application\Admin\Common\function.php 第 48 行.
INFO: [ view_parse ] --START--
INFO: [ template_filter ] --START--
INFO: Run Behavior\ContentReplaceBehavior [ RunTime:0.000000s ]
INFO: [ template_filter ] --END-- [ RunTime:0.000000s ]
NOTIC: [8] Undefined variable: ischannel C:\channel\Runtime\Cache\Admin\b595b808c2ebeeeb0478ffc30bb4e87a.php 第 36 行.
NOTIC: [8] Undefined variable: ischannel C:\channel\Runtime\Cache\Admin\b595b808c2ebeeeb0478ffc30bb4e87a.php 第 55 行.
NOTIC: [8] Undefined variable: upgradeMsg C:\channel\Runtime\Cache\Admin\b595b808c2ebeeeb0478ffc30bb4e87a.php 第 62 行.
NOTIC: [8] Undefined variable: ischannel C:\channel\Runtime\Cache\Admin\b595b808c2ebeeeb0478ffc30bb4e87a.php 第 70 行.
NOTIC: [8] Undefined variable: ischannel C:\channel\Runtime\Cache\Admin\b595b808c2ebeeeb0478ffc30bb4e87a.php 第 78 行.
NOTIC: [8] Undefined variable: ischannel C:\channel\Runtime\Cache\Admin\b595b808c2ebeeeb0478ffc30bb4e87a.php 第 83 行.
NOTIC: [8] Undefined variable: ischannel C:\channel\Runtime\Cache\Admin\b595b808c2ebeeeb0478ffc30bb4e87a.php 第 90 行.
NOTIC: [8] Undefined variable: ischannel C:\channel\Runtime\Cache\Admin\b595b808c2ebeeeb0478ffc30bb4e87a.php 第 124 行.
INFO: Run Behavior\ParseTemplateBehavior [ RunTime:0.000000s ]
INFO: [ view_parse ] --END-- [ RunTime:0.000000s ]
INFO: [ view_filter ] --START--
INFO: Run Behavior\WriteHtmlCacheBehavior [ RunTime:0.000000s ]
INFO: [ view_filter ] --END-- [ RunTime:0.000000s ]
INFO: [ app_end ] --START--
INFO: Run Behavior\ShowPageTraceBehavior [ RunTime:0.000000s ]
INFO: [ app_end ] --END-- [ RunTime:0.000000s ]

[ 2018-03-25T11:17:03+08:00 ] 36.24.245.100 /index.php?s=/Index/welcome.html
INFO: [ app_init ] --START--
INFO: Run Behavior\BuildLiteBehavior [ RunTime:0.000000s ]
INFO: [ app_init ] --END-- [ RunTime:0.000000s ]
NOTIC: [8] Use of undefined constant PLUGIN_PATH - assumed 'PLUGIN_PATH' C:\channel\Application\Admin\Conf\config.php 第 5 行.
NOTIC: [8] Use of undefined constant PLUGIN_PATH - assumed 'PLUGIN_PATH' C:\channel\Application\Admin\Conf\config.php 第 6 行.
NOTIC: [8] Use of undefined constant PLUGIN_PATH - assumed 'PLUGIN_PATH' C:\channel\Application\Admin\Conf\config.php 第 7 行.
NOTIC: [8] Use of undefined constant PLUGIN_PATH - assumed 'PLUGIN_PATH' C:\channel\Application\Admin\Conf\config.php 第 8 行.
INFO: [ app_begin ] --START--
INFO: Run Behavior\ReadHtmlCacheBehavior [ RunTime:0.015625s ]
INFO: [ app_begin ] --END-- [ RunTime:0.015625s ]
ERR: 1146:Table 'acool.jieqi_config' doesn't exist
 [ SQL语句 ] : SHOW COLUMNS FROM `jieqi_config`
ERR: 1146:Table 'acool.jieqi_config' doesn't exist
 [ SQL语句 ] : SELECT * FROM `jieqi_config` 
NOTIC: [2] Invalid argument supplied for foreach() C:\channel\Application\Admin\Controller\BaseController.class.php 第 74 行.
NOTIC: [8] Undefined index: index C:\channel\Application\Admin\Common\function.php 第 47 行.
NOTIC: [8] Undefined index: index C:\channel\Application\Admin\Common\function.php 第 48 行.
NOTIC: [2] Invalid argument supplied for foreach() C:\channel\ThinkPHP\Library\Think\Db\Driver.class.php 第 546 行.
NOTIC: [2] Invalid argument supplied for foreach() C:\channel\ThinkPHP\Library\Think\Db\Driver.class.php 第 546 行.
INFO: [ view_parse ] --START--
INFO: [ template_filter ] --START--
INFO: Run Behavior\ContentReplaceBehavior [ RunTime:0.000000s ]
INFO: [ template_filter ] --END-- [ RunTime:0.000000s ]
INFO: Run Behavior\ParseTemplateBehavior [ RunTime:0.000000s ]
INFO: [ view_parse ] --END-- [ RunTime:0.000000s ]
INFO: [ view_filter ] --START--
INFO: Run Behavior\WriteHtmlCacheBehavior [ RunTime:0.000000s ]
INFO: [ view_filter ] --END-- [ RunTime:0.000000s ]
INFO: [ app_end ] --START--
INFO: Run Behavior\ShowPageTraceBehavior [ RunTime:0.015625s ]
INFO: [ app_end ] --END-- [ RunTime:0.015625s ]

[ 2018-03-25T11:17:09+08:00 ] 36.24.245.100 /index.php?s=/Channel/channelList.html
INFO: [ app_init ] --START--
INFO: Run Behavior\BuildLiteBehavior [ RunTime:0.000000s ]
INFO: [ app_init ] --END-- [ RunTime:0.000000s ]
NOTIC: [8] Use of undefined constant PLUGIN_PATH - assumed 'PLUGIN_PATH' C:\channel\Application\Admin\Conf\config.php 第 5 行.
NOTIC: [8] Use of undefined constant PLUGIN_PATH - assumed 'PLUGIN_PATH' C:\channel\Application\Admin\Conf\config.php 第 6 行.
NOTIC: [8] Use of undefined constant PLUGIN_PATH - assumed 'PLUGIN_PATH' C:\channel\Application\Admin\Conf\config.php 第 7 行.
NOTIC: [8] Use of undefined constant PLUGIN_PATH - assumed 'PLUGIN_PATH' C:\channel\Application\Admin\Conf\config.php 第 8 行.
INFO: [ app_begin ] --START--
INFO: Run Behavior\ReadHtmlCacheBehavior [ RunTime:0.000000s ]
INFO: [ app_begin ] --END-- [ RunTime:0.000000s ]
ERR: 1146:Table 'acool.jieqi_config' doesn't exist
 [ SQL语句 ] : SHOW COLUMNS FROM `jieqi_config`
ERR: 1146:Table 'acool.jieqi_config' doesn't exist
 [ SQL语句 ] : SELECT * FROM `jieqi_config` 
NOTIC: [2] Invalid argument supplied for foreach() C:\channel\Application\Admin\Controller\BaseController.class.php 第 74 行.
INFO: [ view_parse ] --START--
INFO: [ template_filter ] --START--
INFO: Run Behavior\ContentReplaceBehavior [ RunTime:0.000000s ]
INFO: [ template_filter ] --END-- [ RunTime:0.000000s ]
NOTIC: [8] Undefined variable: ischannel C:\channel\Runtime\Cache\Admin\02cafd185cb33fcae223b1104c31c64e.php 第 1 行.
NOTIC: [8] Undefined variable: ischannel C:\channel\Runtime\Cache\Admin\02cafd185cb33fcae223b1104c31c64e.php 第 255 行.
NOTIC: [8] Undefined variable: ischannel C:\channel\Runtime\Cache\Admin\02cafd185cb33fcae223b1104c31c64e.php 第 276 行.
NOTIC: [8] Undefined variable: ischannel C:\channel\Runtime\Cache\Admin\02cafd185cb33fcae223b1104c31c64e.php 第 286 行.
NOTIC: [8] Undefined variable: ischannel C:\channel\Runtime\Cache\Admin\02cafd185cb33fcae223b1104c31c64e.php 第 295 行.
NOTIC: [8] Undefined variable: ischannel C:\channel\Runtime\Cache\Admin\02cafd185cb33fcae223b1104c31c64e.php 第 325 行.
NOTIC: [8] Undefined variable: ischannel C:\channel\Runtime\Cache\Admin\02cafd185cb33fcae223b1104c31c64e.php 第 332 行.
INFO: Run Behavior\ParseTemplateBehavior [ RunTime:0.015625s ]
INFO: [ view_parse ] --END-- [ RunTime:0.015625s ]
INFO: [ view_filter ] --START--
INFO: Run Behavior\WriteHtmlCacheBehavior [ RunTime:0.000000s ]
INFO: [ view_filter ] --END-- [ RunTime:0.000000s ]
INFO: [ app_end ] --START--
INFO: Run Behavior\ShowPageTraceBehavior [ RunTime:0.000000s ]
INFO: [ app_end ] --END-- [ RunTime:0.000000s ]

[ 2018-03-25T11:17:09+08:00 ] 36.24.245.100 /index.php?m=Admin&c=Channel&a=ajaxChannelList&p=1
INFO: [ app_init ] --START--
INFO: Run Behavior\BuildLiteBehavior [ RunTime:0.000000s ]
INFO: [ app_init ] --END-- [ RunTime:0.000000s ]
NOTIC: [8] Use of undefined constant PLUGIN_PATH - assumed 'PLUGIN_PATH' C:\channel\Application\Admin\Conf\config.php 第 5 行.
NOTIC: [8] Use of undefined constant PLUGIN_PATH - assumed 'PLUGIN_PATH' C:\channel\Application\Admin\Conf\config.php 第 6 行.
NOTIC: [8] Use of undefined constant PLUGIN_PATH - assumed 'PLUGIN_PATH' C:\channel\Application\Admin\Conf\config.php 第 7 行.
NOTIC: [8] Use of undefined constant PLUGIN_PATH - assumed 'PLUGIN_PATH' C:\channel\Application\Admin\Conf\config.php 第 8 行.
INFO: [ app_begin ] --START--
INFO: Run Behavior\ReadHtmlCacheBehavior [ RunTime:0.000000s ]
INFO: [ app_begin ] --END-- [ RunTime:0.000000s ]
ERR: 1146:Table 'acool.jieqi_config' doesn't exist
 [ SQL语句 ] : SHOW COLUMNS FROM `jieqi_config`
ERR: 1146:Table 'acool.jieqi_config' doesn't exist
 [ SQL语句 ] : SELECT * FROM `jieqi_config` 
NOTIC: [2] Invalid argument supplied for foreach() C:\channel\Application\Admin\Controller\BaseController.class.php 第 74 行.
NOTIC: [8] Undefined index: ajaxChannelList C:\channel\Application\Admin\Common\function.php 第 48 行.
NOTIC: [8] Undefined index: paidmoney C:\channel\Application\Admin\Controller\ChannelController.class.php 第 564 行.
NOTIC: [8] Undefined index: paidmoney C:\channel\Application\Admin\Controller\ChannelController.class.php 第 570 行.
NOTIC: [8] Undefined index: paidmoney C:\channel\Application\Admin\Controller\ChannelController.class.php 第 564 行.
NOTIC: [8] Undefined index: paidmoney C:\channel\Application\Admin\Controller\ChannelController.class.php 第 570 行.
NOTIC: [8] Undefined index: paidmoney C:\channel\Application\Admin\Controller\ChannelController.class.php 第 564 行.
NOTIC: [8] Undefined index: paidmoney C:\channel\Application\Admin\Controller\ChannelController.class.php 第 570 行.
INFO: [ view_parse ] --START--
INFO: [ template_filter ] --START--
INFO: Run Behavior\ContentReplaceBehavior [ RunTime:0.000000s ]
INFO: [ template_filter ] --END-- [ RunTime:0.000000s ]
NOTIC: [8] Undefined variable: ischannel C:\channel\Runtime\Cache\Admin\06dca19fe6b255cf3c0dbb86d3adc5f5.php 第 32 行.
NOTIC: [8] Undefined variable: ischannel C:\channel\Runtime\Cache\Admin\06dca19fe6b255cf3c0dbb86d3adc5f5.php 第 66 行.
NOTIC: [8] Undefined variable: ischannel C:\channel\Runtime\Cache\Admin\06dca19fe6b255cf3c0dbb86d3adc5f5.php 第 66 行.
NOTIC: [8] Undefined variable: ischannel C:\channel\Runtime\Cache\Admin\06dca19fe6b255cf3c0dbb86d3adc5f5.php 第 66 行.
INFO: Run Behavior\ParseTemplateBehavior [ RunTime:0.015625s ]
INFO: [ view_parse ] --END-- [ RunTime:0.015625s ]
INFO: [ view_filter ] --START--
INFO: Run Behavior\WriteHtmlCacheBehavior [ RunTime:0.000000s ]
INFO: [ view_filter ] --END-- [ RunTime:0.000000s ]
INFO: [ app_end ] --START--
INFO: Run Behavior\ShowPageTraceBehavior [ RunTime:0.000000s ]
INFO: [ app_end ] --END-- [ RunTime:0.000000s ]

[ 2018-03-25T11:17:09+08:00 ] 36.24.245.100 /index.php?m=Admin&c=User&a=ajaxChannelPayLogList&p=1
INFO: [ app_init ] --START--
INFO: Run Behavior\BuildLiteBehavior [ RunTime:0.000000s ]
INFO: [ app_init ] --END-- [ RunTime:0.000000s ]
NOTIC: [8] Use of undefined constant PLUGIN_PATH - assumed 'PLUGIN_PATH' C:\channel\Application\Admin\Conf\config.php 第 5 行.
NOTIC: [8] Use of undefined constant PLUGIN_PATH - assumed 'PLUGIN_PATH' C:\channel\Application\Admin\Conf\config.php 第 6 行.
NOTIC: [8] Use of undefined constant PLUGIN_PATH - assumed 'PLUGIN_PATH' C:\channel\Application\Admin\Conf\config.php 第 7 行.
NOTIC: [8] Use of undefined constant PLUGIN_PATH - assumed 'PLUGIN_PATH' C:\channel\Application\Admin\Conf\config.php 第 8 行.
INFO: [ app_begin ] --START--
INFO: Run Behavior\ReadHtmlCacheBehavior [ RunTime:0.000000s ]
INFO: [ app_begin ] --END-- [ RunTime:0.000000s ]
ERR: 1146:Table 'acool.jieqi_config' doesn't exist
 [ SQL语句 ] : SHOW COLUMNS FROM `jieqi_config`
ERR: 1146:Table 'acool.jieqi_config' doesn't exist
 [ SQL语句 ] : SELECT * FROM `jieqi_config` 
NOTIC: [2] Invalid argument supplied for foreach() C:\channel\Application\Admin\Controller\BaseController.class.php 第 74 行.
NOTIC: [8] Undefined index: user C:\channel\Application\Admin\Common\function.php 第 47 行.
NOTIC: [8] Undefined index: user C:\channel\Application\Admin\Common\function.php 第 48 行.
NOTIC: [2] Invalid argument supplied for foreach() C:\channel\ThinkPHP\Library\Think\Db\Driver.class.php 第 546 行.
NOTIC: [8] Undefined index: paidmoney C:\channel\Application\Admin\Controller\UserController.class.php 第 479 行.
NOTIC: [8] Undefined index: paidmoney C:\channel\Application\Admin\Controller\UserController.class.php 第 485 行.
NOTIC: [8] Undefined index: paidmoney C:\channel\Application\Admin\Controller\UserController.class.php 第 479 行.
NOTIC: [8] Undefined index: paidmoney C:\channel\Application\Admin\Controller\UserController.class.php 第 485 行.
NOTIC: [8] Undefined index: paidmoney C:\channel\Application\Admin\Controller\UserController.class.php 第 479 行.
NOTIC: [8] Undefined index: paidmoney C:\channel\Application\Admin\Controller\UserController.class.php 第 485 行.
INFO: [ view_parse ] --START--
INFO: [ template_filter ] --START--
INFO: Run Behavior\ContentReplaceBehavior [ RunTime:0.000000s ]
INFO: [ template_filter ] --END-- [ RunTime:0.000000s ]
INFO: Run Behavior\ParseTemplateBehavior [ RunTime:0.015625s ]
INFO: [ view_parse ] --END-- [ RunTime:0.015625s ]
INFO: [ view_filter ] --START--
INFO: Run Behavior\WriteHtmlCacheBehavior [ RunTime:0.000000s ]
INFO: [ view_filter ] --END-- [ RunTime:0.000000s ]
INFO: [ app_end ] --START--
INFO: Run Behavior\ShowPageTraceBehavior [ RunTime:0.000000s ]
INFO: [ app_end ] --END-- [ RunTime:0.000000s ]

[ 2018-03-25T11:17:09+08:00 ] 36.24.245.100 /index.php?m=Admin&c=User&a=ajaxChannelUserList&p=1
INFO: [ app_init ] --START--
INFO: Run Behavior\BuildLiteBehavior [ RunTime:0.000000s ]
INFO: [ app_init ] --END-- [ RunTime:0.000000s ]
NOTIC: [8] Use of undefined constant PLUGIN_PATH - assumed 'PLUGIN_PATH' C:\channel\Application\Admin\Conf\config.php 第 5 行.
NOTIC: [8] Use of undefined constant PLUGIN_PATH - assumed 'PLUGIN_PATH' C:\channel\Application\Admin\Conf\config.php 第 6 行.
NOTIC: [8] Use of undefined constant PLUGIN_PATH - assumed 'PLUGIN_PATH' C:\channel\Application\Admin\Conf\config.php 第 7 行.
NOTIC: [8] Use of undefined constant PLUGIN_PATH - assumed 'PLUGIN_PATH' C:\channel\Application\Admin\Conf\config.php 第 8 行.
INFO: [ app_begin ] --START--
INFO: Run Behavior\ReadHtmlCacheBehavior [ RunTime:0.000000s ]
INFO: [ app_begin ] --END-- [ RunTime:0.000000s ]
ERR: 1146:Table 'acool.jieqi_config' doesn't exist
 [ SQL语句 ] : SHOW COLUMNS FROM `jieqi_config`
ERR: 1146:Table 'acool.jieqi_config' doesn't exist
 [ SQL语句 ] : SELECT * FROM `jieqi_config` 
NOTIC: [2] Invalid argument supplied for foreach() C:\channel\Application\Admin\Controller\BaseController.class.php 第 74 行.
NOTIC: [8] Undefined index: user C:\channel\Application\Admin\Common\function.php 第 47 行.
NOTIC: [8] Undefined index: user C:\channel\Application\Admin\Common\function.php 第 48 行.
NOTIC: [2] Invalid argument supplied for foreach() C:\channel\ThinkPHP\Library\Think\Db\Driver.class.php 第 546 行.
NOTIC: [8] Undefined index: paidmoney C:\channel\Application\Admin\Controller\UserController.class.php 第 479 行.
NOTIC: [8] Undefined index: paidmoney C:\channel\Application\Admin\Controller\UserController.class.php 第 485 行.
NOTIC: [8] Undefined index: paidmoney C:\channel\Application\Admin\Controller\UserController.class.php 第 479 行.
NOTIC: [8] Undefined index: paidmoney C:\channel\Application\Admin\Controller\UserController.class.php 第 485 行.
NOTIC: [8] Undefined index: paidmoney C:\channel\Application\Admin\Controller\UserController.class.php 第 479 行.
NOTIC: [8] Undefined index: paidmoney C:\channel\Application\Admin\Controller\UserController.class.php 第 485 行.
INFO: [ view_parse ] --START--
INFO: [ template_filter ] --START--
INFO: Run Behavior\ContentReplaceBehavior [ RunTime:0.000000s ]
INFO: [ template_filter ] --END-- [ RunTime:0.000000s ]
INFO: Run Behavior\ParseTemplateBehavior [ RunTime:0.015625s ]
INFO: [ view_parse ] --END-- [ RunTime:0.015625s ]
INFO: [ view_filter ] --START--
INFO: Run Behavior\WriteHtmlCacheBehavior [ RunTime:0.000000s ]
INFO: [ view_filter ] --END-- [ RunTime:0.000000s ]
INFO: [ app_end ] --START--
INFO: Run Behavior\ShowPageTraceBehavior [ RunTime:0.000000s ]
INFO: [ app_end ] --END-- [ RunTime:0.000000s ]

[ 2018-03-25T11:17:09+08:00 ] 36.24.245.100 /index.php?s=/User/channelUserAccessLog.html
INFO: [ app_init ] --START--
INFO: Run Behavior\BuildLiteBehavior [ RunTime:0.000000s ]
INFO: [ app_init ] --END-- [ RunTime:0.000000s ]
NOTIC: [8] Use of undefined constant PLUGIN_PATH - assumed 'PLUGIN_PATH' C:\channel\Application\Admin\Conf\config.php 第 5 行.
NOTIC: [8] Use of undefined constant PLUGIN_PATH - assumed 'PLUGIN_PATH' C:\channel\Application\Admin\Conf\config.php 第 6 行.
NOTIC: [8] Use of undefined constant PLUGIN_PATH - assumed 'PLUGIN_PATH' C:\channel\Application\Admin\Conf\config.php 第 7 行.
NOTIC: [8] Use of undefined constant PLUGIN_PATH - assumed 'PLUGIN_PATH' C:\channel\Application\Admin\Conf\config.php 第 8 行.
INFO: [ app_begin ] --START--
INFO: Run Behavior\ReadHtmlCacheBehavior [ RunTime:0.000000s ]
INFO: [ app_begin ] --END-- [ RunTime:0.000000s ]
ERR: 1146:Table 'acool.jieqi_config' doesn't exist
 [ SQL语句 ] : SHOW COLUMNS FROM `jieqi_config`
ERR: 1146:Table 'acool.jieqi_config' doesn't exist
 [ SQL语句 ] : SELECT * FROM `jieqi_config` 
NOTIC: [2] Invalid argument supplied for foreach() C:\channel\Application\Admin\Controller\BaseController.class.php 第 74 行.
NOTIC: [8] Undefined index: user C:\channel\Application\Admin\Common\function.php 第 47 行.
NOTIC: [8] Undefined index: user C:\channel\Application\Admin\Common\function.php 第 48 行.
INFO: [ view_parse ] --START--
INFO: [ template_filter ] --START--
INFO: Run Behavior\ContentReplaceBehavior [ RunTime:0.000000s ]
INFO: [ template_filter ] --END-- [ RunTime:0.000000s ]
NOTIC: [8] Undefined variable: ischannel C:\channel\Runtime\Cache\Admin\beb23f3a92d1acce812143a6ef0bfd0f.php 第 101 行.
INFO: Run Behavior\ParseTemplateBehavior [ RunTime:0.000000s ]
INFO: [ view_parse ] --END-- [ RunTime:0.000000s ]
INFO: [ view_filter ] --START--
INFO: Run Behavior\WriteHtmlCacheBehavior [ RunTime:0.000000s ]
INFO: [ view_filter ] --END-- [ RunTime:0.000000s ]
INFO: [ app_end ] --START--
INFO: Run Behavior\ShowPageTraceBehavior [ RunTime:0.000000s ]
INFO: [ app_end ] --END-- [ RunTime:0.000000s ]

[ 2018-03-25T11:17:10+08:00 ] 36.24.245.100 /index.php?m=Admin&c=User&a=ajaxChannelUserAccessLog&p=1
INFO: [ app_init ] --START--
INFO: Run Behavior\BuildLiteBehavior [ RunTime:0.000000s ]
INFO: [ app_init ] --END-- [ RunTime:0.000000s ]
NOTIC: [8] Use of undefined constant PLUGIN_PATH - assumed 'PLUGIN_PATH' C:\channel\Application\Admin\Conf\config.php 第 5 行.
NOTIC: [8] Use of undefined constant PLUGIN_PATH - assumed 'PLUGIN_PATH' C:\channel\Application\Admin\Conf\config.php 第 6 行.
NOTIC: [8] Use of undefined constant PLUGIN_PATH - assumed 'PLUGIN_PATH' C:\channel\Application\Admin\Conf\config.php 第 7 行.
NOTIC: [8] Use of undefined constant PLUGIN_PATH - assumed 'PLUGIN_PATH' C:\channel\Application\Admin\Conf\config.php 第 8 行.
INFO: [ app_begin ] --START--
INFO: Run Behavior\ReadHtmlCacheBehavior [ RunTime:0.000000s ]
INFO: [ app_begin ] --END-- [ RunTime:0.000000s ]
ERR: 1146:Table 'acool.jieqi_config' doesn't exist
 [ SQL语句 ] : SHOW COLUMNS FROM `jieqi_config`
ERR: 1146:Table 'acool.jieqi_config' doesn't exist
 [ SQL语句 ] : SELECT * FROM `jieqi_config` 
NOTIC: [2] Invalid argument supplied for foreach() C:\channel\Application\Admin\Controller\BaseController.class.php 第 74 行.
NOTIC: [8] Undefined index: user C:\channel\Application\Admin\Common\function.php 第 47 行.
NOTIC: [8] Undefined index: user C:\channel\Application\Admin\Common\function.php 第 48 行.
NOTIC: [2] Invalid argument supplied for foreach() C:\channel\ThinkPHP\Library\Think\Db\Driver.class.php 第 546 行.
INFO: [ view_parse ] --START--
INFO: [ template_filter ] --START--
INFO: Run Behavior\ContentReplaceBehavior [ RunTime:0.000000s ]
INFO: [ template_filter ] --END-- [ RunTime:0.000000s ]
INFO: Run Behavior\ParseTemplateBehavior [ RunTime:0.015625s ]
INFO: [ view_parse ] --END-- [ RunTime:0.015625s ]
INFO: [ view_filter ] --START--
INFO: Run Behavior\WriteHtmlCacheBehavior [ RunTime:0.000000s ]
INFO: [ view_filter ] --END-- [ RunTime:0.000000s ]
INFO: [ app_end ] --START--
INFO: Run Behavior\ShowPageTraceBehavior [ RunTime:0.000000s ]
INFO: [ app_end ] --END-- [ RunTime:0.000000s ]

[ 2018-03-25T11:17:13+08:00 ] 36.24.245.100 /index.php?s=/BookSale/bookSaleListByChannelID.html
INFO: [ app_init ] --START--
INFO: Run Behavior\BuildLiteBehavior [ RunTime:0.000000s ]
INFO: [ app_init ] --END-- [ RunTime:0.000000s ]
NOTIC: [8] Use of undefined constant PLUGIN_PATH - assumed 'PLUGIN_PATH' C:\channel\Application\Admin\Conf\config.php 第 5 行.
NOTIC: [8] Use of undefined constant PLUGIN_PATH - assumed 'PLUGIN_PATH' C:\channel\Application\Admin\Conf\config.php 第 6 行.
NOTIC: [8] Use of undefined constant PLUGIN_PATH - assumed 'PLUGIN_PATH' C:\channel\Application\Admin\Conf\config.php 第 7 行.
NOTIC: [8] Use of undefined constant PLUGIN_PATH - assumed 'PLUGIN_PATH' C:\channel\Application\Admin\Conf\config.php 第 8 行.
INFO: [ app_begin ] --START--
INFO: Run Behavior\ReadHtmlCacheBehavior [ RunTime:0.000000s ]
INFO: [ app_begin ] --END-- [ RunTime:0.000000s ]
ERR: 1146:Table 'acool.jieqi_config' doesn't exist
 [ SQL语句 ] : SHOW COLUMNS FROM `jieqi_config`
ERR: 1146:Table 'acool.jieqi_config' doesn't exist
 [ SQL语句 ] : SELECT * FROM `jieqi_config` 
NOTIC: [2] Invalid argument supplied for foreach() C:\channel\Application\Admin\Controller\BaseController.class.php 第 74 行.
NOTIC: [8] Undefined index: booksale C:\channel\Application\Admin\Common\function.php 第 47 行.
NOTIC: [8] Undefined index: booksale C:\channel\Application\Admin\Common\function.php 第 48 行.
INFO: [ view_parse ] --START--
INFO: [ template_filter ] --START--
INFO: Run Behavior\ContentReplaceBehavior [ RunTime:0.000000s ]
INFO: [ template_filter ] --END-- [ RunTime:0.000000s ]
NOTIC: [8] Undefined variable: ischannel C:\channel\Runtime\Cache\Admin\5a03477ffc44965b5fe20e2a23ff70c1.php 第 101 行.
INFO: Run Behavior\ParseTemplateBehavior [ RunTime:0.015625s ]
INFO: [ view_parse ] --END-- [ RunTime:0.015625s ]
INFO: [ view_filter ] --START--
INFO: Run Behavior\WriteHtmlCacheBehavior [ RunTime:0.000000s ]
INFO: [ view_filter ] --END-- [ RunTime:0.000000s ]
INFO: [ app_end ] --START--
INFO: Run Behavior\ShowPageTraceBehavior [ RunTime:0.000000s ]
INFO: [ app_end ] --END-- [ RunTime:0.000000s ]

[ 2018-03-25T11:17:13+08:00 ] 36.24.245.100 /index.php?m=Admin&c=BookSale&a=ajaxBookSaleListByChannelID&p=1
INFO: [ app_init ] --START--
INFO: Run Behavior\BuildLiteBehavior [ RunTime:0.000000s ]
INFO: [ app_init ] --END-- [ RunTime:0.000000s ]
NOTIC: [8] Use of undefined constant PLUGIN_PATH - assumed 'PLUGIN_PATH' C:\channel\Application\Admin\Conf\config.php 第 5 行.
NOTIC: [8] Use of undefined constant PLUGIN_PATH - assumed 'PLUGIN_PATH' C:\channel\Application\Admin\Conf\config.php 第 6 行.
NOTIC: [8] Use of undefined constant PLUGIN_PATH - assumed 'PLUGIN_PATH' C:\channel\Application\Admin\Conf\config.php 第 7 行.
NOTIC: [8] Use of undefined constant PLUGIN_PATH - assumed 'PLUGIN_PATH' C:\channel\Application\Admin\Conf\config.php 第 8 行.
INFO: [ app_begin ] --START--
INFO: Run Behavior\ReadHtmlCacheBehavior [ RunTime:0.000000s ]
INFO: [ app_begin ] --END-- [ RunTime:0.000000s ]
ERR: 1146:Table 'acool.jieqi_config' doesn't exist
 [ SQL语句 ] : SHOW COLUMNS FROM `jieqi_config`
ERR: 1146:Table 'acool.jieqi_config' doesn't exist
 [ SQL语句 ] : SELECT * FROM `jieqi_config` 
NOTIC: [2] Invalid argument supplied for foreach() C:\channel\Application\Admin\Controller\BaseController.class.php 第 74 行.
NOTIC: [8] Undefined index: booksale C:\channel\Application\Admin\Common\function.php 第 47 行.
NOTIC: [8] Undefined index: booksale C:\channel\Application\Admin\Common\function.php 第 48 行.
NOTIC: [2] Invalid argument supplied for foreach() C:\channel\ThinkPHP\Library\Think\Db\Driver.class.php 第 546 行.
INFO: [ view_parse ] --START--
INFO: [ template_filter ] --START--
INFO: Run Behavior\ContentReplaceBehavior [ RunTime:0.000000s ]
INFO: [ template_filter ] --END-- [ RunTime:0.000000s ]
INFO: Run Behavior\ParseTemplateBehavior [ RunTime:0.000000s ]
INFO: [ view_parse ] --END-- [ RunTime:0.000000s ]
INFO: [ view_filter ] --START--
INFO: Run Behavior\WriteHtmlCacheBehavior [ RunTime:0.000000s ]
INFO: [ view_filter ] --END-- [ RunTime:0.000000s ]
INFO: [ app_end ] --START--
INFO: Run Behavior\ShowPageTraceBehavior [ RunTime:0.000000s ]
INFO: [ app_end ] --END-- [ RunTime:0.000000s ]

[ 2018-03-25T11:17:15+08:00 ] 36.24.245.100 /index.php?s=/BookSale/bookSaleList.html
INFO: [ app_init ] --START--
INFO: Run Behavior\BuildLiteBehavior [ RunTime:0.000000s ]
INFO: [ app_init ] --END-- [ RunTime:0.000000s ]
NOTIC: [8] Use of undefined constant PLUGIN_PATH - assumed 'PLUGIN_PATH' C:\channel\Application\Admin\Conf\config.php 第 5 行.
NOTIC: [8] Use of undefined constant PLUGIN_PATH - assumed 'PLUGIN_PATH' C:\channel\Application\Admin\Conf\config.php 第 6 行.
NOTIC: [8] Use of undefined constant PLUGIN_PATH - assumed 'PLUGIN_PATH' C:\channel\Application\Admin\Conf\config.php 第 7 行.
NOTIC: [8] Use of undefined constant PLUGIN_PATH - assumed 'PLUGIN_PATH' C:\channel\Application\Admin\Conf\config.php 第 8 行.
INFO: [ app_begin ] --START--
INFO: Run Behavior\ReadHtmlCacheBehavior [ RunTime:0.000000s ]
INFO: [ app_begin ] --END-- [ RunTime:0.000000s ]
ERR: 1146:Table 'acool.jieqi_config' doesn't exist
 [ SQL语句 ] : SHOW COLUMNS FROM `jieqi_config`
ERR: 1146:Table 'acool.jieqi_config' doesn't exist
 [ SQL语句 ] : SELECT * FROM `jieqi_config` 
NOTIC: [2] Invalid argument supplied for foreach() C:\channel\Application\Admin\Controller\BaseController.class.php 第 74 行.
NOTIC: [8] Undefined index: booksale C:\channel\Application\Admin\Common\function.php 第 47 行.
NOTIC: [8] Undefined index: booksale C:\channel\Application\Admin\Common\function.php 第 48 行.
INFO: [ view_parse ] --START--
INFO: [ template_filter ] --START--
INFO: Run Behavior\ContentReplaceBehavior [ RunTime:0.000000s ]
INFO: [ template_filter ] --END-- [ RunTime:0.000000s ]
NOTIC: [8] Undefined variable: ischannel C:\channel\Runtime\Cache\Admin\0f99836fe7ed61f1fcc000b4863f41ac.php 第 1 行.
NOTIC: [8] Undefined variable: ischannel C:\channel\Runtime\Cache\Admin\0f99836fe7ed61f1fcc000b4863f41ac.php 第 255 行.
NOTIC: [8] Undefined variable: ischannel C:\channel\Runtime\Cache\Admin\0f99836fe7ed61f1fcc000b4863f41ac.php 第 276 行.
INFO: Run Behavior\ParseTemplateBehavior [ RunTime:0.000000s ]
INFO: [ view_parse ] --END-- [ RunTime:0.000000s ]
INFO: [ view_filter ] --START--
INFO: Run Behavior\WriteHtmlCacheBehavior [ RunTime:0.000000s ]
INFO: [ view_filter ] --END-- [ RunTime:0.000000s ]
INFO: [ app_end ] --START--
INFO: Run Behavior\ShowPageTraceBehavior [ RunTime:0.000000s ]
INFO: [ app_end ] --END-- [ RunTime:0.000000s ]

[ 2018-03-25T11:17:15+08:00 ] 36.24.245.100 /index.php?m=Admin&c=BookSale&a=ajaxBookList&p=1
INFO: [ app_init ] --START--
INFO: Run Behavior\BuildLiteBehavior [ RunTime:0.000000s ]
INFO: [ app_init ] --END-- [ RunTime:0.000000s ]
NOTIC: [8] Use of undefined constant PLUGIN_PATH - assumed 'PLUGIN_PATH' C:\channel\Application\Admin\Conf\config.php 第 5 行.
NOTIC: [8] Use of undefined constant PLUGIN_PATH - assumed 'PLUGIN_PATH' C:\channel\Application\Admin\Conf\config.php 第 6 行.
NOTIC: [8] Use of undefined constant PLUGIN_PATH - assumed 'PLUGIN_PATH' C:\channel\Application\Admin\Conf\config.php 第 7 行.
NOTIC: [8] Use of undefined constant PLUGIN_PATH - assumed 'PLUGIN_PATH' C:\channel\Application\Admin\Conf\config.php 第 8 行.
INFO: [ app_begin ] --START--
INFO: Run Behavior\ReadHtmlCacheBehavior [ RunTime:0.000000s ]
INFO: [ app_begin ] --END-- [ RunTime:0.000000s ]
ERR: 1146:Table 'acool.jieqi_config' doesn't exist
 [ SQL语句 ] : SHOW COLUMNS FROM `jieqi_config`
ERR: 1146:Table 'acool.jieqi_config' doesn't exist
 [ SQL语句 ] : SELECT * FROM `jieqi_config` 
NOTIC: [2] Invalid argument supplied for foreach() C:\channel\Application\Admin\Controller\BaseController.class.php 第 74 行.
NOTIC: [8] Undefined index: booksale C:\channel\Application\Admin\Common\function.php 第 47 行.
NOTIC: [8] Undefined index: booksale C:\channel\Application\Admin\Common\function.php 第 48 行.
INFO: [ view_parse ] --START--
INFO: [ template_filter ] --START--
INFO: Run Behavior\ContentReplaceBehavior [ RunTime:0.000000s ]
INFO: [ template_filter ] --END-- [ RunTime:0.000000s ]
INFO: Run Behavior\ParseTemplateBehavior [ RunTime:0.000000s ]
INFO: [ view_parse ] --END-- [ RunTime:0.000000s ]
INFO: [ view_filter ] --START--
INFO: Run Behavior\WriteHtmlCacheBehavior [ RunTime:0.000000s ]
INFO: [ view_filter ] --END-- [ RunTime:0.000000s ]
INFO: [ app_end ] --START--
INFO: Run Behavior\ShowPageTraceBehavior [ RunTime:0.000000s ]
INFO: [ app_end ] --END-- [ RunTime:0.000000s ]

[ 2018-03-25T11:17:18+08:00 ] 36.24.245.100 /index.php?s=/User/payLogList.html
INFO: [ app_init ] --START--
INFO: Run Behavior\BuildLiteBehavior [ RunTime:0.000000s ]
INFO: [ app_init ] --END-- [ RunTime:0.000000s ]
NOTIC: [8] Use of undefined constant PLUGIN_PATH - assumed 'PLUGIN_PATH' C:\channel\Application\Admin\Conf\config.php 第 5 行.
NOTIC: [8] Use of undefined constant PLUGIN_PATH - assumed 'PLUGIN_PATH' C:\channel\Application\Admin\Conf\config.php 第 6 行.
NOTIC: [8] Use of undefined constant PLUGIN_PATH - assumed 'PLUGIN_PATH' C:\channel\Application\Admin\Conf\config.php 第 7 行.
NOTIC: [8] Use of undefined constant PLUGIN_PATH - assumed 'PLUGIN_PATH' C:\channel\Application\Admin\Conf\config.php 第 8 行.
INFO: [ app_begin ] --START--
INFO: Run Behavior\ReadHtmlCacheBehavior [ RunTime:0.000000s ]
INFO: [ app_begin ] --END-- [ RunTime:0.000000s ]
ERR: 1146:Table 'acool.jieqi_config' doesn't exist
 [ SQL语句 ] : SHOW COLUMNS FROM `jieqi_config`
ERR: 1146:Table 'acool.jieqi_config' doesn't exist
 [ SQL语句 ] : SELECT * FROM `jieqi_config` 
NOTIC: [2] Invalid argument supplied for foreach() C:\channel\Application\Admin\Controller\BaseController.class.php 第 74 行.
NOTIC: [8] Undefined index: user C:\channel\Application\Admin\Common\function.php 第 47 行.
NOTIC: [8] Undefined index: user C:\channel\Application\Admin\Common\function.php 第 48 行.
INFO: [ view_parse ] --START--
INFO: [ template_filter ] --START--
INFO: Run Behavior\ContentReplaceBehavior [ RunTime:0.000000s ]
INFO: [ template_filter ] --END-- [ RunTime:0.000000s ]
NOTIC: [8] Undefined variable: ischannel C:\channel\Runtime\Cache\Admin\04c297508255542d35b8520191a2b699.php 第 1 行.
NOTIC: [8] Undefined variable: ischannel C:\channel\Runtime\Cache\Admin\04c297508255542d35b8520191a2b699.php 第 255 行.
NOTIC: [8] Undefined variable: ischannel C:\channel\Runtime\Cache\Admin\04c297508255542d35b8520191a2b699.php 第 276 行.
NOTIC: [8] Undefined variable: uid C:\channel\Runtime\Cache\Admin\04c297508255542d35b8520191a2b699.php 第 293 行.
INFO: Run Behavior\ParseTemplateBehavior [ RunTime:0.015625s ]
INFO: [ view_parse ] --END-- [ RunTime:0.015625s ]
INFO: [ view_filter ] --START--
INFO: Run Behavior\WriteHtmlCacheBehavior [ RunTime:0.000000s ]
INFO: [ view_filter ] --END-- [ RunTime:0.000000s ]
INFO: [ app_end ] --START--
INFO: Run Behavior\ShowPageTraceBehavior [ RunTime:0.000000s ]
INFO: [ app_end ] --END-- [ RunTime:0.000000s ]

[ 2018-03-25T11:17:18+08:00 ] 36.24.245.100 /index.php?m=Admin&c=User&a=ajaxPayLogList&&p=1
INFO: [ app_init ] --START--
INFO: Run Behavior\BuildLiteBehavior [ RunTime:0.000000s ]
INFO: [ app_init ] --END-- [ RunTime:0.000000s ]
NOTIC: [8] Use of undefined constant PLUGIN_PATH - assumed 'PLUGIN_PATH' C:\channel\Application\Admin\Conf\config.php 第 5 行.
NOTIC: [8] Use of undefined constant PLUGIN_PATH - assumed 'PLUGIN_PATH' C:\channel\Application\Admin\Conf\config.php 第 6 行.
NOTIC: [8] Use of undefined constant PLUGIN_PATH - assumed 'PLUGIN_PATH' C:\channel\Application\Admin\Conf\config.php 第 7 行.
NOTIC: [8] Use of undefined constant PLUGIN_PATH - assumed 'PLUGIN_PATH' C:\channel\Application\Admin\Conf\config.php 第 8 行.
INFO: [ app_begin ] --START--
INFO: Run Behavior\ReadHtmlCacheBehavior [ RunTime:0.000000s ]
INFO: [ app_begin ] --END-- [ RunTime:0.000000s ]
ERR: 1146:Table 'acool.jieqi_config' doesn't exist
 [ SQL语句 ] : SHOW COLUMNS FROM `jieqi_config`
ERR: 1146:Table 'acool.jieqi_config' doesn't exist
 [ SQL语句 ] : SELECT * FROM `jieqi_config` 
NOTIC: [2] Invalid argument supplied for foreach() C:\channel\Application\Admin\Controller\BaseController.class.php 第 74 行.
NOTIC: [8] Undefined index: user C:\channel\Application\Admin\Common\function.php 第 47 行.
NOTIC: [8] Undefined index: user C:\channel\Application\Admin\Common\function.php 第 48 行.
NOTIC: [8] Undefined index: channelid C:\channel\Application\Admin\Controller\UserController.class.php 第 138 行.
NOTIC: [8] Undefined index: channelid C:\channel\Application\Admin\Controller\UserController.class.php 第 138 行.
NOTIC: [8] Undefined index: channelid C:\channel\Application\Admin\Controller\UserController.class.php 第 138 行.
NOTIC: [8] Undefined index: channelid C:\channel\Application\Admin\Controller\UserController.class.php 第 138 行.
NOTIC: [8] Undefined index: channelid C:\channel\Application\Admin\Controller\UserController.class.php 第 138 行.
NOTIC: [8] Undefined index: channelid C:\channel\Application\Admin\Controller\UserController.class.php 第 138 行.
NOTIC: [8] Undefined index: channelid C:\channel\Application\Admin\Controller\UserController.class.php 第 138 行.
INFO: [ view_parse ] --START--
INFO: [ template_filter ] --START--
INFO: Run Behavior\ContentReplaceBehavior [ RunTime:0.000000s ]
INFO: [ template_filter ] --END-- [ RunTime:0.000000s ]
INFO: Run Behavior\ParseTemplateBehavior [ RunTime:0.000000s ]
INFO: [ view_parse ] --END-- [ RunTime:0.000000s ]
INFO: [ view_filter ] --START--
INFO: Run Behavior\WriteHtmlCacheBehavior [ RunTime:0.000000s ]
INFO: [ view_filter ] --END-- [ RunTime:0.000000s ]
INFO: [ app_end ] --START--
INFO: Run Behavior\ShowPageTraceBehavior [ RunTime:0.000000s ]
INFO: [ app_end ] --END-- [ RunTime:0.000000s ]

[ 2018-03-25T11:17:19+08:00 ] 36.24.245.100 /index.php?s=/User/userList.html
INFO: [ app_init ] --START--
INFO: Run Behavior\BuildLiteBehavior [ RunTime:0.000000s ]
INFO: [ app_init ] --END-- [ RunTime:0.000000s ]
NOTIC: [8] Use of undefined constant PLUGIN_PATH - assumed 'PLUGIN_PATH' C:\channel\Application\Admin\Conf\config.php 第 5 行.
NOTIC: [8] Use of undefined constant PLUGIN_PATH - assumed 'PLUGIN_PATH' C:\channel\Application\Admin\Conf\config.php 第 6 行.
NOTIC: [8] Use of undefined constant PLUGIN_PATH - assumed 'PLUGIN_PATH' C:\channel\Application\Admin\Conf\config.php 第 7 行.
NOTIC: [8] Use of undefined constant PLUGIN_PATH - assumed 'PLUGIN_PATH' C:\channel\Application\Admin\Conf\config.php 第 8 行.
INFO: [ app_begin ] --START--
INFO: Run Behavior\ReadHtmlCacheBehavior [ RunTime:0.000000s ]
INFO: [ app_begin ] --END-- [ RunTime:0.000000s ]
ERR: 1146:Table 'acool.jieqi_config' doesn't exist
 [ SQL语句 ] : SHOW COLUMNS FROM `jieqi_config`
ERR: 1146:Table 'acool.jieqi_config' doesn't exist
 [ SQL语句 ] : SELECT * FROM `jieqi_config` 
NOTIC: [2] Invalid argument supplied for foreach() C:\channel\Application\Admin\Controller\BaseController.class.php 第 74 行.
NOTIC: [8] Undefined index: user C:\channel\Application\Admin\Common\function.php 第 47 行.
NOTIC: [8] Undefined index: user C:\channel\Application\Admin\Common\function.php 第 48 行.
INFO: [ view_parse ] --START--
INFO: [ template_filter ] --START--
INFO: Run Behavior\ContentReplaceBehavior [ RunTime:0.000000s ]
INFO: [ template_filter ] --END-- [ RunTime:0.000000s ]
NOTIC: [8] Undefined variable: ischannel C:\channel\Runtime\Cache\Admin\fd8db13da1500736658b617f5c41c7cb.php 第 101 行.
INFO: Run Behavior\ParseTemplateBehavior [ RunTime:0.015625s ]
INFO: [ view_parse ] --END-- [ RunTime:0.015625s ]
INFO: [ view_filter ] --START--
INFO: Run Behavior\WriteHtmlCacheBehavior [ RunTime:0.000000s ]
INFO: [ view_filter ] --END-- [ RunTime:0.000000s ]
INFO: [ app_end ] --START--
INFO: Run Behavior\ShowPageTraceBehavior [ RunTime:0.000000s ]
INFO: [ app_end ] --END-- [ RunTime:0.000000s ]

[ 2018-03-25T11:17:19+08:00 ] 36.24.245.100 /index.php?m=Admin&c=User&a=ajaxUserList&p=1
INFO: [ app_init ] --START--
INFO: Run Behavior\BuildLiteBehavior [ RunTime:0.000000s ]
INFO: [ app_init ] --END-- [ RunTime:0.000000s ]
NOTIC: [8] Use of undefined constant PLUGIN_PATH - assumed 'PLUGIN_PATH' C:\channel\Application\Admin\Conf\config.php 第 5 行.
NOTIC: [8] Use of undefined constant PLUGIN_PATH - assumed 'PLUGIN_PATH' C:\channel\Application\Admin\Conf\config.php 第 6 行.
NOTIC: [8] Use of undefined constant PLUGIN_PATH - assumed 'PLUGIN_PATH' C:\channel\Application\Admin\Conf\config.php 第 7 行.
NOTIC: [8] Use of undefined constant PLUGIN_PATH - assumed 'PLUGIN_PATH' C:\channel\Application\Admin\Conf\config.php 第 8 行.
INFO: [ app_begin ] --START--
INFO: Run Behavior\ReadHtmlCacheBehavior [ RunTime:0.000000s ]
INFO: [ app_begin ] --END-- [ RunTime:0.000000s ]
ERR: 1146:Table 'acool.jieqi_config' doesn't exist
 [ SQL语句 ] : SHOW COLUMNS FROM `jieqi_config`
ERR: 1146:Table 'acool.jieqi_config' doesn't exist
 [ SQL语句 ] : SELECT * FROM `jieqi_config` 
NOTIC: [2] Invalid argument supplied for foreach() C:\channel\Application\Admin\Controller\BaseController.class.php 第 74 行.
NOTIC: [8] Undefined index: user C:\channel\Application\Admin\Common\function.php 第 47 行.
NOTIC: [8] Undefined index: user C:\channel\Application\Admin\Common\function.php 第 48 行.
INFO: [ view_parse ] --START--
INFO: [ template_filter ] --START--
INFO: Run Behavior\ContentReplaceBehavior [ RunTime:0.000000s ]
INFO: [ template_filter ] --END-- [ RunTime:0.000000s ]
NOTIC: [8] Undefined index: channelid C:\channel\Runtime\Cache\Admin\44357395255aa20c147dd64fd5f0b803.php 第 64 行.
NOTIC: [8] Undefined index: channelname C:\channel\Runtime\Cache\Admin\44357395255aa20c147dd64fd5f0b803.php 第 68 行.
NOTIC: [8] Undefined index: channelid C:\channel\Runtime\Cache\Admin\44357395255aa20c147dd64fd5f0b803.php 第 64 行.
NOTIC: [8] Undefined index: channelname C:\channel\Runtime\Cache\Admin\44357395255aa20c147dd64fd5f0b803.php 第 68 行.
NOTIC: [8] Undefined index: channelid C:\channel\Runtime\Cache\Admin\44357395255aa20c147dd64fd5f0b803.php 第 64 行.
NOTIC: [8] Undefined index: channelname C:\channel\Runtime\Cache\Admin\44357395255aa20c147dd64fd5f0b803.php 第 68 行.
NOTIC: [8] Undefined index: channelid C:\channel\Runtime\Cache\Admin\44357395255aa20c147dd64fd5f0b803.php 第 64 行.
NOTIC: [8] Undefined index: channelname C:\channel\Runtime\Cache\Admin\44357395255aa20c147dd64fd5f0b803.php 第 68 行.
NOTIC: [8] Undefined index: channelid C:\channel\Runtime\Cache\Admin\44357395255aa20c147dd64fd5f0b803.php 第 64 行.
NOTIC: [8] Undefined index: channelname C:\channel\Runtime\Cache\Admin\44357395255aa20c147dd64fd5f0b803.php 第 68 行.
NOTIC: [8] Undefined index: channelid C:\channel\Runtime\Cache\Admin\44357395255aa20c147dd64fd5f0b803.php 第 64 行.
NOTIC: [8] Undefined index: channelname C:\channel\Runtime\Cache\Admin\44357395255aa20c147dd64fd5f0b803.php 第 68 行.
NOTIC: [8] Undefined index: channelid C:\channel\Runtime\Cache\Admin\44357395255aa20c147dd64fd5f0b803.php 第 64 行.
NOTIC: [8] Undefined index: channelname C:\channel\Runtime\Cache\Admin\44357395255aa20c147dd64fd5f0b803.php 第 68 行.
NOTIC: [8] Undefined index: channelid C:\channel\Runtime\Cache\Admin\44357395255aa20c147dd64fd5f0b803.php 第 64 行.
NOTIC: [8] Undefined index: channelname C:\channel\Runtime\Cache\Admin\44357395255aa20c147dd64fd5f0b803.php 第 68 行.
NOTIC: [8] Undefined index: channelid C:\channel\Runtime\Cache\Admin\44357395255aa20c147dd64fd5f0b803.php 第 64 行.
NOTIC: [8] Undefined index: channelname C:\channel\Runtime\Cache\Admin\44357395255aa20c147dd64fd5f0b803.php 第 68 行.
NOTIC: [8] Undefined index: channelid C:\channel\Runtime\Cache\Admin\44357395255aa20c147dd64fd5f0b803.php 第 64 行.
NOTIC: [8] Undefined index: channelname C:\channel\Runtime\Cache\Admin\44357395255aa20c147dd64fd5f0b803.php 第 68 行.
INFO: Run Behavior\ParseTemplateBehavior [ RunTime:0.015625s ]
INFO: [ view_parse ] --END-- [ RunTime:0.015625s ]
INFO: [ view_filter ] --START--
INFO: Run Behavior\WriteHtmlCacheBehavior [ RunTime:0.000000s ]
INFO: [ view_filter ] --END-- [ RunTime:0.000000s ]
INFO: [ app_end ] --START--
INFO: Run Behavior\ShowPageTraceBehavior [ RunTime:0.000000s ]
INFO: [ app_end ] --END-- [ RunTime:0.000000s ]

[ 2018-03-25T11:17:21+08:00 ] 36.24.245.100 /index.php?m=Admin&c=User&a=ajaxUserList&p=1
INFO: [ app_init ] --START--
INFO: Run Behavior\BuildLiteBehavior [ RunTime:0.000000s ]
INFO: [ app_init ] --END-- [ RunTime:0.000000s ]
NOTIC: [8] Use of undefined constant PLUGIN_PATH - assumed 'PLUGIN_PATH' C:\channel\Application\Admin\Conf\config.php 第 5 行.
NOTIC: [8] Use of undefined constant PLUGIN_PATH - assumed 'PLUGIN_PATH' C:\channel\Application\Admin\Conf\config.php 第 6 行.
NOTIC: [8] Use of undefined constant PLUGIN_PATH - assumed 'PLUGIN_PATH' C:\channel\Application\Admin\Conf\config.php 第 7 行.
NOTIC: [8] Use of undefined constant PLUGIN_PATH - assumed 'PLUGIN_PATH' C:\channel\Application\Admin\Conf\config.php 第 8 行.
INFO: [ app_begin ] --START--
INFO: Run Behavior\ReadHtmlCacheBehavior [ RunTime:0.000000s ]
INFO: [ app_begin ] --END-- [ RunTime:0.000000s ]
ERR: 1146:Table 'acool.jieqi_config' doesn't exist
 [ SQL语句 ] : SHOW COLUMNS FROM `jieqi_config`
ERR: 1146:Table 'acool.jieqi_config' doesn't exist
 [ SQL语句 ] : SELECT * FROM `jieqi_config` 
NOTIC: [2] Invalid argument supplied for foreach() C:\channel\Application\Admin\Controller\BaseController.class.php 第 74 行.
NOTIC: [8] Undefined index: user C:\channel\Application\Admin\Common\function.php 第 47 行.
NOTIC: [8] Undefined index: user C:\channel\Application\Admin\Common\function.php 第 48 行.
INFO: [ view_parse ] --START--
INFO: [ template_filter ] --START--
INFO: Run Behavior\ContentReplaceBehavior [ RunTime:0.000000s ]
INFO: [ template_filter ] --END-- [ RunTime:0.000000s ]
NOTIC: [8] Undefined index: channelid C:\channel\Runtime\Cache\Admin\44357395255aa20c147dd64fd5f0b803.php 第 64 行.
NOTIC: [8] Undefined index: channelname C:\channel\Runtime\Cache\Admin\44357395255aa20c147dd64fd5f0b803.php 第 68 行.
NOTIC: [8] Undefined index: channelid C:\channel\Runtime\Cache\Admin\44357395255aa20c147dd64fd5f0b803.php 第 64 行.
NOTIC: [8] Undefined index: channelname C:\channel\Runtime\Cache\Admin\44357395255aa20c147dd64fd5f0b803.php 第 68 行.
NOTIC: [8] Undefined index: channelid C:\channel\Runtime\Cache\Admin\44357395255aa20c147dd64fd5f0b803.php 第 64 行.
NOTIC: [8] Undefined index: channelname C:\channel\Runtime\Cache\Admin\44357395255aa20c147dd64fd5f0b803.php 第 68 行.
NOTIC: [8] Undefined index: channelid C:\channel\Runtime\Cache\Admin\44357395255aa20c147dd64fd5f0b803.php 第 64 行.
NOTIC: [8] Undefined index: channelname C:\channel\Runtime\Cache\Admin\44357395255aa20c147dd64fd5f0b803.php 第 68 行.
NOTIC: [8] Undefined index: channelid C:\channel\Runtime\Cache\Admin\44357395255aa20c147dd64fd5f0b803.php 第 64 行.
NOTIC: [8] Undefined index: channelname C:\channel\Runtime\Cache\Admin\44357395255aa20c147dd64fd5f0b803.php 第 68 行.
NOTIC: [8] Undefined index: channelid C:\channel\Runtime\Cache\Admin\44357395255aa20c147dd64fd5f0b803.php 第 64 行.
NOTIC: [8] Undefined index: channelname C:\channel\Runtime\Cache\Admin\44357395255aa20c147dd64fd5f0b803.php 第 68 行.
NOTIC: [8] Undefined index: channelid C:\channel\Runtime\Cache\Admin\44357395255aa20c147dd64fd5f0b803.php 第 64 行.
NOTIC: [8] Undefined index: channelname C:\channel\Runtime\Cache\Admin\44357395255aa20c147dd64fd5f0b803.php 第 68 行.
NOTIC: [8] Undefined index: channelid C:\channel\Runtime\Cache\Admin\44357395255aa20c147dd64fd5f0b803.php 第 64 行.
NOTIC: [8] Undefined index: channelname C:\channel\Runtime\Cache\Admin\44357395255aa20c147dd64fd5f0b803.php 第 68 行.
NOTIC: [8] Undefined index: channelid C:\channel\Runtime\Cache\Admin\44357395255aa20c147dd64fd5f0b803.php 第 64 行.
NOTIC: [8] Undefined index: channelname C:\channel\Runtime\Cache\Admin\44357395255aa20c147dd64fd5f0b803.php 第 68 行.
NOTIC: [8] Undefined index: channelid C:\channel\Runtime\Cache\Admin\44357395255aa20c147dd64fd5f0b803.php 第 64 行.
NOTIC: [8] Undefined index: channelname C:\channel\Runtime\Cache\Admin\44357395255aa20c147dd64fd5f0b803.php 第 68 行.
INFO: Run Behavior\ParseTemplateBehavior [ RunTime:0.015625s ]
INFO: [ view_parse ] --END-- [ RunTime:0.015625s ]
INFO: [ view_filter ] --START--
INFO: Run Behavior\WriteHtmlCacheBehavior [ RunTime:0.000000s ]
INFO: [ view_filter ] --END-- [ RunTime:0.000000s ]
INFO: [ app_end ] --START--
INFO: Run Behavior\ShowPageTraceBehavior [ RunTime:0.000000s ]
INFO: [ app_end ] --END-- [ RunTime:0.000000s ]

[ 2018-03-25T11:17:23+08:00 ] 36.24.245.100 /index.php?s=/User/userAccessLogList.html
INFO: [ app_init ] --START--
INFO: Run Behavior\BuildLiteBehavior [ RunTime:0.000000s ]
INFO: [ app_init ] --END-- [ RunTime:0.000000s ]
NOTIC: [8] Use of undefined constant PLUGIN_PATH - assumed 'PLUGIN_PATH' C:\channel\Application\Admin\Conf\config.php 第 5 行.
NOTIC: [8] Use of undefined constant PLUGIN_PATH - assumed 'PLUGIN_PATH' C:\channel\Application\Admin\Conf\config.php 第 6 行.
NOTIC: [8] Use of undefined constant PLUGIN_PATH - assumed 'PLUGIN_PATH' C:\channel\Application\Admin\Conf\config.php 第 7 行.
NOTIC: [8] Use of undefined constant PLUGIN_PATH - assumed 'PLUGIN_PATH' C:\channel\Application\Admin\Conf\config.php 第 8 行.
INFO: [ app_begin ] --START--
INFO: Run Behavior\ReadHtmlCacheBehavior [ RunTime:0.000000s ]
INFO: [ app_begin ] --END-- [ RunTime:0.000000s ]
ERR: 1146:Table 'acool.jieqi_config' doesn't exist
 [ SQL语句 ] : SHOW COLUMNS FROM `jieqi_config`
ERR: 1146:Table 'acool.jieqi_config' doesn't exist
 [ SQL语句 ] : SELECT * FROM `jieqi_config` 
NOTIC: [2] Invalid argument supplied for foreach() C:\channel\Application\Admin\Controller\BaseController.class.php 第 74 行.
NOTIC: [8] Undefined index: user C:\channel\Application\Admin\Common\function.php 第 47 行.
NOTIC: [8] Undefined index: user C:\channel\Application\Admin\Common\function.php 第 48 行.
INFO: [ view_parse ] --START--
INFO: [ template_filter ] --START--
INFO: Run Behavior\ContentReplaceBehavior [ RunTime:0.000000s ]
INFO: [ template_filter ] --END-- [ RunTime:0.000000s ]
NOTIC: [8] Undefined variable: ischannel C:\channel\Runtime\Cache\Admin\06adbda639df7a181ab6ec3ff61d02d3.php 第 101 行.
INFO: Run Behavior\ParseTemplateBehavior [ RunTime:0.000000s ]
INFO: [ view_parse ] --END-- [ RunTime:0.000000s ]
INFO: [ view_filter ] --START--
INFO: Run Behavior\WriteHtmlCacheBehavior [ RunTime:0.000000s ]
INFO: [ view_filter ] --END-- [ RunTime:0.000000s ]
INFO: [ app_end ] --START--
INFO: Run Behavior\ShowPageTraceBehavior [ RunTime:0.015625s ]
INFO: [ app_end ] --END-- [ RunTime:0.015625s ]

[ 2018-03-25T11:17:23+08:00 ] 36.24.245.100 /index.php?m=Admin&c=User&a=ajaxUserAccessLogList&p=1
INFO: [ app_init ] --START--
INFO: Run Behavior\BuildLiteBehavior [ RunTime:0.000000s ]
INFO: [ app_init ] --END-- [ RunTime:0.000000s ]
NOTIC: [8] Use of undefined constant PLUGIN_PATH - assumed 'PLUGIN_PATH' C:\channel\Application\Admin\Conf\config.php 第 5 行.
NOTIC: [8] Use of undefined constant PLUGIN_PATH - assumed 'PLUGIN_PATH' C:\channel\Application\Admin\Conf\config.php 第 6 行.
NOTIC: [8] Use of undefined constant PLUGIN_PATH - assumed 'PLUGIN_PATH' C:\channel\Application\Admin\Conf\config.php 第 7 行.
NOTIC: [8] Use of undefined constant PLUGIN_PATH - assumed 'PLUGIN_PATH' C:\channel\Application\Admin\Conf\config.php 第 8 行.
INFO: [ app_begin ] --START--
INFO: Run Behavior\ReadHtmlCacheBehavior [ RunTime:0.000000s ]
INFO: [ app_begin ] --END-- [ RunTime:0.000000s ]
ERR: 1146:Table 'acool.jieqi_config' doesn't exist
 [ SQL语句 ] : SHOW COLUMNS FROM `jieqi_config`
ERR: 1146:Table 'acool.jieqi_config' doesn't exist
 [ SQL语句 ] : SELECT * FROM `jieqi_config` 
NOTIC: [2] Invalid argument supplied for foreach() C:\channel\Application\Admin\Controller\BaseController.class.php 第 74 行.
NOTIC: [8] Undefined index: user C:\channel\Application\Admin\Common\function.php 第 47 行.
NOTIC: [8] Undefined index: user C:\channel\Application\Admin\Common\function.php 第 48 行.
INFO: [ view_parse ] --START--
INFO: [ template_filter ] --START--
INFO: Run Behavior\ContentReplaceBehavior [ RunTime:0.000000s ]
INFO: [ template_filter ] --END-- [ RunTime:0.000000s ]
INFO: Run Behavior\ParseTemplateBehavior [ RunTime:0.000000s ]
INFO: [ view_parse ] --END-- [ RunTime:0.015625s ]
INFO: [ view_filter ] --START--
INFO: Run Behavior\WriteHtmlCacheBehavior [ RunTime:0.000000s ]
INFO: [ view_filter ] --END-- [ RunTime:0.000000s ]
INFO: [ app_end ] --START--
INFO: Run Behavior\ShowPageTraceBehavior [ RunTime:0.000000s ]
INFO: [ app_end ] --END-- [ RunTime:0.000000s ]

[ 2018-03-25T11:17:50+08:00 ] 61.151.178.166 /
INFO: [ app_init ] --START--
INFO: Run Behavior\BuildLiteBehavior [ RunTime:0.000000s ]
INFO: [ app_init ] --END-- [ RunTime:0.000000s ]
NOTIC: [8] Use of undefined constant PLUGIN_PATH - assumed 'PLUGIN_PATH' C:\channel\Application\Admin\Conf\config.php 第 5 行.
NOTIC: [8] Use of undefined constant PLUGIN_PATH - assumed 'PLUGIN_PATH' C:\channel\Application\Admin\Conf\config.php 第 6 行.
NOTIC: [8] Use of undefined constant PLUGIN_PATH - assumed 'PLUGIN_PATH' C:\channel\Application\Admin\Conf\config.php 第 7 行.
NOTIC: [8] Use of undefined constant PLUGIN_PATH - assumed 'PLUGIN_PATH' C:\channel\Application\Admin\Conf\config.php 第 8 行.
INFO: [ app_begin ] --START--
INFO: Run Behavior\ReadHtmlCacheBehavior [ RunTime:0.000000s ]
INFO: [ app_begin ] --END-- [ RunTime:0.000000s ]
ERR: 1146:Table 'acool.jieqi_config' doesn't exist
 [ SQL语句 ] : SHOW COLUMNS FROM `jieqi_config`
ERR: 1146:Table 'acool.jieqi_config' doesn't exist
 [ SQL语句 ] : SELECT * FROM `jieqi_config` 
NOTIC: [2] Invalid argument supplied for foreach() C:\channel\Application\Admin\Controller\BaseController.class.php 第 74 行.
NOTIC: [8] Undefined index: index C:\channel\Application\Admin\Common\function.php 第 47 行.
NOTIC: [8] Undefined index: index C:\channel\Application\Admin\Common\function.php 第 48 行.
INFO: [ view_parse ] --START--
INFO: [ template_filter ] --START--
INFO: Run Behavior\ContentReplaceBehavior [ RunTime:0.000000s ]
INFO: [ template_filter ] --END-- [ RunTime:0.000000s ]
INFO: Run Behavior\ParseTemplateBehavior [ RunTime:0.000000s ]
INFO: [ view_parse ] --END-- [ RunTime:0.000000s ]
INFO: [ view_filter ] --START--
INFO: Run Behavior\WriteHtmlCacheBehavior [ RunTime:0.000000s ]
INFO: [ view_filter ] --END-- [ RunTime:0.000000s ]
INFO: [ app_end ] --START--
INFO: Run Behavior\ShowPageTraceBehavior [ RunTime:0.000000s ]
INFO: [ app_end ] --END-- [ RunTime:0.000000s ]

[ 2018-03-25T11:18:00+08:00 ] 101.226.225.86 /index.php?s=/Admin/login.html
INFO: [ app_init ] --START--
INFO: Run Behavior\BuildLiteBehavior [ RunTime:0.000000s ]
INFO: [ app_init ] --END-- [ RunTime:0.000000s ]
NOTIC: [8] Use of undefined constant PLUGIN_PATH - assumed 'PLUGIN_PATH' C:\channel\Application\Admin\Conf\config.php 第 5 行.
NOTIC: [8] Use of undefined constant PLUGIN_PATH - assumed 'PLUGIN_PATH' C:\channel\Application\Admin\Conf\config.php 第 6 行.
NOTIC: [8] Use of undefined constant PLUGIN_PATH - assumed 'PLUGIN_PATH' C:\channel\Application\Admin\Conf\config.php 第 7 行.
NOTIC: [8] Use of undefined constant PLUGIN_PATH - assumed 'PLUGIN_PATH' C:\channel\Application\Admin\Conf\config.php 第 8 行.
INFO: [ app_begin ] --START--
INFO: Run Behavior\ReadHtmlCacheBehavior [ RunTime:0.000000s ]
INFO: [ app_begin ] --END-- [ RunTime:0.000000s ]
ERR: 1146:Table 'acool.jieqi_config' doesn't exist
 [ SQL语句 ] : SHOW COLUMNS FROM `jieqi_config`
ERR: 1146:Table 'acool.jieqi_config' doesn't exist
 [ SQL语句 ] : SELECT * FROM `jieqi_config` 
NOTIC: [2] Invalid argument supplied for foreach() C:\channel\Application\Admin\Controller\BaseController.class.php 第 74 行.
NOTIC: [8] Undefined index: admin C:\channel\Application\Admin\Common\function.php 第 47 行.
NOTIC: [8] Undefined index: admin C:\channel\Application\Admin\Common\function.php 第 48 行.
NOTIC: [2] Invalid argument supplied for foreach() C:\channel\ThinkPHP\Library\Think\Db\Driver.class.php 第 546 行.
INFO: [ view_parse ] --START--
INFO: [ template_filter ] --START--
INFO: Run Behavior\ContentReplaceBehavior [ RunTime:0.000000s ]
INFO: [ template_filter ] --END-- [ RunTime:0.000000s ]
INFO: Run Behavior\ParseTemplateBehavior [ RunTime:0.015625s ]
INFO: [ view_parse ] --END-- [ RunTime:0.015625s ]
INFO: [ view_filter ] --START--
INFO: Run Behavior\WriteHtmlCacheBehavior [ RunTime:0.000000s ]
INFO: [ view_filter ] --END-- [ RunTime:0.000000s ]
INFO: [ app_end ] --START--
INFO: Run Behavior\ShowPageTraceBehavior [ RunTime:0.000000s ]
INFO: [ app_end ] --END-- [ RunTime:0.000000s ]

